INFO - 2022-06-04 05:03:39 --> Controller "CodeIgniter\CLI\CommandRunner" loaded.
INFO - 2022-06-04 05:03:45 --> Controller "App\Controllers\base\Beranda" loaded.
INFO - 2022-06-04 05:03:51 --> Session: Class initialized using 'CodeIgniter\Session\Handlers\FileHandler' driver.
INFO - 2022-06-04 05:03:51 --> Controller "App\Controllers\admin\Admin" loaded.
INFO - 2022-06-04 05:03:52 --> Session: Class initialized using 'CodeIgniter\Session\Handlers\FileHandler' driver.
INFO - 2022-06-04 05:03:52 --> Controller "App\Controllers\admin\Admin" loaded.
INFO - 2022-06-04 05:04:06 --> Controller "App\Controllers\base\Beranda" loaded.
INFO - 2022-06-04 05:04:12 --> Session: Class initialized using 'CodeIgniter\Session\Handlers\FileHandler' driver.
INFO - 2022-06-04 05:04:13 --> Controller "App\Controllers\base\Dashboard" loaded.
INFO - 2022-06-04 05:04:29 --> Session: Class initialized using 'CodeIgniter\Session\Handlers\FileHandler' driver.
INFO - 2022-06-04 05:04:29 --> Controller "App\Controllers\base\Dashboard" loaded.
INFO - 2022-06-04 05:04:29 --> Session: Class initialized using 'CodeIgniter\Session\Handlers\FileHandler' driver.
INFO - 2022-06-04 05:04:29 --> Controller "App\Controllers\base\Dashboard" loaded.
INFO - 2022-06-04 05:05:40 --> Session: Class initialized using 'CodeIgniter\Session\Handlers\FileHandler' driver.
INFO - 2022-06-04 05:05:40 --> Controller "App\Controllers\base\Dashboard" loaded.
INFO - 2022-06-04 05:05:40 --> Session: Class initialized using 'CodeIgniter\Session\Handlers\FileHandler' driver.
INFO - 2022-06-04 05:05:40 --> Controller "App\Controllers\base\Dashboard" loaded.
INFO - 2022-06-04 05:05:49 --> Session: Class initialized using 'CodeIgniter\Session\Handlers\FileHandler' driver.
INFO - 2022-06-04 05:05:49 --> Controller "App\Controllers\base\Dashboard" loaded.
INFO - 2022-06-04 05:05:49 --> Session: Class initialized using 'CodeIgniter\Session\Handlers\FileHandler' driver.
INFO - 2022-06-04 05:05:49 --> Controller "App\Controllers\base\Dashboard" loaded.
INFO - 2022-06-04 05:06:10 --> Session: Class initialized using 'CodeIgniter\Session\Handlers\FileHandler' driver.
INFO - 2022-06-04 05:06:10 --> Controller "App\Controllers\base\Dashboard" loaded.
INFO - 2022-06-04 05:06:37 --> Controller "App\Controllers\base\Beranda" loaded.
INFO - 2022-06-04 05:06:44 --> Session: Class initialized using 'CodeIgniter\Session\Handlers\FileHandler' driver.
INFO - 2022-06-04 05:06:44 --> Controller "App\Controllers\base\Dashboard" loaded.
INFO - 2022-06-04 05:06:48 --> Session: Class initialized using 'CodeIgniter\Session\Handlers\FileHandler' driver.
INFO - 2022-06-04 05:06:48 --> Controller "App\Controllers\base\Dashboard" loaded.
INFO - 2022-06-04 05:06:48 --> Session: Class initialized using 'CodeIgniter\Session\Handlers\FileHandler' driver.
INFO - 2022-06-04 05:06:48 --> Controller "App\Controllers\base\Dashboard" loaded.
INFO - 2022-06-04 05:07:30 --> Controller "CodeIgniter\CLI\CommandRunner" loaded.
INFO - 2022-06-04 05:07:55 --> Controller "CodeIgniter\CLI\CommandRunner" loaded.
INFO - 2022-06-04 05:07:56 --> Controller "App\Controllers\base\Beranda" loaded.
INFO - 2022-06-04 05:08:12 --> Controller "App\Controllers\base\Beranda" loaded.
INFO - 2022-06-04 05:08:21 --> Controller "App\Controllers\base\Beranda" loaded.
INFO - 2022-06-04 05:08:23 --> Session: Class initialized using 'CodeIgniter\Session\Handlers\FileHandler' driver.
INFO - 2022-06-04 05:08:23 --> Controller "App\Controllers\base\Order" loaded.
INFO - 2022-06-04 05:08:34 --> Session: Class initialized using 'CodeIgniter\Session\Handlers\FileHandler' driver.
INFO - 2022-06-04 05:08:34 --> Controller "App\Controllers\admin\Admin" loaded.
INFO - 2022-06-04 05:08:34 --> Session: Class initialized using 'CodeIgniter\Session\Handlers\FileHandler' driver.
INFO - 2022-06-04 05:08:34 --> Controller "App\Controllers\admin\Admin" loaded.
INFO - 2022-06-04 05:08:35 --> Session: Class initialized using 'CodeIgniter\Session\Handlers\FileHandler' driver.
INFO - 2022-06-04 05:08:35 --> Controller "App\Controllers\admin\Admin" loaded.
INFO - 2022-06-04 05:08:37 --> Controller "App\Controllers\base\Beranda" loaded.
INFO - 2022-06-04 05:08:43 --> Session: Class initialized using 'CodeIgniter\Session\Handlers\FileHandler' driver.
INFO - 2022-06-04 05:08:43 --> Controller "App\Controllers\base\Order" loaded.
INFO - 2022-06-04 05:10:25 --> Session: Class initialized using 'CodeIgniter\Session\Handlers\FileHandler' driver.
INFO - 2022-06-04 05:10:25 --> Controller "App\Controllers\base\Order" loaded.
INFO - 2022-06-04 05:11:30 --> Session: Class initialized using 'CodeIgniter\Session\Handlers\FileHandler' driver.
INFO - 2022-06-04 05:11:30 --> Controller "App\Controllers\base\Order" loaded.
INFO - 2022-06-04 05:12:00 --> Controller "App\Controllers\base\Beranda" loaded.
INFO - 2022-06-04 05:12:31 --> Controller "App\Controllers\base\Beranda" loaded.
INFO - 2022-06-04 05:13:17 --> Controller "App\Controllers\base\Beranda" loaded.
INFO - 2022-06-04 05:13:26 --> Controller "App\Controllers\base\Beranda" loaded.
INFO - 2022-06-04 05:13:27 --> Controller "App\Controllers\base\Beranda" loaded.
INFO - 2022-06-04 05:13:27 --> Controller "App\Controllers\base\Beranda" loaded.
INFO - 2022-06-04 05:13:27 --> Controller "App\Controllers\base\Beranda" loaded.
INFO - 2022-06-04 05:13:27 --> Controller "App\Controllers\base\Beranda" loaded.
INFO - 2022-06-04 05:14:48 --> Controller "App\Controllers\base\Beranda" loaded.
INFO - 2022-06-04 05:14:49 --> Controller "App\Controllers\base\Beranda" loaded.
INFO - 2022-06-04 05:14:52 --> Controller "App\Controllers\base\Beranda" loaded.
INFO - 2022-06-04 05:14:55 --> Controller "App\Controllers\base\Beranda" loaded.
INFO - 2022-06-04 05:15:08 --> Controller "CodeIgniter\CLI\CommandRunner" loaded.
INFO - 2022-06-04 05:15:19 --> Controller "CodeIgniter\CLI\CommandRunner" loaded.
INFO - 2022-06-04 05:15:23 --> Controller "App\Controllers\base\Beranda" loaded.
INFO - 2022-06-04 05:15:25 --> Session: Class initialized using 'CodeIgniter\Session\Handlers\FileHandler' driver.
INFO - 2022-06-04 05:15:25 --> Controller "App\Controllers\base\Dashboard" loaded.
INFO - 2022-06-04 05:17:57 --> Controller "CodeIgniter\CLI\CommandRunner" loaded.
INFO - 2022-06-04 05:18:01 --> Session: Class initialized using 'CodeIgniter\Session\Handlers\FileHandler' driver.
INFO - 2022-06-04 05:18:01 --> Controller "App\Controllers\undangan\Undangan" loaded.
INFO - 2022-06-04 05:18:07 --> Session: Class initialized using 'CodeIgniter\Session\Handlers\FileHandler' driver.
INFO - 2022-06-04 05:18:07 --> Controller "App\Controllers\undangan\Undangan" loaded.
INFO - 2022-06-04 05:18:07 --> Session: Class initialized using 'CodeIgniter\Session\Handlers\FileHandler' driver.
INFO - 2022-06-04 05:18:07 --> Controller "App\Controllers\undangan\Undangan" loaded.
INFO - 2022-06-04 05:19:09 --> Session: Class initialized using 'CodeIgniter\Session\Handlers\FileHandler' driver.
INFO - 2022-06-04 05:19:09 --> Controller "App\Controllers\undangan\Undangan" loaded.
INFO - 2022-06-04 05:19:10 --> Session: Class initialized using 'CodeIgniter\Session\Handlers\FileHandler' driver.
INFO - 2022-06-04 05:19:10 --> Controller "App\Controllers\undangan\Undangan" loaded.
INFO - 2022-06-04 05:19:12 --> Session: Class initialized using 'CodeIgniter\Session\Handlers\FileHandler' driver.
INFO - 2022-06-04 05:19:12 --> Controller "App\Controllers\undangan\Undangan" loaded.
INFO - 2022-06-04 05:19:13 --> Session: Class initialized using 'CodeIgniter\Session\Handlers\FileHandler' driver.
INFO - 2022-06-04 05:19:13 --> Controller "App\Controllers\undangan\Undangan" loaded.
INFO - 2022-06-04 05:19:17 --> Session: Class initialized using 'CodeIgniter\Session\Handlers\FileHandler' driver.
INFO - 2022-06-04 05:19:17 --> Controller "App\Controllers\undangan\Undangan" loaded.
INFO - 2022-06-04 05:19:17 --> Session: Class initialized using 'CodeIgniter\Session\Handlers\FileHandler' driver.
INFO - 2022-06-04 05:19:17 --> Controller "App\Controllers\undangan\Undangan" loaded.
INFO - 2022-06-04 05:19:24 --> Session: Class initialized using 'CodeIgniter\Session\Handlers\FileHandler' driver.
INFO - 2022-06-04 05:19:24 --> Controller "App\Controllers\undangan\Undangan" loaded.
INFO - 2022-06-04 05:19:24 --> Session: Class initialized using 'CodeIgniter\Session\Handlers\FileHandler' driver.
INFO - 2022-06-04 05:19:24 --> Controller "App\Controllers\undangan\Undangan" loaded.
INFO - 2022-06-04 05:19:59 --> Controller "App\Controllers\base\Beranda" loaded.
INFO - 2022-06-04 05:20:05 --> Controller "App\Controllers\base\Beranda" loaded.
INFO - 2022-06-04 05:20:22 --> Controller "App\Controllers\base\Beranda" loaded.
INFO - 2022-06-04 05:20:37 --> Session: Class initialized using 'CodeIgniter\Session\Handlers\FileHandler' driver.
INFO - 2022-06-04 05:20:37 --> Controller "App\Controllers\admin\Admin" loaded.
INFO - 2022-06-04 05:20:37 --> Controller "App\Controllers\base\Beranda" loaded.
INFO - 2022-06-04 05:20:39 --> Session: Class initialized using 'CodeIgniter\Session\Handlers\FileHandler' driver.
INFO - 2022-06-04 05:20:39 --> Controller "App\Controllers\admin\Admin" loaded.
INFO - 2022-06-04 05:20:39 --> Controller "App\Controllers\base\Beranda" loaded.
INFO - 2022-06-04 05:20:49 --> Session: Class initialized using 'CodeIgniter\Session\Handlers\FileHandler' driver.
INFO - 2022-06-04 05:20:49 --> Controller "App\Controllers\admin\Admin" loaded.
INFO - 2022-06-04 05:20:49 --> Controller "App\Controllers\base\Beranda" loaded.
INFO - 2022-06-04 05:21:03 --> Session: Class initialized using 'CodeIgniter\Session\Handlers\FileHandler' driver.
INFO - 2022-06-04 05:21:03 --> Controller "App\Controllers\admin\Admin" loaded.
INFO - 2022-06-04 05:21:09 --> Session: Class initialized using 'CodeIgniter\Session\Handlers\FileHandler' driver.
INFO - 2022-06-04 05:21:09 --> Controller "App\Controllers\base\Dashboard" loaded.
INFO - 2022-06-04 05:21:10 --> Session: Class initialized using 'CodeIgniter\Session\Handlers\FileHandler' driver.
INFO - 2022-06-04 05:21:10 --> Controller "App\Controllers\base\Dashboard" loaded.
INFO - 2022-06-04 05:21:15 --> Session: Class initialized using 'CodeIgniter\Session\Handlers\FileHandler' driver.
INFO - 2022-06-04 05:21:15 --> Controller "App\Controllers\admin\Admin" loaded.
INFO - 2022-06-04 05:21:21 --> Session: Class initialized using 'CodeIgniter\Session\Handlers\FileHandler' driver.
INFO - 2022-06-04 05:21:21 --> Controller "App\Controllers\base\Dashboard" loaded.
INFO - 2022-06-04 05:21:21 --> Session: Class initialized using 'CodeIgniter\Session\Handlers\FileHandler' driver.
INFO - 2022-06-04 05:21:21 --> Controller "App\Controllers\base\Dashboard" loaded.
INFO - 2022-06-04 05:22:52 --> Session: Class initialized using 'CodeIgniter\Session\Handlers\FileHandler' driver.
INFO - 2022-06-04 05:22:52 --> Controller "App\Controllers\admin\Admin" loaded.
INFO - 2022-06-04 05:22:57 --> Session: Class initialized using 'CodeIgniter\Session\Handlers\FileHandler' driver.
INFO - 2022-06-04 05:22:57 --> Controller "App\Controllers\admin\Admin" loaded.
INFO - 2022-06-04 05:22:58 --> Session: Class initialized using 'CodeIgniter\Session\Handlers\FileHandler' driver.
INFO - 2022-06-04 05:22:58 --> Controller "App\Controllers\base\Beranda" loaded.
INFO - 2022-06-04 05:23:48 --> Session: Class initialized using 'CodeIgniter\Session\Handlers\FileHandler' driver.
INFO - 2022-06-04 05:23:48 --> Controller "App\Controllers\undangan\Undangan" loaded.
INFO - 2022-06-04 05:23:48 --> Controller "App\Controllers\base\Beranda" loaded.
INFO - 2022-06-04 05:24:05 --> Controller "App\Controllers\base\Beranda" loaded.
INFO - 2022-06-04 05:24:56 --> Session: Class initialized using 'CodeIgniter\Session\Handlers\FileHandler' driver.
INFO - 2022-06-04 05:24:56 --> Controller "App\Controllers\undangan\Undangan" loaded.
INFO - 2022-06-04 05:24:56 --> Controller "App\Controllers\base\Beranda" loaded.
INFO - 2022-06-04 05:24:58 --> Session: Class initialized using 'CodeIgniter\Session\Handlers\FileHandler' driver.
INFO - 2022-06-04 05:24:58 --> Controller "App\Controllers\undangan\Undangan" loaded.
INFO - 2022-06-04 05:24:58 --> Controller "App\Controllers\base\Beranda" loaded.
INFO - 2022-06-04 05:25:17 --> Session: Class initialized using 'CodeIgniter\Session\Handlers\FileHandler' driver.
INFO - 2022-06-04 05:25:17 --> Controller "App\Controllers\undangan\Undangan" loaded.
INFO - 2022-06-04 05:25:17 --> Controller "App\Controllers\base\Beranda" loaded.
INFO - 2022-06-04 05:25:17 --> Controller "App\Controllers\base\Beranda" loaded.
INFO - 2022-06-04 05:25:17 --> Controller "App\Controllers\base\Beranda" loaded.
INFO - 2022-06-04 05:26:11 --> Session: Class initialized using 'CodeIgniter\Session\Handlers\FileHandler' driver.
INFO - 2022-06-04 05:26:11 --> Controller "App\Controllers\undangan\Undangan" loaded.
INFO - 2022-06-04 05:26:12 --> Session: Class initialized using 'CodeIgniter\Session\Handlers\FileHandler' driver.
INFO - 2022-06-04 05:26:12 --> Controller "App\Controllers\undangan\Undangan" loaded.
INFO - 2022-06-04 05:26:12 --> Session: Class initialized using 'CodeIgniter\Session\Handlers\FileHandler' driver.
INFO - 2022-06-04 05:26:12 --> Controller "App\Controllers\undangan\Undangan" loaded.
INFO - 2022-06-04 05:26:13 --> Session: Class initialized using 'CodeIgniter\Session\Handlers\FileHandler' driver.
INFO - 2022-06-04 05:26:13 --> Controller "App\Controllers\undangan\Undangan" loaded.
INFO - 2022-06-04 05:26:17 --> Session: Class initialized using 'CodeIgniter\Session\Handlers\FileHandler' driver.
INFO - 2022-06-04 05:26:17 --> Controller "App\Controllers\undangan\Undangan" loaded.
INFO - 2022-06-04 05:26:17 --> Session: Class initialized using 'CodeIgniter\Session\Handlers\FileHandler' driver.
INFO - 2022-06-04 05:26:17 --> Controller "App\Controllers\undangan\Undangan" loaded.
INFO - 2022-06-04 05:26:17 --> Session: Class initialized using 'CodeIgniter\Session\Handlers\FileHandler' driver.
INFO - 2022-06-04 05:26:17 --> Controller "App\Controllers\undangan\Undangan" loaded.
INFO - 2022-06-04 05:26:17 --> Session: Class initialized using 'CodeIgniter\Session\Handlers\FileHandler' driver.
INFO - 2022-06-04 05:26:17 --> Controller "App\Controllers\undangan\Undangan" loaded.
INFO - 2022-06-04 05:26:50 --> Session: Class initialized using 'CodeIgniter\Session\Handlers\FileHandler' driver.
INFO - 2022-06-04 05:26:50 --> Controller "App\Controllers\undangan\Undangan" loaded.
INFO - 2022-06-04 05:26:50 --> Session: Class initialized using 'CodeIgniter\Session\Handlers\FileHandler' driver.
INFO - 2022-06-04 05:26:50 --> Controller "App\Controllers\undangan\Undangan" loaded.
INFO - 2022-06-04 05:27:57 --> Controller "App\Controllers\base\Beranda" loaded.
INFO - 2022-06-04 05:28:04 --> Session: Class initialized using 'CodeIgniter\Session\Handlers\FileHandler' driver.
INFO - 2022-06-04 05:28:04 --> Controller "App\Controllers\undangan\Undangan" loaded.
INFO - 2022-06-04 05:28:04 --> Controller "App\Controllers\base\Beranda" loaded.
INFO - 2022-06-04 05:29:03 --> Controller "App\Controllers\base\Beranda" loaded.
INFO - 2022-06-04 05:29:09 --> Session: Class initialized using 'CodeIgniter\Session\Handlers\FileHandler' driver.
INFO - 2022-06-04 05:29:09 --> Controller "App\Controllers\base\Order" loaded.
