INFO - 2022-07-03 21:22:25 --> Controller "CodeIgniter\CLI\CommandRunner" loaded.
INFO - 2022-07-03 21:22:33 --> Controller "App\Controllers\base\Beranda" loaded.
INFO - 2022-07-03 21:22:42 --> Controller "App\Controllers\base\Beranda" loaded.
CRITICAL - 2022-07-03 21:22:42 --> Invalid file: undangan/themes/springwedding.php
#0 C:\laragon\www\momenbahagia.co\system\View\View.php(224): CodeIgniter\Exceptions\FrameworkException::forInvalidFile('undangan/themes...')
#1 C:\laragon\www\momenbahagia.co\system\Common.php(1071): CodeIgniter\View\View->render('undangan/themes...', Array, true)
#2 C:\laragon\www\momenbahagia.co\app\Controllers\base\Beranda.php(62): view('undangan/themes...', Array)
#3 C:\laragon\www\momenbahagia.co\system\CodeIgniter.php(910): App\Controllers\base\Beranda->demo()
#4 C:\laragon\www\momenbahagia.co\system\CodeIgniter.php(398): CodeIgniter\CodeIgniter->runController(Object(App\Controllers\base\Beranda))
#5 C:\laragon\www\momenbahagia.co\system\CodeIgniter.php(306): CodeIgniter\CodeIgniter->handleRequest(NULL, Object(Config\Cache), false)
#6 C:\laragon\www\momenbahagia.co\public\index.php(45): CodeIgniter\CodeIgniter->run()
#7 C:\laragon\www\momenbahagia.co\system\Commands\Server\rewrite.php(34): require_once('C:\\laragon\\www\\...')
#8 {main}
INFO - 2022-07-03 21:22:43 --> Controller "App\Controllers\base\Beranda" loaded.
INFO - 2022-07-03 21:22:54 --> Controller "App\Controllers\base\Beranda" loaded.
INFO - 2022-07-03 21:22:55 --> Controller "App\Controllers\base\Beranda" loaded.
INFO - 2022-07-03 21:23:00 --> Controller "App\Controllers\base\Beranda" loaded.
INFO - 2022-07-03 21:23:01 --> Controller "App\Controllers\base\Beranda" loaded.
INFO - 2022-07-03 21:23:02 --> Controller "App\Controllers\base\Beranda" loaded.
INFO - 2022-07-03 21:23:02 --> Controller "App\Controllers\base\Beranda" loaded.
INFO - 2022-07-03 21:24:09 --> Controller "App\Controllers\base\Beranda" loaded.
INFO - 2022-07-03 21:24:09 --> Controller "App\Controllers\base\Beranda" loaded.
INFO - 2022-07-03 21:24:09 --> Controller "App\Controllers\base\Beranda" loaded.
INFO - 2022-07-03 21:24:10 --> Controller "App\Controllers\base\Beranda" loaded.
INFO - 2022-07-03 21:24:10 --> Controller "App\Controllers\base\Beranda" loaded.
INFO - 2022-07-03 21:24:10 --> Controller "App\Controllers\base\Beranda" loaded.
INFO - 2022-07-03 21:24:10 --> Controller "App\Controllers\base\Beranda" loaded.
INFO - 2022-07-03 21:24:10 --> Controller "App\Controllers\base\Beranda" loaded.
INFO - 2022-07-03 21:24:10 --> Controller "App\Controllers\base\Beranda" loaded.
INFO - 2022-07-03 21:24:10 --> Controller "App\Controllers\base\Beranda" loaded.
INFO - 2022-07-03 21:24:10 --> Controller "App\Controllers\base\Beranda" loaded.
INFO - 2022-07-03 21:24:10 --> Controller "App\Controllers\base\Beranda" loaded.
INFO - 2022-07-03 21:24:10 --> Controller "App\Controllers\base\Beranda" loaded.
INFO - 2022-07-03 21:24:10 --> Controller "App\Controllers\base\Beranda" loaded.
INFO - 2022-07-03 21:24:10 --> Controller "App\Controllers\base\Beranda" loaded.
INFO - 2022-07-03 21:24:10 --> Controller "App\Controllers\base\Beranda" loaded.
INFO - 2022-07-03 21:24:10 --> Controller "App\Controllers\base\Beranda" loaded.
INFO - 2022-07-03 21:24:10 --> Controller "App\Controllers\base\Beranda" loaded.
INFO - 2022-07-03 21:24:11 --> Controller "App\Controllers\base\Beranda" loaded.
INFO - 2022-07-03 21:24:11 --> Controller "App\Controllers\base\Beranda" loaded.
INFO - 2022-07-03 21:24:11 --> Controller "App\Controllers\base\Beranda" loaded.
INFO - 2022-07-03 21:24:11 --> Controller "App\Controllers\base\Beranda" loaded.
INFO - 2022-07-03 21:24:11 --> Controller "App\Controllers\base\Beranda" loaded.
INFO - 2022-07-03 21:24:11 --> Controller "App\Controllers\base\Beranda" loaded.
INFO - 2022-07-03 21:24:11 --> Controller "App\Controllers\base\Beranda" loaded.
INFO - 2022-07-03 21:24:11 --> Controller "App\Controllers\base\Beranda" loaded.
INFO - 2022-07-03 21:24:11 --> Controller "App\Controllers\base\Beranda" loaded.
INFO - 2022-07-03 21:24:11 --> Controller "App\Controllers\base\Beranda" loaded.
INFO - 2022-07-03 21:24:11 --> Controller "App\Controllers\base\Beranda" loaded.
INFO - 2022-07-03 21:24:11 --> Controller "App\Controllers\base\Beranda" loaded.
INFO - 2022-07-03 21:24:12 --> Controller "App\Controllers\base\Beranda" loaded.
INFO - 2022-07-03 21:24:12 --> Controller "App\Controllers\base\Beranda" loaded.
INFO - 2022-07-03 21:24:12 --> Controller "App\Controllers\base\Beranda" loaded.
INFO - 2022-07-03 21:24:12 --> Controller "App\Controllers\base\Beranda" loaded.
INFO - 2022-07-03 21:24:12 --> Controller "App\Controllers\base\Beranda" loaded.
INFO - 2022-07-03 21:24:12 --> Controller "App\Controllers\base\Beranda" loaded.
INFO - 2022-07-03 21:24:12 --> Controller "App\Controllers\base\Beranda" loaded.
INFO - 2022-07-03 21:24:12 --> Controller "App\Controllers\base\Beranda" loaded.
INFO - 2022-07-03 21:24:13 --> Controller "App\Controllers\base\Beranda" loaded.
INFO - 2022-07-03 21:24:13 --> Controller "App\Controllers\base\Beranda" loaded.
INFO - 2022-07-03 21:24:13 --> Controller "App\Controllers\base\Beranda" loaded.
INFO - 2022-07-03 21:24:13 --> Controller "App\Controllers\base\Beranda" loaded.
INFO - 2022-07-03 21:24:13 --> Controller "App\Controllers\base\Beranda" loaded.
INFO - 2022-07-03 21:24:13 --> Controller "App\Controllers\base\Beranda" loaded.
INFO - 2022-07-03 21:24:13 --> Controller "App\Controllers\base\Beranda" loaded.
INFO - 2022-07-03 21:24:13 --> Controller "App\Controllers\base\Beranda" loaded.
INFO - 2022-07-03 21:24:13 --> Controller "App\Controllers\base\Beranda" loaded.
INFO - 2022-07-03 21:24:14 --> Controller "App\Controllers\base\Beranda" loaded.
INFO - 2022-07-03 21:24:14 --> Controller "App\Controllers\base\Beranda" loaded.
INFO - 2022-07-03 21:24:14 --> Controller "App\Controllers\base\Beranda" loaded.
INFO - 2022-07-03 21:24:14 --> Controller "App\Controllers\base\Beranda" loaded.
INFO - 2022-07-03 21:24:14 --> Controller "App\Controllers\base\Beranda" loaded.
INFO - 2022-07-03 21:24:14 --> Controller "App\Controllers\base\Beranda" loaded.
INFO - 2022-07-03 21:24:14 --> Controller "App\Controllers\base\Beranda" loaded.
INFO - 2022-07-03 21:24:14 --> Controller "App\Controllers\base\Beranda" loaded.
INFO - 2022-07-03 21:24:14 --> Controller "App\Controllers\base\Beranda" loaded.
INFO - 2022-07-03 21:24:14 --> Controller "App\Controllers\base\Beranda" loaded.
INFO - 2022-07-03 21:24:14 --> Controller "App\Controllers\base\Beranda" loaded.
INFO - 2022-07-03 21:24:15 --> Controller "App\Controllers\base\Beranda" loaded.
INFO - 2022-07-03 21:24:15 --> Controller "App\Controllers\base\Beranda" loaded.
INFO - 2022-07-03 21:24:15 --> Controller "App\Controllers\base\Beranda" loaded.
INFO - 2022-07-03 21:24:15 --> Controller "App\Controllers\base\Beranda" loaded.
INFO - 2022-07-03 21:24:15 --> Controller "App\Controllers\base\Beranda" loaded.
INFO - 2022-07-03 21:24:15 --> Controller "App\Controllers\base\Beranda" loaded.
INFO - 2022-07-03 21:24:15 --> Controller "App\Controllers\base\Beranda" loaded.
INFO - 2022-07-03 21:24:18 --> Controller "App\Controllers\base\Beranda" loaded.
INFO - 2022-07-03 21:25:14 --> Controller "App\Controllers\base\Beranda" loaded.
INFO - 2022-07-03 21:25:14 --> Controller "App\Controllers\base\Beranda" loaded.
INFO - 2022-07-03 21:25:14 --> Controller "App\Controllers\base\Beranda" loaded.
INFO - 2022-07-03 21:25:14 --> Controller "App\Controllers\base\Beranda" loaded.
INFO - 2022-07-03 21:25:15 --> Controller "App\Controllers\base\Beranda" loaded.
INFO - 2022-07-03 21:25:15 --> Controller "App\Controllers\base\Beranda" loaded.
INFO - 2022-07-03 21:25:15 --> Controller "App\Controllers\base\Beranda" loaded.
INFO - 2022-07-03 21:25:15 --> Controller "App\Controllers\base\Beranda" loaded.
INFO - 2022-07-03 21:25:15 --> Controller "App\Controllers\base\Beranda" loaded.
INFO - 2022-07-03 21:25:15 --> Controller "App\Controllers\base\Beranda" loaded.
INFO - 2022-07-03 21:25:15 --> Controller "App\Controllers\base\Beranda" loaded.
INFO - 2022-07-03 21:25:15 --> Controller "App\Controllers\base\Beranda" loaded.
INFO - 2022-07-03 21:25:15 --> Controller "App\Controllers\base\Beranda" loaded.
INFO - 2022-07-03 21:25:15 --> Controller "App\Controllers\base\Beranda" loaded.
INFO - 2022-07-03 21:25:15 --> Controller "App\Controllers\base\Beranda" loaded.
INFO - 2022-07-03 21:25:15 --> Controller "App\Controllers\base\Beranda" loaded.
INFO - 2022-07-03 21:25:15 --> Controller "App\Controllers\base\Beranda" loaded.
INFO - 2022-07-03 21:25:15 --> Controller "App\Controllers\base\Beranda" loaded.
INFO - 2022-07-03 21:25:15 --> Controller "App\Controllers\base\Beranda" loaded.
INFO - 2022-07-03 21:25:16 --> Controller "App\Controllers\base\Beranda" loaded.
INFO - 2022-07-03 21:25:16 --> Controller "App\Controllers\base\Beranda" loaded.
INFO - 2022-07-03 21:25:16 --> Controller "App\Controllers\base\Beranda" loaded.
INFO - 2022-07-03 21:25:16 --> Controller "App\Controllers\base\Beranda" loaded.
INFO - 2022-07-03 21:25:16 --> Controller "App\Controllers\base\Beranda" loaded.
INFO - 2022-07-03 21:25:16 --> Controller "App\Controllers\base\Beranda" loaded.
INFO - 2022-07-03 21:25:16 --> Controller "App\Controllers\base\Beranda" loaded.
INFO - 2022-07-03 21:25:16 --> Controller "App\Controllers\base\Beranda" loaded.
INFO - 2022-07-03 21:25:16 --> Controller "App\Controllers\base\Beranda" loaded.
INFO - 2022-07-03 21:25:16 --> Controller "App\Controllers\base\Beranda" loaded.
INFO - 2022-07-03 21:25:16 --> Controller "App\Controllers\base\Beranda" loaded.
INFO - 2022-07-03 21:25:16 --> Controller "App\Controllers\base\Beranda" loaded.
INFO - 2022-07-03 21:25:16 --> Controller "App\Controllers\base\Beranda" loaded.
INFO - 2022-07-03 21:25:16 --> Controller "App\Controllers\base\Beranda" loaded.
INFO - 2022-07-03 21:25:16 --> Controller "App\Controllers\base\Beranda" loaded.
INFO - 2022-07-03 21:25:17 --> Controller "App\Controllers\base\Beranda" loaded.
INFO - 2022-07-03 21:25:17 --> Controller "App\Controllers\base\Beranda" loaded.
INFO - 2022-07-03 21:25:21 --> Controller "App\Controllers\base\Beranda" loaded.
INFO - 2022-07-03 21:25:21 --> Controller "App\Controllers\base\Beranda" loaded.
INFO - 2022-07-03 21:25:21 --> Controller "App\Controllers\base\Beranda" loaded.
INFO - 2022-07-03 21:25:21 --> Controller "App\Controllers\base\Beranda" loaded.
INFO - 2022-07-03 21:25:22 --> Controller "App\Controllers\base\Beranda" loaded.
INFO - 2022-07-03 21:25:22 --> Controller "App\Controllers\base\Beranda" loaded.
INFO - 2022-07-03 21:25:22 --> Controller "App\Controllers\base\Beranda" loaded.
INFO - 2022-07-03 21:25:22 --> Controller "App\Controllers\base\Beranda" loaded.
INFO - 2022-07-03 21:25:22 --> Controller "App\Controllers\base\Beranda" loaded.
INFO - 2022-07-03 21:25:28 --> Controller "App\Controllers\base\Beranda" loaded.
INFO - 2022-07-03 21:25:33 --> Controller "App\Controllers\base\Beranda" loaded.
INFO - 2022-07-03 21:25:33 --> Controller "App\Controllers\base\Beranda" loaded.
INFO - 2022-07-03 21:25:33 --> Controller "App\Controllers\base\Beranda" loaded.
INFO - 2022-07-03 21:25:33 --> Controller "App\Controllers\base\Beranda" loaded.
INFO - 2022-07-03 21:25:33 --> Controller "App\Controllers\base\Beranda" loaded.
INFO - 2022-07-03 21:25:33 --> Controller "App\Controllers\base\Beranda" loaded.
INFO - 2022-07-03 21:25:33 --> Controller "App\Controllers\base\Beranda" loaded.
INFO - 2022-07-03 21:28:17 --> Controller "App\Controllers\base\Beranda" loaded.
INFO - 2022-07-03 21:28:18 --> Controller "App\Controllers\base\Beranda" loaded.
INFO - 2022-07-03 21:28:18 --> Controller "App\Controllers\base\Beranda" loaded.
INFO - 2022-07-03 21:28:18 --> Controller "App\Controllers\base\Beranda" loaded.
INFO - 2022-07-03 21:28:18 --> Controller "App\Controllers\base\Beranda" loaded.
INFO - 2022-07-03 21:28:18 --> Controller "App\Controllers\base\Beranda" loaded.
INFO - 2022-07-03 21:28:18 --> Controller "App\Controllers\base\Beranda" loaded.
INFO - 2022-07-03 21:28:18 --> Controller "App\Controllers\base\Beranda" loaded.
INFO - 2022-07-03 21:28:18 --> Controller "App\Controllers\base\Beranda" loaded.
INFO - 2022-07-03 21:28:18 --> Controller "App\Controllers\base\Beranda" loaded.
INFO - 2022-07-03 21:28:18 --> Controller "App\Controllers\base\Beranda" loaded.
INFO - 2022-07-03 21:30:39 --> Controller "App\Controllers\base\Beranda" loaded.
INFO - 2022-07-03 21:30:40 --> Controller "App\Controllers\base\Beranda" loaded.
INFO - 2022-07-03 21:30:40 --> Controller "App\Controllers\base\Beranda" loaded.
INFO - 2022-07-03 21:30:40 --> Controller "App\Controllers\base\Beranda" loaded.
INFO - 2022-07-03 21:30:40 --> Controller "App\Controllers\base\Beranda" loaded.
INFO - 2022-07-03 21:30:40 --> Controller "App\Controllers\base\Beranda" loaded.
INFO - 2022-07-03 21:30:40 --> Controller "App\Controllers\base\Beranda" loaded.
INFO - 2022-07-03 21:30:40 --> Controller "App\Controllers\base\Beranda" loaded.
INFO - 2022-07-03 21:30:40 --> Controller "App\Controllers\base\Beranda" loaded.
INFO - 2022-07-03 21:30:40 --> Controller "App\Controllers\base\Beranda" loaded.
INFO - 2022-07-03 21:30:40 --> Controller "App\Controllers\base\Beranda" loaded.
INFO - 2022-07-03 21:30:41 --> Controller "App\Controllers\base\Beranda" loaded.
INFO - 2022-07-03 21:30:41 --> Controller "App\Controllers\base\Beranda" loaded.
INFO - 2022-07-03 21:30:41 --> Controller "App\Controllers\base\Beranda" loaded.
INFO - 2022-07-03 21:30:41 --> Controller "App\Controllers\base\Beranda" loaded.
INFO - 2022-07-03 21:30:41 --> Controller "App\Controllers\base\Beranda" loaded.
INFO - 2022-07-03 21:30:41 --> Controller "App\Controllers\base\Beranda" loaded.
INFO - 2022-07-03 21:30:41 --> Controller "App\Controllers\base\Beranda" loaded.
INFO - 2022-07-03 21:30:41 --> Controller "App\Controllers\base\Beranda" loaded.
INFO - 2022-07-03 21:30:41 --> Controller "App\Controllers\base\Beranda" loaded.
INFO - 2022-07-03 21:30:41 --> Controller "App\Controllers\base\Beranda" loaded.
INFO - 2022-07-03 21:30:41 --> Controller "App\Controllers\base\Beranda" loaded.
INFO - 2022-07-03 21:30:41 --> Controller "App\Controllers\base\Beranda" loaded.
INFO - 2022-07-03 21:30:41 --> Controller "App\Controllers\base\Beranda" loaded.
INFO - 2022-07-03 21:30:41 --> Controller "App\Controllers\base\Beranda" loaded.
INFO - 2022-07-03 21:30:42 --> Controller "App\Controllers\base\Beranda" loaded.
INFO - 2022-07-03 21:30:42 --> Controller "App\Controllers\base\Beranda" loaded.
INFO - 2022-07-03 21:30:42 --> Controller "App\Controllers\base\Beranda" loaded.
INFO - 2022-07-03 21:30:42 --> Controller "App\Controllers\base\Beranda" loaded.
INFO - 2022-07-03 21:30:42 --> Controller "App\Controllers\base\Beranda" loaded.
INFO - 2022-07-03 21:30:42 --> Controller "App\Controllers\base\Beranda" loaded.
INFO - 2022-07-03 21:30:42 --> Controller "App\Controllers\base\Beranda" loaded.
INFO - 2022-07-03 21:30:42 --> Controller "App\Controllers\base\Beranda" loaded.
INFO - 2022-07-03 21:30:42 --> Controller "App\Controllers\base\Beranda" loaded.
INFO - 2022-07-03 21:30:42 --> Controller "App\Controllers\base\Beranda" loaded.
INFO - 2022-07-03 21:30:42 --> Controller "App\Controllers\base\Beranda" loaded.
INFO - 2022-07-03 21:30:43 --> Controller "App\Controllers\base\Beranda" loaded.
INFO - 2022-07-03 21:30:43 --> Controller "App\Controllers\base\Beranda" loaded.
INFO - 2022-07-03 21:30:43 --> Controller "App\Controllers\base\Beranda" loaded.
INFO - 2022-07-03 21:30:43 --> Controller "App\Controllers\base\Beranda" loaded.
INFO - 2022-07-03 21:30:43 --> Controller "App\Controllers\base\Beranda" loaded.
INFO - 2022-07-03 21:30:43 --> Controller "App\Controllers\base\Beranda" loaded.
INFO - 2022-07-03 21:30:43 --> Controller "App\Controllers\base\Beranda" loaded.
INFO - 2022-07-03 21:30:43 --> Controller "App\Controllers\base\Beranda" loaded.
INFO - 2022-07-03 21:30:43 --> Controller "App\Controllers\base\Beranda" loaded.
INFO - 2022-07-03 21:30:44 --> Controller "App\Controllers\base\Beranda" loaded.
INFO - 2022-07-03 21:30:44 --> Controller "App\Controllers\base\Beranda" loaded.
INFO - 2022-07-03 21:30:44 --> Controller "App\Controllers\base\Beranda" loaded.
INFO - 2022-07-03 21:30:44 --> Controller "App\Controllers\base\Beranda" loaded.
INFO - 2022-07-03 21:30:44 --> Controller "App\Controllers\base\Beranda" loaded.
INFO - 2022-07-03 21:30:44 --> Controller "App\Controllers\base\Beranda" loaded.
INFO - 2022-07-03 21:30:44 --> Controller "App\Controllers\base\Beranda" loaded.
INFO - 2022-07-03 21:30:44 --> Controller "App\Controllers\base\Beranda" loaded.
INFO - 2022-07-03 21:30:44 --> Controller "App\Controllers\base\Beranda" loaded.
INFO - 2022-07-03 21:30:44 --> Controller "App\Controllers\base\Beranda" loaded.
INFO - 2022-07-03 21:30:44 --> Controller "App\Controllers\base\Beranda" loaded.
INFO - 2022-07-03 21:30:45 --> Controller "App\Controllers\base\Beranda" loaded.
INFO - 2022-07-03 21:30:45 --> Controller "App\Controllers\base\Beranda" loaded.
INFO - 2022-07-03 21:30:45 --> Controller "App\Controllers\base\Beranda" loaded.
INFO - 2022-07-03 21:30:45 --> Controller "App\Controllers\base\Beranda" loaded.
INFO - 2022-07-03 21:30:45 --> Controller "App\Controllers\base\Beranda" loaded.
INFO - 2022-07-03 21:30:45 --> Controller "App\Controllers\base\Beranda" loaded.
INFO - 2022-07-03 21:30:45 --> Controller "App\Controllers\base\Beranda" loaded.
INFO - 2022-07-03 21:30:45 --> Controller "App\Controllers\base\Beranda" loaded.
INFO - 2022-07-03 21:30:45 --> Controller "App\Controllers\base\Beranda" loaded.
INFO - 2022-07-03 21:30:45 --> Controller "App\Controllers\base\Beranda" loaded.
INFO - 2022-07-03 21:30:45 --> Controller "App\Controllers\base\Beranda" loaded.
INFO - 2022-07-03 21:30:46 --> Controller "App\Controllers\base\Beranda" loaded.
INFO - 2022-07-03 21:30:46 --> Controller "App\Controllers\base\Beranda" loaded.
INFO - 2022-07-03 21:30:46 --> Controller "App\Controllers\base\Beranda" loaded.
INFO - 2022-07-03 21:30:46 --> Controller "App\Controllers\base\Beranda" loaded.
INFO - 2022-07-03 21:30:46 --> Controller "App\Controllers\base\Beranda" loaded.
INFO - 2022-07-03 21:30:46 --> Controller "App\Controllers\base\Beranda" loaded.
INFO - 2022-07-03 21:30:46 --> Controller "App\Controllers\base\Beranda" loaded.
INFO - 2022-07-03 21:30:46 --> Controller "App\Controllers\base\Beranda" loaded.
INFO - 2022-07-03 21:30:46 --> Controller "App\Controllers\base\Beranda" loaded.
INFO - 2022-07-03 21:30:46 --> Controller "App\Controllers\base\Beranda" loaded.
INFO - 2022-07-03 21:30:46 --> Controller "App\Controllers\base\Beranda" loaded.
INFO - 2022-07-03 21:34:22 --> Controller "App\Controllers\base\Beranda" loaded.
INFO - 2022-07-03 21:34:23 --> Controller "App\Controllers\base\Beranda" loaded.
INFO - 2022-07-03 21:34:23 --> Controller "App\Controllers\base\Beranda" loaded.
INFO - 2022-07-03 21:34:24 --> Controller "App\Controllers\base\Beranda" loaded.
INFO - 2022-07-03 21:34:24 --> Controller "App\Controllers\base\Beranda" loaded.
INFO - 2022-07-03 21:34:24 --> Controller "App\Controllers\base\Beranda" loaded.
INFO - 2022-07-03 21:34:24 --> Controller "App\Controllers\base\Beranda" loaded.
INFO - 2022-07-03 21:34:24 --> Controller "App\Controllers\base\Beranda" loaded.
INFO - 2022-07-03 21:34:24 --> Controller "App\Controllers\base\Beranda" loaded.
INFO - 2022-07-03 21:34:24 --> Controller "App\Controllers\base\Beranda" loaded.
INFO - 2022-07-03 21:34:24 --> Controller "App\Controllers\base\Beranda" loaded.
INFO - 2022-07-03 21:35:06 --> Controller "App\Controllers\base\Beranda" loaded.
INFO - 2022-07-03 21:35:06 --> Controller "App\Controllers\base\Beranda" loaded.
INFO - 2022-07-03 21:35:06 --> Controller "App\Controllers\base\Beranda" loaded.
INFO - 2022-07-03 21:35:06 --> Controller "App\Controllers\base\Beranda" loaded.
INFO - 2022-07-03 21:35:06 --> Controller "App\Controllers\base\Beranda" loaded.
INFO - 2022-07-03 21:35:06 --> Controller "App\Controllers\base\Beranda" loaded.
INFO - 2022-07-03 21:35:06 --> Controller "App\Controllers\base\Beranda" loaded.
INFO - 2022-07-03 21:35:06 --> Controller "App\Controllers\base\Beranda" loaded.
INFO - 2022-07-03 21:35:06 --> Controller "App\Controllers\base\Beranda" loaded.
INFO - 2022-07-03 21:35:06 --> Controller "App\Controllers\base\Beranda" loaded.
INFO - 2022-07-03 21:35:06 --> Controller "App\Controllers\base\Beranda" loaded.
INFO - 2022-07-03 21:35:07 --> Controller "App\Controllers\base\Beranda" loaded.
INFO - 2022-07-03 21:35:07 --> Controller "App\Controllers\base\Beranda" loaded.
INFO - 2022-07-03 21:35:07 --> Controller "App\Controllers\base\Beranda" loaded.
INFO - 2022-07-03 21:35:07 --> Controller "App\Controllers\base\Beranda" loaded.
INFO - 2022-07-03 21:35:07 --> Controller "App\Controllers\base\Beranda" loaded.
INFO - 2022-07-03 21:35:07 --> Controller "App\Controllers\base\Beranda" loaded.
INFO - 2022-07-03 21:35:07 --> Controller "App\Controllers\base\Beranda" loaded.
INFO - 2022-07-03 21:35:07 --> Controller "App\Controllers\base\Beranda" loaded.
INFO - 2022-07-03 21:35:07 --> Controller "App\Controllers\base\Beranda" loaded.
INFO - 2022-07-03 21:35:07 --> Controller "App\Controllers\base\Beranda" loaded.
INFO - 2022-07-03 21:35:07 --> Controller "App\Controllers\base\Beranda" loaded.
INFO - 2022-07-03 21:35:07 --> Controller "App\Controllers\base\Beranda" loaded.
INFO - 2022-07-03 21:35:07 --> Controller "App\Controllers\base\Beranda" loaded.
INFO - 2022-07-03 21:35:07 --> Controller "App\Controllers\base\Beranda" loaded.
INFO - 2022-07-03 21:35:08 --> Controller "App\Controllers\base\Beranda" loaded.
INFO - 2022-07-03 21:35:08 --> Controller "App\Controllers\base\Beranda" loaded.
INFO - 2022-07-03 21:35:08 --> Controller "App\Controllers\base\Beranda" loaded.
INFO - 2022-07-03 21:35:08 --> Controller "App\Controllers\base\Beranda" loaded.
INFO - 2022-07-03 21:35:08 --> Controller "App\Controllers\base\Beranda" loaded.
INFO - 2022-07-03 21:35:08 --> Controller "App\Controllers\base\Beranda" loaded.
INFO - 2022-07-03 21:35:08 --> Controller "App\Controllers\base\Beranda" loaded.
INFO - 2022-07-03 21:35:08 --> Controller "App\Controllers\base\Beranda" loaded.
INFO - 2022-07-03 21:35:08 --> Controller "App\Controllers\base\Beranda" loaded.
INFO - 2022-07-03 21:35:09 --> Controller "App\Controllers\base\Beranda" loaded.
INFO - 2022-07-03 21:35:09 --> Controller "App\Controllers\base\Beranda" loaded.
INFO - 2022-07-03 21:35:09 --> Controller "App\Controllers\base\Beranda" loaded.
INFO - 2022-07-03 21:35:10 --> Controller "App\Controllers\base\Beranda" loaded.
INFO - 2022-07-03 21:35:10 --> Controller "App\Controllers\base\Beranda" loaded.
INFO - 2022-07-03 21:35:10 --> Controller "App\Controllers\base\Beranda" loaded.
INFO - 2022-07-03 21:35:10 --> Controller "App\Controllers\base\Beranda" loaded.
INFO - 2022-07-03 21:35:10 --> Controller "App\Controllers\base\Beranda" loaded.
INFO - 2022-07-03 21:35:10 --> Controller "App\Controllers\base\Beranda" loaded.
INFO - 2022-07-03 21:35:10 --> Controller "App\Controllers\base\Beranda" loaded.
INFO - 2022-07-03 21:35:10 --> Controller "App\Controllers\base\Beranda" loaded.
