INFO - 2022-06-27 02:20:55 --> Controller "App\Controllers\base\Beranda" loaded.
INFO - 2022-06-27 22:42:56 --> Controller "CodeIgniter\CLI\CommandRunner" loaded.
INFO - 2022-06-27 22:44:07 --> Controller "App\Controllers\base\Beranda" loaded.
INFO - 2022-06-27 22:44:44 --> Controller "App\Controllers\base\Beranda" loaded.
INFO - 2022-06-27 22:44:54 --> Controller "App\Controllers\base\Beranda" loaded.
CRITICAL - 2022-06-27 22:44:54 --> Invalid file: undangan/themes/arabicwedding.php
#0 C:\xampp\htdocs\momenbahagia.co\system\View\View.php(224): CodeIgniter\Exceptions\FrameworkException::forInvalidFile('undangan/themes...')
#1 C:\xampp\htdocs\momenbahagia.co\system\Common.php(1071): CodeIgniter\View\View->render('undangan/themes...', Array, true)
#2 C:\xampp\htdocs\momenbahagia.co\app\Controllers\base\Beranda.php(61): view('undangan/themes...', Array)
#3 C:\xampp\htdocs\momenbahagia.co\system\CodeIgniter.php(910): App\Controllers\base\Beranda->demo()
#4 C:\xampp\htdocs\momenbahagia.co\system\CodeIgniter.php(398): CodeIgniter\CodeIgniter->runController(Object(App\Controllers\base\Beranda))
#5 C:\xampp\htdocs\momenbahagia.co\system\CodeIgniter.php(306): CodeIgniter\CodeIgniter->handleRequest(NULL, Object(Config\Cache), false)
#6 C:\xampp\htdocs\momenbahagia.co\public\index.php(45): CodeIgniter\CodeIgniter->run()
#7 C:\xampp\htdocs\momenbahagia.co\system\Commands\Server\rewrite.php(34): require_once('C:\\xampp\\htdocs...')
#8 {main}
INFO - 2022-06-27 22:44:54 --> Controller "App\Controllers\base\Beranda" loaded.
INFO - 2022-06-27 22:45:19 --> Controller "App\Controllers\base\Beranda" loaded.
INFO - 2022-06-27 22:45:19 --> Controller "App\Controllers\base\Beranda" loaded.
INFO - 2022-06-27 22:45:49 --> Controller "App\Controllers\base\Beranda" loaded.
INFO - 2022-06-27 22:45:50 --> Controller "App\Controllers\base\Beranda" loaded.
INFO - 2022-06-27 22:45:51 --> Controller "App\Controllers\base\Beranda" loaded.
INFO - 2022-06-27 22:45:51 --> Controller "App\Controllers\base\Beranda" loaded.
INFO - 2022-06-27 22:47:07 --> Controller "App\Controllers\base\Beranda" loaded.
CRITICAL - 2022-06-27 22:47:07 --> Invalid file: undangan/themes/arabicwedding.php
#0 C:\xampp\htdocs\momenbahagia.co\system\View\View.php(224): CodeIgniter\Exceptions\FrameworkException::forInvalidFile('undangan/themes...')
#1 C:\xampp\htdocs\momenbahagia.co\system\Common.php(1071): CodeIgniter\View\View->render('undangan/themes...', Array, true)
#2 C:\xampp\htdocs\momenbahagia.co\app\Controllers\base\Beranda.php(61): view('undangan/themes...', Array)
#3 C:\xampp\htdocs\momenbahagia.co\system\CodeIgniter.php(910): App\Controllers\base\Beranda->demo()
#4 C:\xampp\htdocs\momenbahagia.co\system\CodeIgniter.php(398): CodeIgniter\CodeIgniter->runController(Object(App\Controllers\base\Beranda))
#5 C:\xampp\htdocs\momenbahagia.co\system\CodeIgniter.php(306): CodeIgniter\CodeIgniter->handleRequest(NULL, Object(Config\Cache), false)
#6 C:\xampp\htdocs\momenbahagia.co\public\index.php(45): CodeIgniter\CodeIgniter->run()
#7 C:\xampp\htdocs\momenbahagia.co\system\Commands\Server\rewrite.php(34): require_once('C:\\xampp\\htdocs...')
#8 {main}
INFO - 2022-06-27 22:47:08 --> Controller "App\Controllers\base\Beranda" loaded.
INFO - 2022-06-27 22:48:00 --> Controller "App\Controllers\base\Beranda" loaded.
INFO - 2022-06-27 22:48:00 --> Controller "App\Controllers\base\Beranda" loaded.
INFO - 2022-06-27 22:48:00 --> Controller "App\Controllers\base\Beranda" loaded.
INFO - 2022-06-27 22:48:00 --> Controller "App\Controllers\base\Beranda" loaded.
INFO - 2022-06-27 22:48:00 --> Controller "App\Controllers\base\Beranda" loaded.
INFO - 2022-06-27 22:48:00 --> Controller "App\Controllers\base\Beranda" loaded.
INFO - 2022-06-27 22:48:00 --> Controller "App\Controllers\base\Beranda" loaded.
INFO - 2022-06-27 22:48:00 --> Controller "App\Controllers\base\Beranda" loaded.
INFO - 2022-06-27 22:48:00 --> Controller "App\Controllers\base\Beranda" loaded.
INFO - 2022-06-27 22:48:00 --> Controller "App\Controllers\base\Beranda" loaded.
INFO - 2022-06-27 22:48:00 --> Controller "App\Controllers\base\Beranda" loaded.
INFO - 2022-06-27 22:48:01 --> Controller "App\Controllers\base\Beranda" loaded.
INFO - 2022-06-27 22:48:01 --> Controller "App\Controllers\base\Beranda" loaded.
INFO - 2022-06-27 22:48:01 --> Controller "App\Controllers\base\Beranda" loaded.
INFO - 2022-06-27 22:48:01 --> Controller "App\Controllers\base\Beranda" loaded.
INFO - 2022-06-27 22:48:01 --> Controller "App\Controllers\base\Beranda" loaded.
INFO - 2022-06-27 22:48:01 --> Controller "App\Controllers\base\Beranda" loaded.
INFO - 2022-06-27 22:48:01 --> Controller "App\Controllers\base\Beranda" loaded.
INFO - 2022-06-27 22:48:01 --> Controller "App\Controllers\base\Beranda" loaded.
INFO - 2022-06-27 22:48:01 --> Controller "App\Controllers\base\Beranda" loaded.
INFO - 2022-06-27 22:48:01 --> Controller "App\Controllers\base\Beranda" loaded.
INFO - 2022-06-27 22:48:01 --> Controller "App\Controllers\base\Beranda" loaded.
INFO - 2022-06-27 22:48:01 --> Controller "App\Controllers\base\Beranda" loaded.
INFO - 2022-06-27 22:48:01 --> Controller "App\Controllers\base\Beranda" loaded.
INFO - 2022-06-27 22:48:01 --> Controller "App\Controllers\base\Beranda" loaded.
INFO - 2022-06-27 22:48:01 --> Controller "App\Controllers\base\Beranda" loaded.
INFO - 2022-06-27 22:48:01 --> Controller "App\Controllers\base\Beranda" loaded.
INFO - 2022-06-27 22:48:01 --> Controller "App\Controllers\base\Beranda" loaded.
INFO - 2022-06-27 22:48:01 --> Controller "App\Controllers\base\Beranda" loaded.
INFO - 2022-06-27 22:48:02 --> Controller "App\Controllers\base\Beranda" loaded.
INFO - 2022-06-27 22:48:02 --> Controller "App\Controllers\base\Beranda" loaded.
INFO - 2022-06-27 22:48:02 --> Controller "App\Controllers\base\Beranda" loaded.
INFO - 2022-06-27 22:48:02 --> Controller "App\Controllers\base\Beranda" loaded.
INFO - 2022-06-27 22:48:02 --> Controller "App\Controllers\base\Beranda" loaded.
INFO - 2022-06-27 22:48:02 --> Controller "App\Controllers\base\Beranda" loaded.
INFO - 2022-06-27 22:48:02 --> Controller "App\Controllers\base\Beranda" loaded.
INFO - 2022-06-27 22:48:02 --> Controller "App\Controllers\base\Beranda" loaded.
INFO - 2022-06-27 22:48:02 --> Controller "App\Controllers\base\Beranda" loaded.
INFO - 2022-06-27 22:48:02 --> Controller "App\Controllers\base\Beranda" loaded.
INFO - 2022-06-27 22:48:02 --> Controller "App\Controllers\base\Beranda" loaded.
INFO - 2022-06-27 22:48:02 --> Controller "App\Controllers\base\Beranda" loaded.
INFO - 2022-06-27 22:48:02 --> Controller "App\Controllers\base\Beranda" loaded.
INFO - 2022-06-27 22:48:02 --> Controller "App\Controllers\base\Beranda" loaded.
INFO - 2022-06-27 22:48:02 --> Controller "App\Controllers\base\Beranda" loaded.
INFO - 2022-06-27 22:48:02 --> Controller "App\Controllers\base\Beranda" loaded.
INFO - 2022-06-27 22:48:03 --> Controller "App\Controllers\base\Beranda" loaded.
INFO - 2022-06-27 22:48:03 --> Controller "App\Controllers\base\Beranda" loaded.
INFO - 2022-06-27 22:48:03 --> Controller "App\Controllers\base\Beranda" loaded.
INFO - 2022-06-27 22:48:03 --> Controller "App\Controllers\base\Beranda" loaded.
INFO - 2022-06-27 22:48:03 --> Controller "App\Controllers\base\Beranda" loaded.
INFO - 2022-06-27 22:48:03 --> Controller "App\Controllers\base\Beranda" loaded.
INFO - 2022-06-27 22:48:03 --> Controller "App\Controllers\base\Beranda" loaded.
INFO - 2022-06-27 22:48:03 --> Controller "App\Controllers\base\Beranda" loaded.
INFO - 2022-06-27 22:48:03 --> Controller "App\Controllers\base\Beranda" loaded.
INFO - 2022-06-27 22:48:03 --> Controller "App\Controllers\base\Beranda" loaded.
INFO - 2022-06-27 22:48:03 --> Controller "App\Controllers\base\Beranda" loaded.
INFO - 2022-06-27 22:48:03 --> Controller "App\Controllers\base\Beranda" loaded.
INFO - 2022-06-27 22:48:03 --> Controller "App\Controllers\base\Beranda" loaded.
INFO - 2022-06-27 22:48:04 --> Controller "App\Controllers\base\Beranda" loaded.
INFO - 2022-06-27 22:48:04 --> Controller "App\Controllers\base\Beranda" loaded.
INFO - 2022-06-27 22:48:04 --> Controller "App\Controllers\base\Beranda" loaded.
INFO - 2022-06-27 22:48:04 --> Controller "App\Controllers\base\Beranda" loaded.
INFO - 2022-06-27 22:48:04 --> Controller "App\Controllers\base\Beranda" loaded.
INFO - 2022-06-27 22:48:04 --> Controller "App\Controllers\base\Beranda" loaded.
INFO - 2022-06-27 22:48:04 --> Controller "App\Controllers\base\Beranda" loaded.
INFO - 2022-06-27 22:48:04 --> Controller "App\Controllers\base\Beranda" loaded.
INFO - 2022-06-27 22:48:05 --> Controller "App\Controllers\base\Beranda" loaded.
INFO - 2022-06-27 22:48:05 --> Controller "App\Controllers\base\Beranda" loaded.
INFO - 2022-06-27 22:48:05 --> Controller "App\Controllers\base\Beranda" loaded.
INFO - 2022-06-27 22:48:05 --> Controller "App\Controllers\base\Beranda" loaded.
INFO - 2022-06-27 22:48:05 --> Controller "App\Controllers\base\Beranda" loaded.
INFO - 2022-06-27 22:48:05 --> Controller "App\Controllers\base\Beranda" loaded.
INFO - 2022-06-27 22:48:05 --> Controller "App\Controllers\base\Beranda" loaded.
INFO - 2022-06-27 22:48:05 --> Controller "App\Controllers\base\Beranda" loaded.
INFO - 2022-06-27 22:48:05 --> Controller "App\Controllers\base\Beranda" loaded.
INFO - 2022-06-27 22:48:05 --> Controller "App\Controllers\base\Beranda" loaded.
INFO - 2022-06-27 22:48:05 --> Controller "App\Controllers\base\Beranda" loaded.
INFO - 2022-06-27 22:48:05 --> Controller "App\Controllers\base\Beranda" loaded.
INFO - 2022-06-27 22:48:05 --> Controller "App\Controllers\base\Beranda" loaded.
INFO - 2022-06-27 22:48:06 --> Controller "App\Controllers\base\Beranda" loaded.
INFO - 2022-06-27 22:48:06 --> Controller "App\Controllers\base\Beranda" loaded.
INFO - 2022-06-27 22:48:06 --> Controller "App\Controllers\base\Beranda" loaded.
INFO - 2022-06-27 22:48:06 --> Controller "App\Controllers\base\Beranda" loaded.
INFO - 2022-06-27 22:48:06 --> Controller "App\Controllers\base\Beranda" loaded.
INFO - 2022-06-27 22:48:06 --> Controller "App\Controllers\base\Beranda" loaded.
INFO - 2022-06-27 22:48:06 --> Controller "App\Controllers\base\Beranda" loaded.
INFO - 2022-06-27 22:48:06 --> Controller "App\Controllers\base\Beranda" loaded.
INFO - 2022-06-27 22:48:06 --> Controller "App\Controllers\base\Beranda" loaded.
INFO - 2022-06-27 22:48:06 --> Controller "App\Controllers\base\Beranda" loaded.
INFO - 2022-06-27 22:48:06 --> Controller "App\Controllers\base\Beranda" loaded.
INFO - 2022-06-27 22:48:06 --> Controller "App\Controllers\base\Beranda" loaded.
INFO - 2022-06-27 22:48:07 --> Controller "App\Controllers\base\Beranda" loaded.
INFO - 2022-06-27 22:48:07 --> Controller "App\Controllers\base\Beranda" loaded.
INFO - 2022-06-27 22:48:07 --> Controller "App\Controllers\base\Beranda" loaded.
INFO - 2022-06-27 22:48:07 --> Controller "App\Controllers\base\Beranda" loaded.
INFO - 2022-06-27 22:48:07 --> Controller "App\Controllers\base\Beranda" loaded.
INFO - 2022-06-27 22:52:30 --> Controller "App\Controllers\base\Beranda" loaded.
INFO - 2022-06-27 22:52:30 --> Controller "App\Controllers\base\Beranda" loaded.
INFO - 2022-06-27 22:52:30 --> Controller "App\Controllers\base\Beranda" loaded.
INFO - 2022-06-27 22:52:30 --> Controller "App\Controllers\base\Beranda" loaded.
INFO - 2022-06-27 22:52:30 --> Controller "App\Controllers\base\Beranda" loaded.
INFO - 2022-06-27 22:52:30 --> Controller "App\Controllers\base\Beranda" loaded.
INFO - 2022-06-27 22:52:30 --> Controller "App\Controllers\base\Beranda" loaded.
INFO - 2022-06-27 22:52:30 --> Controller "App\Controllers\base\Beranda" loaded.
INFO - 2022-06-27 22:52:30 --> Controller "App\Controllers\base\Beranda" loaded.
INFO - 2022-06-27 22:52:30 --> Controller "App\Controllers\base\Beranda" loaded.
INFO - 2022-06-27 22:52:30 --> Controller "App\Controllers\base\Beranda" loaded.
INFO - 2022-06-27 22:52:30 --> Controller "App\Controllers\base\Beranda" loaded.
INFO - 2022-06-27 22:52:30 --> Controller "App\Controllers\base\Beranda" loaded.
INFO - 2022-06-27 22:52:30 --> Controller "App\Controllers\base\Beranda" loaded.
INFO - 2022-06-27 22:52:30 --> Controller "App\Controllers\base\Beranda" loaded.
INFO - 2022-06-27 22:52:30 --> Controller "App\Controllers\base\Beranda" loaded.
INFO - 2022-06-27 22:52:31 --> Controller "App\Controllers\base\Beranda" loaded.
INFO - 2022-06-27 22:52:31 --> Controller "App\Controllers\base\Beranda" loaded.
INFO - 2022-06-27 22:52:31 --> Controller "App\Controllers\base\Beranda" loaded.
INFO - 2022-06-27 22:52:31 --> Controller "App\Controllers\base\Beranda" loaded.
INFO - 2022-06-27 22:52:31 --> Controller "App\Controllers\base\Beranda" loaded.
INFO - 2022-06-27 22:52:31 --> Controller "App\Controllers\base\Beranda" loaded.
INFO - 2022-06-27 22:52:31 --> Controller "App\Controllers\base\Beranda" loaded.
INFO - 2022-06-27 22:52:31 --> Controller "App\Controllers\base\Beranda" loaded.
INFO - 2022-06-27 22:52:31 --> Controller "App\Controllers\base\Beranda" loaded.
INFO - 2022-06-27 22:52:31 --> Controller "App\Controllers\base\Beranda" loaded.
INFO - 2022-06-27 22:52:31 --> Controller "App\Controllers\base\Beranda" loaded.
INFO - 2022-06-27 22:52:31 --> Controller "App\Controllers\base\Beranda" loaded.
INFO - 2022-06-27 22:52:31 --> Controller "App\Controllers\base\Beranda" loaded.
INFO - 2022-06-27 22:52:31 --> Controller "App\Controllers\base\Beranda" loaded.
INFO - 2022-06-27 22:52:31 --> Controller "App\Controllers\base\Beranda" loaded.
INFO - 2022-06-27 22:52:31 --> Controller "App\Controllers\base\Beranda" loaded.
INFO - 2022-06-27 22:52:31 --> Controller "App\Controllers\base\Beranda" loaded.
INFO - 2022-06-27 22:52:31 --> Controller "App\Controllers\base\Beranda" loaded.
INFO - 2022-06-27 22:52:31 --> Controller "App\Controllers\base\Beranda" loaded.
INFO - 2022-06-27 22:52:31 --> Controller "App\Controllers\base\Beranda" loaded.
INFO - 2022-06-27 22:52:32 --> Controller "App\Controllers\base\Beranda" loaded.
INFO - 2022-06-27 22:52:32 --> Controller "App\Controllers\base\Beranda" loaded.
INFO - 2022-06-27 22:52:32 --> Controller "App\Controllers\base\Beranda" loaded.
INFO - 2022-06-27 22:52:32 --> Controller "App\Controllers\base\Beranda" loaded.
INFO - 2022-06-27 22:52:32 --> Controller "App\Controllers\base\Beranda" loaded.
INFO - 2022-06-27 22:52:32 --> Controller "App\Controllers\base\Beranda" loaded.
INFO - 2022-06-27 22:52:32 --> Controller "App\Controllers\base\Beranda" loaded.
INFO - 2022-06-27 22:52:32 --> Controller "App\Controllers\base\Beranda" loaded.
INFO - 2022-06-27 22:52:32 --> Controller "App\Controllers\base\Beranda" loaded.
INFO - 2022-06-27 22:52:32 --> Controller "App\Controllers\base\Beranda" loaded.
INFO - 2022-06-27 22:52:32 --> Controller "App\Controllers\base\Beranda" loaded.
INFO - 2022-06-27 22:52:32 --> Controller "App\Controllers\base\Beranda" loaded.
INFO - 2022-06-27 22:52:32 --> Controller "App\Controllers\base\Beranda" loaded.
INFO - 2022-06-27 22:52:32 --> Controller "App\Controllers\base\Beranda" loaded.
INFO - 2022-06-27 22:52:32 --> Controller "App\Controllers\base\Beranda" loaded.
INFO - 2022-06-27 22:52:32 --> Controller "App\Controllers\base\Beranda" loaded.
INFO - 2022-06-27 22:52:32 --> Controller "App\Controllers\base\Beranda" loaded.
INFO - 2022-06-27 22:52:32 --> Controller "App\Controllers\base\Beranda" loaded.
INFO - 2022-06-27 22:52:32 --> Controller "App\Controllers\base\Beranda" loaded.
INFO - 2022-06-27 22:52:33 --> Controller "App\Controllers\base\Beranda" loaded.
INFO - 2022-06-27 22:52:33 --> Controller "App\Controllers\base\Beranda" loaded.
INFO - 2022-06-27 22:52:33 --> Controller "App\Controllers\base\Beranda" loaded.
INFO - 2022-06-27 22:52:33 --> Controller "App\Controllers\base\Beranda" loaded.
INFO - 2022-06-27 22:52:33 --> Controller "App\Controllers\base\Beranda" loaded.
INFO - 2022-06-27 22:52:33 --> Controller "App\Controllers\base\Beranda" loaded.
INFO - 2022-06-27 22:52:33 --> Controller "App\Controllers\base\Beranda" loaded.
INFO - 2022-06-27 22:52:33 --> Controller "App\Controllers\base\Beranda" loaded.
INFO - 2022-06-27 22:52:33 --> Controller "App\Controllers\base\Beranda" loaded.
INFO - 2022-06-27 22:52:33 --> Controller "App\Controllers\base\Beranda" loaded.
INFO - 2022-06-27 22:52:33 --> Controller "App\Controllers\base\Beranda" loaded.
INFO - 2022-06-27 22:52:35 --> Controller "App\Controllers\base\Beranda" loaded.
INFO - 2022-06-27 22:52:35 --> Controller "App\Controllers\base\Beranda" loaded.
INFO - 2022-06-27 22:52:35 --> Controller "App\Controllers\base\Beranda" loaded.
INFO - 2022-06-27 22:52:35 --> Controller "App\Controllers\base\Beranda" loaded.
INFO - 2022-06-27 22:52:35 --> Controller "App\Controllers\base\Beranda" loaded.
INFO - 2022-06-27 22:52:35 --> Controller "App\Controllers\base\Beranda" loaded.
INFO - 2022-06-27 22:52:35 --> Controller "App\Controllers\base\Beranda" loaded.
INFO - 2022-06-27 22:52:35 --> Controller "App\Controllers\base\Beranda" loaded.
INFO - 2022-06-27 22:52:35 --> Controller "App\Controllers\base\Beranda" loaded.
INFO - 2022-06-27 22:52:35 --> Controller "App\Controllers\base\Beranda" loaded.
INFO - 2022-06-27 22:52:35 --> Controller "App\Controllers\base\Beranda" loaded.
INFO - 2022-06-27 22:52:36 --> Controller "App\Controllers\base\Beranda" loaded.
INFO - 2022-06-27 22:52:36 --> Controller "App\Controllers\base\Beranda" loaded.
INFO - 2022-06-27 22:52:36 --> Controller "App\Controllers\base\Beranda" loaded.
INFO - 2022-06-27 22:52:36 --> Controller "App\Controllers\base\Beranda" loaded.
INFO - 2022-06-27 22:52:36 --> Controller "App\Controllers\base\Beranda" loaded.
INFO - 2022-06-27 22:52:36 --> Controller "App\Controllers\base\Beranda" loaded.
INFO - 2022-06-27 22:52:36 --> Controller "App\Controllers\base\Beranda" loaded.
INFO - 2022-06-27 22:52:36 --> Controller "App\Controllers\base\Beranda" loaded.
INFO - 2022-06-27 22:52:36 --> Controller "App\Controllers\base\Beranda" loaded.
INFO - 2022-06-27 22:52:36 --> Controller "App\Controllers\base\Beranda" loaded.
INFO - 2022-06-27 22:52:36 --> Controller "App\Controllers\base\Beranda" loaded.
INFO - 2022-06-27 22:52:36 --> Controller "App\Controllers\base\Beranda" loaded.
INFO - 2022-06-27 22:52:36 --> Controller "App\Controllers\base\Beranda" loaded.
INFO - 2022-06-27 22:52:36 --> Controller "App\Controllers\base\Beranda" loaded.
INFO - 2022-06-27 22:52:37 --> Controller "App\Controllers\base\Beranda" loaded.
INFO - 2022-06-27 22:52:37 --> Controller "App\Controllers\base\Beranda" loaded.
INFO - 2022-06-27 22:52:37 --> Controller "App\Controllers\base\Beranda" loaded.
INFO - 2022-06-27 22:52:37 --> Controller "App\Controllers\base\Beranda" loaded.
INFO - 2022-06-27 22:52:37 --> Controller "App\Controllers\base\Beranda" loaded.
INFO - 2022-06-27 22:52:37 --> Controller "App\Controllers\base\Beranda" loaded.
INFO - 2022-06-27 22:52:37 --> Controller "App\Controllers\base\Beranda" loaded.
INFO - 2022-06-27 22:52:37 --> Controller "App\Controllers\base\Beranda" loaded.
INFO - 2022-06-27 22:52:37 --> Controller "App\Controllers\base\Beranda" loaded.
INFO - 2022-06-27 22:52:37 --> Controller "App\Controllers\base\Beranda" loaded.
INFO - 2022-06-27 22:52:37 --> Controller "App\Controllers\base\Beranda" loaded.
INFO - 2022-06-27 22:52:37 --> Controller "App\Controllers\base\Beranda" loaded.
INFO - 2022-06-27 22:52:37 --> Controller "App\Controllers\base\Beranda" loaded.
INFO - 2022-06-27 22:52:37 --> Controller "App\Controllers\base\Beranda" loaded.
INFO - 2022-06-27 22:52:37 --> Controller "App\Controllers\base\Beranda" loaded.
INFO - 2022-06-27 22:52:37 --> Controller "App\Controllers\base\Beranda" loaded.
INFO - 2022-06-27 22:52:38 --> Controller "App\Controllers\base\Beranda" loaded.
INFO - 2022-06-27 22:52:38 --> Controller "App\Controllers\base\Beranda" loaded.
INFO - 2022-06-27 22:52:38 --> Controller "App\Controllers\base\Beranda" loaded.
INFO - 2022-06-27 22:52:38 --> Controller "App\Controllers\base\Beranda" loaded.
INFO - 2022-06-27 22:52:38 --> Controller "App\Controllers\base\Beranda" loaded.
INFO - 2022-06-27 22:52:38 --> Controller "App\Controllers\base\Beranda" loaded.
INFO - 2022-06-27 22:52:38 --> Controller "App\Controllers\base\Beranda" loaded.
INFO - 2022-06-27 22:52:38 --> Controller "App\Controllers\base\Beranda" loaded.
INFO - 2022-06-27 22:52:38 --> Controller "App\Controllers\base\Beranda" loaded.
INFO - 2022-06-27 22:52:38 --> Controller "App\Controllers\base\Beranda" loaded.
INFO - 2022-06-27 22:52:38 --> Controller "App\Controllers\base\Beranda" loaded.
INFO - 2022-06-27 22:52:38 --> Controller "App\Controllers\base\Beranda" loaded.
INFO - 2022-06-27 22:52:39 --> Controller "App\Controllers\base\Beranda" loaded.
INFO - 2022-06-27 22:52:39 --> Controller "App\Controllers\base\Beranda" loaded.
INFO - 2022-06-27 22:52:39 --> Controller "App\Controllers\base\Beranda" loaded.
INFO - 2022-06-27 22:52:39 --> Controller "App\Controllers\base\Beranda" loaded.
INFO - 2022-06-27 22:52:39 --> Controller "App\Controllers\base\Beranda" loaded.
INFO - 2022-06-27 22:52:39 --> Controller "App\Controllers\base\Beranda" loaded.
INFO - 2022-06-27 22:52:39 --> Controller "App\Controllers\base\Beranda" loaded.
INFO - 2022-06-27 22:52:39 --> Controller "App\Controllers\base\Beranda" loaded.
INFO - 2022-06-27 22:52:39 --> Controller "App\Controllers\base\Beranda" loaded.
INFO - 2022-06-27 22:52:40 --> Controller "App\Controllers\base\Beranda" loaded.
INFO - 2022-06-27 22:52:40 --> Controller "App\Controllers\base\Beranda" loaded.
INFO - 2022-06-27 22:52:40 --> Controller "App\Controllers\base\Beranda" loaded.
INFO - 2022-06-27 22:52:40 --> Controller "App\Controllers\base\Beranda" loaded.
INFO - 2022-06-27 22:52:40 --> Controller "App\Controllers\base\Beranda" loaded.
INFO - 2022-06-27 22:52:40 --> Controller "App\Controllers\base\Beranda" loaded.
INFO - 2022-06-27 22:52:40 --> Controller "App\Controllers\base\Beranda" loaded.
INFO - 2022-06-27 22:53:57 --> Controller "App\Controllers\base\Beranda" loaded.
INFO - 2022-06-27 22:53:57 --> Controller "App\Controllers\base\Beranda" loaded.
INFO - 2022-06-27 22:53:57 --> Controller "App\Controllers\base\Beranda" loaded.
INFO - 2022-06-27 22:53:57 --> Controller "App\Controllers\base\Beranda" loaded.
INFO - 2022-06-27 22:53:57 --> Controller "App\Controllers\base\Beranda" loaded.
INFO - 2022-06-27 22:53:58 --> Controller "App\Controllers\base\Beranda" loaded.
INFO - 2022-06-27 22:53:59 --> Controller "App\Controllers\base\Beranda" loaded.
INFO - 2022-06-27 22:53:59 --> Controller "App\Controllers\base\Beranda" loaded.
INFO - 2022-06-27 22:53:59 --> Controller "App\Controllers\base\Beranda" loaded.
INFO - 2022-06-27 22:53:59 --> Controller "App\Controllers\base\Beranda" loaded.
INFO - 2022-06-27 22:53:59 --> Controller "App\Controllers\base\Beranda" loaded.
INFO - 2022-06-27 22:53:59 --> Controller "App\Controllers\base\Beranda" loaded.
INFO - 2022-06-27 22:53:59 --> Controller "App\Controllers\base\Beranda" loaded.
INFO - 2022-06-27 22:53:59 --> Controller "App\Controllers\base\Beranda" loaded.
INFO - 2022-06-27 22:53:59 --> Controller "App\Controllers\base\Beranda" loaded.
INFO - 2022-06-27 22:53:59 --> Controller "App\Controllers\base\Beranda" loaded.
INFO - 2022-06-27 22:53:59 --> Controller "App\Controllers\base\Beranda" loaded.
INFO - 2022-06-27 22:53:59 --> Controller "App\Controllers\base\Beranda" loaded.
INFO - 2022-06-27 22:53:59 --> Controller "App\Controllers\base\Beranda" loaded.
INFO - 2022-06-27 22:53:59 --> Controller "App\Controllers\base\Beranda" loaded.
INFO - 2022-06-27 22:53:59 --> Controller "App\Controllers\base\Beranda" loaded.
INFO - 2022-06-27 22:54:00 --> Controller "App\Controllers\base\Beranda" loaded.
INFO - 2022-06-27 22:54:00 --> Controller "App\Controllers\base\Beranda" loaded.
INFO - 2022-06-27 22:54:00 --> Controller "App\Controllers\base\Beranda" loaded.
INFO - 2022-06-27 22:54:00 --> Controller "App\Controllers\base\Beranda" loaded.
INFO - 2022-06-27 22:54:00 --> Controller "App\Controllers\base\Beranda" loaded.
INFO - 2022-06-27 22:54:00 --> Controller "App\Controllers\base\Beranda" loaded.
INFO - 2022-06-27 22:54:00 --> Controller "App\Controllers\base\Beranda" loaded.
INFO - 2022-06-27 22:54:00 --> Controller "App\Controllers\base\Beranda" loaded.
INFO - 2022-06-27 22:54:00 --> Controller "App\Controllers\base\Beranda" loaded.
INFO - 2022-06-27 22:54:00 --> Controller "App\Controllers\base\Beranda" loaded.
INFO - 2022-06-27 22:54:00 --> Controller "App\Controllers\base\Beranda" loaded.
INFO - 2022-06-27 22:54:00 --> Controller "App\Controllers\base\Beranda" loaded.
INFO - 2022-06-27 22:54:00 --> Controller "App\Controllers\base\Beranda" loaded.
INFO - 2022-06-27 22:54:00 --> Controller "App\Controllers\base\Beranda" loaded.
INFO - 2022-06-27 22:54:01 --> Controller "App\Controllers\base\Beranda" loaded.
INFO - 2022-06-27 22:54:01 --> Controller "App\Controllers\base\Beranda" loaded.
INFO - 2022-06-27 22:54:01 --> Controller "App\Controllers\base\Beranda" loaded.
INFO - 2022-06-27 22:54:01 --> Controller "App\Controllers\base\Beranda" loaded.
INFO - 2022-06-27 22:54:01 --> Controller "App\Controllers\base\Beranda" loaded.
INFO - 2022-06-27 22:54:01 --> Controller "App\Controllers\base\Beranda" loaded.
INFO - 2022-06-27 22:54:01 --> Controller "App\Controllers\base\Beranda" loaded.
INFO - 2022-06-27 22:54:01 --> Controller "App\Controllers\base\Beranda" loaded.
INFO - 2022-06-27 22:54:01 --> Controller "App\Controllers\base\Beranda" loaded.
INFO - 2022-06-27 22:54:01 --> Controller "App\Controllers\base\Beranda" loaded.
INFO - 2022-06-27 22:54:01 --> Controller "App\Controllers\base\Beranda" loaded.
INFO - 2022-06-27 22:54:01 --> Controller "App\Controllers\base\Beranda" loaded.
INFO - 2022-06-27 22:54:01 --> Controller "App\Controllers\base\Beranda" loaded.
INFO - 2022-06-27 22:54:02 --> Controller "App\Controllers\base\Beranda" loaded.
INFO - 2022-06-27 22:54:02 --> Controller "App\Controllers\base\Beranda" loaded.
INFO - 2022-06-27 22:54:02 --> Controller "App\Controllers\base\Beranda" loaded.
INFO - 2022-06-27 22:54:02 --> Controller "App\Controllers\base\Beranda" loaded.
INFO - 2022-06-27 22:54:02 --> Controller "App\Controllers\base\Beranda" loaded.
INFO - 2022-06-27 22:54:02 --> Controller "App\Controllers\base\Beranda" loaded.
INFO - 2022-06-27 22:54:02 --> Controller "App\Controllers\base\Beranda" loaded.
INFO - 2022-06-27 22:54:02 --> Controller "App\Controllers\base\Beranda" loaded.
INFO - 2022-06-27 22:54:02 --> Controller "App\Controllers\base\Beranda" loaded.
INFO - 2022-06-27 22:54:02 --> Controller "App\Controllers\base\Beranda" loaded.
INFO - 2022-06-27 22:54:02 --> Controller "App\Controllers\base\Beranda" loaded.
INFO - 2022-06-27 22:54:02 --> Controller "App\Controllers\base\Beranda" loaded.
INFO - 2022-06-27 22:54:02 --> Controller "App\Controllers\base\Beranda" loaded.
INFO - 2022-06-27 22:54:02 --> Controller "App\Controllers\base\Beranda" loaded.
INFO - 2022-06-27 22:54:02 --> Controller "App\Controllers\base\Beranda" loaded.
INFO - 2022-06-27 22:54:03 --> Controller "App\Controllers\base\Beranda" loaded.
INFO - 2022-06-27 22:54:03 --> Controller "App\Controllers\base\Beranda" loaded.
INFO - 2022-06-27 22:54:03 --> Controller "App\Controllers\base\Beranda" loaded.
INFO - 2022-06-27 22:54:03 --> Controller "App\Controllers\base\Beranda" loaded.
INFO - 2022-06-27 22:54:03 --> Controller "App\Controllers\base\Beranda" loaded.
INFO - 2022-06-27 22:54:03 --> Controller "App\Controllers\base\Beranda" loaded.
INFO - 2022-06-27 22:54:03 --> Controller "App\Controllers\base\Beranda" loaded.
INFO - 2022-06-27 22:54:03 --> Controller "App\Controllers\base\Beranda" loaded.
INFO - 2022-06-27 22:54:04 --> Controller "App\Controllers\base\Beranda" loaded.
INFO - 2022-06-27 22:54:04 --> Controller "App\Controllers\base\Beranda" loaded.
INFO - 2022-06-27 22:54:04 --> Controller "App\Controllers\base\Beranda" loaded.
INFO - 2022-06-27 22:54:04 --> Controller "App\Controllers\base\Beranda" loaded.
INFO - 2022-06-27 22:54:04 --> Controller "App\Controllers\base\Beranda" loaded.
INFO - 2022-06-27 22:54:04 --> Controller "App\Controllers\base\Beranda" loaded.
INFO - 2022-06-27 22:54:04 --> Controller "App\Controllers\base\Beranda" loaded.
INFO - 2022-06-27 22:54:44 --> Controller "App\Controllers\base\Beranda" loaded.
INFO - 2022-06-27 22:54:44 --> Controller "App\Controllers\base\Beranda" loaded.
INFO - 2022-06-27 22:56:29 --> Controller "App\Controllers\base\Beranda" loaded.
INFO - 2022-06-27 22:56:29 --> Controller "App\Controllers\base\Beranda" loaded.
INFO - 2022-06-27 22:56:29 --> Controller "App\Controllers\base\Beranda" loaded.
INFO - 2022-06-27 22:56:29 --> Controller "App\Controllers\base\Beranda" loaded.
INFO - 2022-06-27 22:56:29 --> Controller "App\Controllers\base\Beranda" loaded.
INFO - 2022-06-27 22:56:29 --> Controller "App\Controllers\base\Beranda" loaded.
INFO - 2022-06-27 22:56:29 --> Controller "App\Controllers\base\Beranda" loaded.
INFO - 2022-06-27 22:56:29 --> Controller "App\Controllers\base\Beranda" loaded.
INFO - 2022-06-27 22:56:29 --> Controller "App\Controllers\base\Beranda" loaded.
INFO - 2022-06-27 22:56:29 --> Controller "App\Controllers\base\Beranda" loaded.
INFO - 2022-06-27 22:56:30 --> Controller "App\Controllers\base\Beranda" loaded.
INFO - 2022-06-27 22:56:30 --> Controller "App\Controllers\base\Beranda" loaded.
INFO - 2022-06-27 22:56:30 --> Controller "App\Controllers\base\Beranda" loaded.
INFO - 2022-06-27 22:56:30 --> Controller "App\Controllers\base\Beranda" loaded.
INFO - 2022-06-27 22:56:30 --> Controller "App\Controllers\base\Beranda" loaded.
INFO - 2022-06-27 22:56:30 --> Controller "App\Controllers\base\Beranda" loaded.
INFO - 2022-06-27 22:56:30 --> Controller "App\Controllers\base\Beranda" loaded.
INFO - 2022-06-27 22:56:30 --> Controller "App\Controllers\base\Beranda" loaded.
INFO - 2022-06-27 22:56:30 --> Controller "App\Controllers\base\Beranda" loaded.
INFO - 2022-06-27 22:56:30 --> Controller "App\Controllers\base\Beranda" loaded.
INFO - 2022-06-27 22:56:30 --> Controller "App\Controllers\base\Beranda" loaded.
INFO - 2022-06-27 22:56:30 --> Controller "App\Controllers\base\Beranda" loaded.
INFO - 2022-06-27 22:56:30 --> Controller "App\Controllers\base\Beranda" loaded.
INFO - 2022-06-27 22:56:30 --> Controller "App\Controllers\base\Beranda" loaded.
INFO - 2022-06-27 22:56:30 --> Controller "App\Controllers\base\Beranda" loaded.
INFO - 2022-06-27 22:56:30 --> Controller "App\Controllers\base\Beranda" loaded.
INFO - 2022-06-27 22:56:30 --> Controller "App\Controllers\base\Beranda" loaded.
INFO - 2022-06-27 22:56:30 --> Controller "App\Controllers\base\Beranda" loaded.
INFO - 2022-06-27 22:56:30 --> Controller "App\Controllers\base\Beranda" loaded.
INFO - 2022-06-27 22:56:31 --> Controller "App\Controllers\base\Beranda" loaded.
INFO - 2022-06-27 22:56:31 --> Controller "App\Controllers\base\Beranda" loaded.
INFO - 2022-06-27 22:56:31 --> Controller "App\Controllers\base\Beranda" loaded.
INFO - 2022-06-27 22:56:31 --> Controller "App\Controllers\base\Beranda" loaded.
INFO - 2022-06-27 22:56:31 --> Controller "App\Controllers\base\Beranda" loaded.
INFO - 2022-06-27 22:56:31 --> Controller "App\Controllers\base\Beranda" loaded.
INFO - 2022-06-27 22:56:31 --> Controller "App\Controllers\base\Beranda" loaded.
INFO - 2022-06-27 22:56:31 --> Controller "App\Controllers\base\Beranda" loaded.
INFO - 2022-06-27 22:56:31 --> Controller "App\Controllers\base\Beranda" loaded.
INFO - 2022-06-27 22:56:31 --> Controller "App\Controllers\base\Beranda" loaded.
INFO - 2022-06-27 22:56:31 --> Controller "App\Controllers\base\Beranda" loaded.
INFO - 2022-06-27 22:56:31 --> Controller "App\Controllers\base\Beranda" loaded.
INFO - 2022-06-27 22:56:31 --> Controller "App\Controllers\base\Beranda" loaded.
INFO - 2022-06-27 22:56:31 --> Controller "App\Controllers\base\Beranda" loaded.
INFO - 2022-06-27 22:56:31 --> Controller "App\Controllers\base\Beranda" loaded.
INFO - 2022-06-27 22:56:31 --> Controller "App\Controllers\base\Beranda" loaded.
INFO - 2022-06-27 22:56:32 --> Controller "App\Controllers\base\Beranda" loaded.
INFO - 2022-06-27 22:56:32 --> Controller "App\Controllers\base\Beranda" loaded.
INFO - 2022-06-27 22:56:32 --> Controller "App\Controllers\base\Beranda" loaded.
INFO - 2022-06-27 22:56:32 --> Controller "App\Controllers\base\Beranda" loaded.
INFO - 2022-06-27 22:56:32 --> Controller "App\Controllers\base\Beranda" loaded.
INFO - 2022-06-27 22:56:32 --> Controller "App\Controllers\base\Beranda" loaded.
INFO - 2022-06-27 22:56:32 --> Controller "App\Controllers\base\Beranda" loaded.
INFO - 2022-06-27 22:56:32 --> Controller "App\Controllers\base\Beranda" loaded.
INFO - 2022-06-27 22:56:32 --> Controller "App\Controllers\base\Beranda" loaded.
INFO - 2022-06-27 22:56:32 --> Controller "App\Controllers\base\Beranda" loaded.
INFO - 2022-06-27 22:56:32 --> Controller "App\Controllers\base\Beranda" loaded.
INFO - 2022-06-27 22:56:32 --> Controller "App\Controllers\base\Beranda" loaded.
INFO - 2022-06-27 22:56:32 --> Controller "App\Controllers\base\Beranda" loaded.
INFO - 2022-06-27 22:56:32 --> Controller "App\Controllers\base\Beranda" loaded.
INFO - 2022-06-27 22:56:32 --> Controller "App\Controllers\base\Beranda" loaded.
INFO - 2022-06-27 22:56:32 --> Controller "App\Controllers\base\Beranda" loaded.
INFO - 2022-06-27 22:56:32 --> Controller "App\Controllers\base\Beranda" loaded.
INFO - 2022-06-27 22:56:33 --> Controller "App\Controllers\base\Beranda" loaded.
INFO - 2022-06-27 22:56:33 --> Controller "App\Controllers\base\Beranda" loaded.
INFO - 2022-06-27 22:56:33 --> Controller "App\Controllers\base\Beranda" loaded.
INFO - 2022-06-27 22:56:33 --> Controller "App\Controllers\base\Beranda" loaded.
INFO - 2022-06-27 22:56:33 --> Controller "App\Controllers\base\Beranda" loaded.
INFO - 2022-06-27 22:56:33 --> Controller "App\Controllers\base\Beranda" loaded.
INFO - 2022-06-27 22:56:33 --> Controller "App\Controllers\base\Beranda" loaded.
INFO - 2022-06-27 22:56:33 --> Controller "App\Controllers\base\Beranda" loaded.
INFO - 2022-06-27 22:56:33 --> Controller "App\Controllers\base\Beranda" loaded.
INFO - 2022-06-27 22:56:33 --> Controller "App\Controllers\base\Beranda" loaded.
INFO - 2022-06-27 22:56:33 --> Controller "App\Controllers\base\Beranda" loaded.
INFO - 2022-06-27 22:56:33 --> Controller "App\Controllers\base\Beranda" loaded.
INFO - 2022-06-27 22:56:33 --> Controller "App\Controllers\base\Beranda" loaded.
INFO - 2022-06-27 22:56:33 --> Controller "App\Controllers\base\Beranda" loaded.
INFO - 2022-06-27 22:56:33 --> Controller "App\Controllers\base\Beranda" loaded.
INFO - 2022-06-27 22:56:33 --> Controller "App\Controllers\base\Beranda" loaded.
INFO - 2022-06-27 22:56:33 --> Controller "App\Controllers\base\Beranda" loaded.
INFO - 2022-06-27 22:56:33 --> Controller "App\Controllers\base\Beranda" loaded.
INFO - 2022-06-27 22:56:33 --> Controller "App\Controllers\base\Beranda" loaded.
INFO - 2022-06-27 22:56:34 --> Controller "App\Controllers\base\Beranda" loaded.
INFO - 2022-06-27 22:56:34 --> Controller "App\Controllers\base\Beranda" loaded.
INFO - 2022-06-27 22:56:34 --> Controller "App\Controllers\base\Beranda" loaded.
INFO - 2022-06-27 22:56:34 --> Controller "App\Controllers\base\Beranda" loaded.
INFO - 2022-06-27 22:56:34 --> Controller "App\Controllers\base\Beranda" loaded.
INFO - 2022-06-27 22:56:34 --> Controller "App\Controllers\base\Beranda" loaded.
INFO - 2022-06-27 22:56:34 --> Controller "App\Controllers\base\Beranda" loaded.
INFO - 2022-06-27 22:56:34 --> Controller "App\Controllers\base\Beranda" loaded.
INFO - 2022-06-27 22:56:34 --> Controller "App\Controllers\base\Beranda" loaded.
INFO - 2022-06-27 22:56:34 --> Controller "App\Controllers\base\Beranda" loaded.
INFO - 2022-06-27 22:56:34 --> Controller "App\Controllers\base\Beranda" loaded.
INFO - 2022-06-27 22:56:34 --> Controller "App\Controllers\base\Beranda" loaded.
INFO - 2022-06-27 22:56:34 --> Controller "App\Controllers\base\Beranda" loaded.
INFO - 2022-06-27 22:56:34 --> Controller "App\Controllers\base\Beranda" loaded.
INFO - 2022-06-27 22:56:34 --> Controller "App\Controllers\base\Beranda" loaded.
INFO - 2022-06-27 22:56:34 --> Controller "App\Controllers\base\Beranda" loaded.
INFO - 2022-06-27 22:56:35 --> Controller "App\Controllers\base\Beranda" loaded.
INFO - 2022-06-27 22:56:35 --> Controller "App\Controllers\base\Beranda" loaded.
INFO - 2022-06-27 22:56:35 --> Controller "App\Controllers\base\Beranda" loaded.
INFO - 2022-06-27 22:56:35 --> Controller "App\Controllers\base\Beranda" loaded.
INFO - 2022-06-27 22:56:35 --> Controller "App\Controllers\base\Beranda" loaded.
INFO - 2022-06-27 22:56:35 --> Controller "App\Controllers\base\Beranda" loaded.
INFO - 2022-06-27 22:56:35 --> Controller "App\Controllers\base\Beranda" loaded.
INFO - 2022-06-27 22:56:35 --> Controller "App\Controllers\base\Beranda" loaded.
INFO - 2022-06-27 22:56:35 --> Controller "App\Controllers\base\Beranda" loaded.
INFO - 2022-06-27 22:56:35 --> Controller "App\Controllers\base\Beranda" loaded.
INFO - 2022-06-27 22:58:03 --> Controller "App\Controllers\base\Beranda" loaded.
INFO - 2022-06-27 22:58:03 --> Controller "App\Controllers\base\Beranda" loaded.
INFO - 2022-06-27 22:58:03 --> Controller "App\Controllers\base\Beranda" loaded.
INFO - 2022-06-27 22:58:03 --> Controller "App\Controllers\base\Beranda" loaded.
INFO - 2022-06-27 22:58:04 --> Controller "App\Controllers\base\Beranda" loaded.
INFO - 2022-06-27 22:58:04 --> Controller "App\Controllers\base\Beranda" loaded.
INFO - 2022-06-27 22:58:04 --> Controller "App\Controllers\base\Beranda" loaded.
INFO - 2022-06-27 22:58:04 --> Controller "App\Controllers\base\Beranda" loaded.
INFO - 2022-06-27 22:58:04 --> Controller "App\Controllers\base\Beranda" loaded.
INFO - 2022-06-27 22:58:04 --> Controller "App\Controllers\base\Beranda" loaded.
INFO - 2022-06-27 22:58:04 --> Controller "App\Controllers\base\Beranda" loaded.
INFO - 2022-06-27 22:58:04 --> Controller "App\Controllers\base\Beranda" loaded.
INFO - 2022-06-27 22:58:04 --> Controller "App\Controllers\base\Beranda" loaded.
INFO - 2022-06-27 22:58:04 --> Controller "App\Controllers\base\Beranda" loaded.
INFO - 2022-06-27 22:58:04 --> Controller "App\Controllers\base\Beranda" loaded.
INFO - 2022-06-27 22:58:04 --> Controller "App\Controllers\base\Beranda" loaded.
INFO - 2022-06-27 22:58:04 --> Controller "App\Controllers\base\Beranda" loaded.
INFO - 2022-06-27 22:58:04 --> Controller "App\Controllers\base\Beranda" loaded.
INFO - 2022-06-27 22:58:04 --> Controller "App\Controllers\base\Beranda" loaded.
INFO - 2022-06-27 22:58:04 --> Controller "App\Controllers\base\Beranda" loaded.
INFO - 2022-06-27 22:58:04 --> Controller "App\Controllers\base\Beranda" loaded.
INFO - 2022-06-27 22:58:04 --> Controller "App\Controllers\base\Beranda" loaded.
INFO - 2022-06-27 22:58:05 --> Controller "App\Controllers\base\Beranda" loaded.
INFO - 2022-06-27 22:58:05 --> Controller "App\Controllers\base\Beranda" loaded.
INFO - 2022-06-27 22:58:05 --> Controller "App\Controllers\base\Beranda" loaded.
INFO - 2022-06-27 22:58:05 --> Controller "App\Controllers\base\Beranda" loaded.
INFO - 2022-06-27 22:58:05 --> Controller "App\Controllers\base\Beranda" loaded.
INFO - 2022-06-27 22:58:05 --> Controller "App\Controllers\base\Beranda" loaded.
INFO - 2022-06-27 22:58:05 --> Controller "App\Controllers\base\Beranda" loaded.
INFO - 2022-06-27 22:58:05 --> Controller "App\Controllers\base\Beranda" loaded.
INFO - 2022-06-27 22:58:05 --> Controller "App\Controllers\base\Beranda" loaded.
INFO - 2022-06-27 22:58:05 --> Controller "App\Controllers\base\Beranda" loaded.
INFO - 2022-06-27 22:58:05 --> Controller "App\Controllers\base\Beranda" loaded.
INFO - 2022-06-27 22:58:05 --> Controller "App\Controllers\base\Beranda" loaded.
INFO - 2022-06-27 22:58:05 --> Controller "App\Controllers\base\Beranda" loaded.
INFO - 2022-06-27 22:58:05 --> Controller "App\Controllers\base\Beranda" loaded.
INFO - 2022-06-27 22:58:05 --> Controller "App\Controllers\base\Beranda" loaded.
INFO - 2022-06-27 22:58:05 --> Controller "App\Controllers\base\Beranda" loaded.
INFO - 2022-06-27 22:58:05 --> Controller "App\Controllers\base\Beranda" loaded.
INFO - 2022-06-27 22:58:05 --> Controller "App\Controllers\base\Beranda" loaded.
INFO - 2022-06-27 22:58:06 --> Controller "App\Controllers\base\Beranda" loaded.
INFO - 2022-06-27 22:58:06 --> Controller "App\Controllers\base\Beranda" loaded.
INFO - 2022-06-27 22:58:06 --> Controller "App\Controllers\base\Beranda" loaded.
INFO - 2022-06-27 22:58:06 --> Controller "App\Controllers\base\Beranda" loaded.
INFO - 2022-06-27 22:58:06 --> Controller "App\Controllers\base\Beranda" loaded.
INFO - 2022-06-27 22:58:06 --> Controller "App\Controllers\base\Beranda" loaded.
INFO - 2022-06-27 22:58:06 --> Controller "App\Controllers\base\Beranda" loaded.
INFO - 2022-06-27 22:58:06 --> Controller "App\Controllers\base\Beranda" loaded.
INFO - 2022-06-27 22:58:06 --> Controller "App\Controllers\base\Beranda" loaded.
INFO - 2022-06-27 22:58:06 --> Controller "App\Controllers\base\Beranda" loaded.
INFO - 2022-06-27 22:58:06 --> Controller "App\Controllers\base\Beranda" loaded.
INFO - 2022-06-27 22:58:06 --> Controller "App\Controllers\base\Beranda" loaded.
INFO - 2022-06-27 22:58:06 --> Controller "App\Controllers\base\Beranda" loaded.
INFO - 2022-06-27 22:58:06 --> Controller "App\Controllers\base\Beranda" loaded.
INFO - 2022-06-27 22:58:06 --> Controller "App\Controllers\base\Beranda" loaded.
INFO - 2022-06-27 22:58:06 --> Controller "App\Controllers\base\Beranda" loaded.
INFO - 2022-06-27 22:58:06 --> Controller "App\Controllers\base\Beranda" loaded.
INFO - 2022-06-27 22:58:06 --> Controller "App\Controllers\base\Beranda" loaded.
INFO - 2022-06-27 22:58:07 --> Controller "App\Controllers\base\Beranda" loaded.
INFO - 2022-06-27 22:58:07 --> Controller "App\Controllers\base\Beranda" loaded.
INFO - 2022-06-27 22:58:07 --> Controller "App\Controllers\base\Beranda" loaded.
INFO - 2022-06-27 22:58:07 --> Controller "App\Controllers\base\Beranda" loaded.
INFO - 2022-06-27 22:58:07 --> Controller "App\Controllers\base\Beranda" loaded.
INFO - 2022-06-27 22:58:07 --> Controller "App\Controllers\base\Beranda" loaded.
INFO - 2022-06-27 22:58:07 --> Controller "App\Controllers\base\Beranda" loaded.
INFO - 2022-06-27 22:58:07 --> Controller "App\Controllers\base\Beranda" loaded.
INFO - 2022-06-27 22:58:07 --> Controller "App\Controllers\base\Beranda" loaded.
INFO - 2022-06-27 22:58:07 --> Controller "App\Controllers\base\Beranda" loaded.
INFO - 2022-06-27 22:58:07 --> Controller "App\Controllers\base\Beranda" loaded.
INFO - 2022-06-27 22:58:07 --> Controller "App\Controllers\base\Beranda" loaded.
INFO - 2022-06-27 22:58:07 --> Controller "App\Controllers\base\Beranda" loaded.
INFO - 2022-06-27 22:58:07 --> Controller "App\Controllers\base\Beranda" loaded.
INFO - 2022-06-27 22:58:07 --> Controller "App\Controllers\base\Beranda" loaded.
INFO - 2022-06-27 22:58:07 --> Controller "App\Controllers\base\Beranda" loaded.
INFO - 2022-06-27 22:58:07 --> Controller "App\Controllers\base\Beranda" loaded.
INFO - 2022-06-27 22:58:07 --> Controller "App\Controllers\base\Beranda" loaded.
INFO - 2022-06-27 22:58:07 --> Controller "App\Controllers\base\Beranda" loaded.
INFO - 2022-06-27 22:58:08 --> Controller "App\Controllers\base\Beranda" loaded.
INFO - 2022-06-27 22:58:08 --> Controller "App\Controllers\base\Beranda" loaded.
INFO - 2022-06-27 22:58:08 --> Controller "App\Controllers\base\Beranda" loaded.
INFO - 2022-06-27 22:58:08 --> Controller "App\Controllers\base\Beranda" loaded.
INFO - 2022-06-27 22:58:08 --> Controller "App\Controllers\base\Beranda" loaded.
INFO - 2022-06-27 22:58:08 --> Controller "App\Controllers\base\Beranda" loaded.
INFO - 2022-06-27 22:58:08 --> Controller "App\Controllers\base\Beranda" loaded.
INFO - 2022-06-27 22:58:08 --> Controller "App\Controllers\base\Beranda" loaded.
INFO - 2022-06-27 22:58:08 --> Controller "App\Controllers\base\Beranda" loaded.
INFO - 2022-06-27 22:58:08 --> Controller "App\Controllers\base\Beranda" loaded.
INFO - 2022-06-27 22:58:08 --> Controller "App\Controllers\base\Beranda" loaded.
INFO - 2022-06-27 22:58:08 --> Controller "App\Controllers\base\Beranda" loaded.
INFO - 2022-06-27 22:58:08 --> Controller "App\Controllers\base\Beranda" loaded.
INFO - 2022-06-27 22:58:08 --> Controller "App\Controllers\base\Beranda" loaded.
INFO - 2022-06-27 22:58:08 --> Controller "App\Controllers\base\Beranda" loaded.
INFO - 2022-06-27 22:58:08 --> Controller "App\Controllers\base\Beranda" loaded.
INFO - 2022-06-27 22:58:08 --> Controller "App\Controllers\base\Beranda" loaded.
INFO - 2022-06-27 22:58:08 --> Controller "App\Controllers\base\Beranda" loaded.
INFO - 2022-06-27 22:58:09 --> Controller "App\Controllers\base\Beranda" loaded.
INFO - 2022-06-27 22:58:09 --> Controller "App\Controllers\base\Beranda" loaded.
INFO - 2022-06-27 22:58:09 --> Controller "App\Controllers\base\Beranda" loaded.
INFO - 2022-06-27 22:58:09 --> Controller "App\Controllers\base\Beranda" loaded.
INFO - 2022-06-27 22:58:09 --> Controller "App\Controllers\base\Beranda" loaded.
INFO - 2022-06-27 22:58:09 --> Controller "App\Controllers\base\Beranda" loaded.
INFO - 2022-06-27 22:58:09 --> Controller "App\Controllers\base\Beranda" loaded.
INFO - 2022-06-27 22:58:09 --> Controller "App\Controllers\base\Beranda" loaded.
INFO - 2022-06-27 22:58:10 --> Controller "App\Controllers\base\Beranda" loaded.
INFO - 2022-06-27 22:58:10 --> Controller "App\Controllers\base\Beranda" loaded.
INFO - 2022-06-27 22:58:10 --> Controller "App\Controllers\base\Beranda" loaded.
INFO - 2022-06-27 22:58:10 --> Controller "App\Controllers\base\Beranda" loaded.
INFO - 2022-06-27 22:58:10 --> Controller "App\Controllers\base\Beranda" loaded.
INFO - 2022-06-27 22:58:10 --> Controller "App\Controllers\base\Beranda" loaded.
INFO - 2022-06-27 22:58:10 --> Controller "App\Controllers\base\Beranda" loaded.
INFO - 2022-06-27 22:58:10 --> Controller "App\Controllers\base\Beranda" loaded.
INFO - 2022-06-27 22:58:10 --> Controller "App\Controllers\base\Beranda" loaded.
INFO - 2022-06-27 22:58:10 --> Controller "App\Controllers\base\Beranda" loaded.
INFO - 2022-06-27 22:58:10 --> Controller "App\Controllers\base\Beranda" loaded.
INFO - 2022-06-27 22:58:11 --> Controller "App\Controllers\base\Beranda" loaded.
INFO - 2022-06-27 22:58:11 --> Controller "App\Controllers\base\Beranda" loaded.
INFO - 2022-06-27 22:58:11 --> Controller "App\Controllers\base\Beranda" loaded.
INFO - 2022-06-27 22:58:11 --> Controller "App\Controllers\base\Beranda" loaded.
INFO - 2022-06-27 22:58:11 --> Controller "App\Controllers\base\Beranda" loaded.
INFO - 2022-06-27 22:58:11 --> Controller "App\Controllers\base\Beranda" loaded.
INFO - 2022-06-27 22:58:11 --> Controller "App\Controllers\base\Beranda" loaded.
INFO - 2022-06-27 22:58:11 --> Controller "App\Controllers\base\Beranda" loaded.
INFO - 2022-06-27 22:58:11 --> Controller "App\Controllers\base\Beranda" loaded.
INFO - 2022-06-27 22:58:11 --> Controller "App\Controllers\base\Beranda" loaded.
INFO - 2022-06-27 22:58:11 --> Controller "App\Controllers\base\Beranda" loaded.
INFO - 2022-06-27 22:59:44 --> Controller "App\Controllers\base\Beranda" loaded.
INFO - 2022-06-27 22:59:44 --> Controller "App\Controllers\base\Beranda" loaded.
INFO - 2022-06-27 22:59:45 --> Controller "App\Controllers\base\Beranda" loaded.
INFO - 2022-06-27 22:59:45 --> Controller "App\Controllers\base\Beranda" loaded.
INFO - 2022-06-27 22:59:45 --> Controller "App\Controllers\base\Beranda" loaded.
INFO - 2022-06-27 22:59:45 --> Controller "App\Controllers\base\Beranda" loaded.
INFO - 2022-06-27 22:59:45 --> Controller "App\Controllers\base\Beranda" loaded.
INFO - 2022-06-27 22:59:45 --> Controller "App\Controllers\base\Beranda" loaded.
INFO - 2022-06-27 22:59:45 --> Controller "App\Controllers\base\Beranda" loaded.
INFO - 2022-06-27 22:59:45 --> Controller "App\Controllers\base\Beranda" loaded.
INFO - 2022-06-27 22:59:45 --> Controller "App\Controllers\base\Beranda" loaded.
INFO - 2022-06-27 22:59:45 --> Controller "App\Controllers\base\Beranda" loaded.
INFO - 2022-06-27 22:59:45 --> Controller "App\Controllers\base\Beranda" loaded.
INFO - 2022-06-27 22:59:45 --> Controller "App\Controllers\base\Beranda" loaded.
INFO - 2022-06-27 22:59:45 --> Controller "App\Controllers\base\Beranda" loaded.
INFO - 2022-06-27 22:59:45 --> Controller "App\Controllers\base\Beranda" loaded.
INFO - 2022-06-27 22:59:45 --> Controller "App\Controllers\base\Beranda" loaded.
INFO - 2022-06-27 22:59:45 --> Controller "App\Controllers\base\Beranda" loaded.
INFO - 2022-06-27 22:59:45 --> Controller "App\Controllers\base\Beranda" loaded.
INFO - 2022-06-27 22:59:45 --> Controller "App\Controllers\base\Beranda" loaded.
INFO - 2022-06-27 22:59:45 --> Controller "App\Controllers\base\Beranda" loaded.
INFO - 2022-06-27 22:59:46 --> Controller "App\Controllers\base\Beranda" loaded.
INFO - 2022-06-27 22:59:46 --> Controller "App\Controllers\base\Beranda" loaded.
INFO - 2022-06-27 22:59:46 --> Controller "App\Controllers\base\Beranda" loaded.
INFO - 2022-06-27 22:59:46 --> Controller "App\Controllers\base\Beranda" loaded.
INFO - 2022-06-27 22:59:46 --> Controller "App\Controllers\base\Beranda" loaded.
INFO - 2022-06-27 22:59:46 --> Controller "App\Controllers\base\Beranda" loaded.
INFO - 2022-06-27 22:59:46 --> Controller "App\Controllers\base\Beranda" loaded.
INFO - 2022-06-27 22:59:46 --> Controller "App\Controllers\base\Beranda" loaded.
INFO - 2022-06-27 22:59:46 --> Controller "App\Controllers\base\Beranda" loaded.
INFO - 2022-06-27 22:59:46 --> Controller "App\Controllers\base\Beranda" loaded.
INFO - 2022-06-27 22:59:46 --> Controller "App\Controllers\base\Beranda" loaded.
INFO - 2022-06-27 22:59:46 --> Controller "App\Controllers\base\Beranda" loaded.
INFO - 2022-06-27 22:59:46 --> Controller "App\Controllers\base\Beranda" loaded.
INFO - 2022-06-27 22:59:47 --> Controller "App\Controllers\base\Beranda" loaded.
INFO - 2022-06-27 22:59:47 --> Controller "App\Controllers\base\Beranda" loaded.
INFO - 2022-06-27 22:59:47 --> Controller "App\Controllers\base\Beranda" loaded.
INFO - 2022-06-27 22:59:47 --> Controller "App\Controllers\base\Beranda" loaded.
INFO - 2022-06-27 22:59:47 --> Controller "App\Controllers\base\Beranda" loaded.
INFO - 2022-06-27 22:59:47 --> Controller "App\Controllers\base\Beranda" loaded.
INFO - 2022-06-27 22:59:47 --> Controller "App\Controllers\base\Beranda" loaded.
INFO - 2022-06-27 22:59:47 --> Controller "App\Controllers\base\Beranda" loaded.
INFO - 2022-06-27 22:59:48 --> Controller "App\Controllers\base\Beranda" loaded.
INFO - 2022-06-27 22:59:48 --> Controller "App\Controllers\base\Beranda" loaded.
INFO - 2022-06-27 22:59:48 --> Controller "App\Controllers\base\Beranda" loaded.
INFO - 2022-06-27 22:59:48 --> Controller "App\Controllers\base\Beranda" loaded.
INFO - 2022-06-27 22:59:48 --> Controller "App\Controllers\base\Beranda" loaded.
INFO - 2022-06-27 22:59:48 --> Controller "App\Controllers\base\Beranda" loaded.
INFO - 2022-06-27 22:59:48 --> Controller "App\Controllers\base\Beranda" loaded.
INFO - 2022-06-27 22:59:48 --> Controller "App\Controllers\base\Beranda" loaded.
INFO - 2022-06-27 22:59:48 --> Controller "App\Controllers\base\Beranda" loaded.
INFO - 2022-06-27 22:59:48 --> Controller "App\Controllers\base\Beranda" loaded.
INFO - 2022-06-27 22:59:48 --> Controller "App\Controllers\base\Beranda" loaded.
INFO - 2022-06-27 22:59:48 --> Controller "App\Controllers\base\Beranda" loaded.
INFO - 2022-06-27 22:59:48 --> Controller "App\Controllers\base\Beranda" loaded.
INFO - 2022-06-27 22:59:49 --> Controller "App\Controllers\base\Beranda" loaded.
INFO - 2022-06-27 22:59:49 --> Controller "App\Controllers\base\Beranda" loaded.
INFO - 2022-06-27 22:59:49 --> Controller "App\Controllers\base\Beranda" loaded.
INFO - 2022-06-27 22:59:49 --> Controller "App\Controllers\base\Beranda" loaded.
INFO - 2022-06-27 22:59:49 --> Controller "App\Controllers\base\Beranda" loaded.
INFO - 2022-06-27 22:59:49 --> Controller "App\Controllers\base\Beranda" loaded.
INFO - 2022-06-27 22:59:49 --> Controller "App\Controllers\base\Beranda" loaded.
INFO - 2022-06-27 22:59:49 --> Controller "App\Controllers\base\Beranda" loaded.
INFO - 2022-06-27 22:59:49 --> Controller "App\Controllers\base\Beranda" loaded.
INFO - 2022-06-27 22:59:49 --> Controller "App\Controllers\base\Beranda" loaded.
INFO - 2022-06-27 22:59:49 --> Controller "App\Controllers\base\Beranda" loaded.
INFO - 2022-06-27 22:59:49 --> Controller "App\Controllers\base\Beranda" loaded.
INFO - 2022-06-27 22:59:49 --> Controller "App\Controllers\base\Beranda" loaded.
INFO - 2022-06-27 22:59:50 --> Controller "App\Controllers\base\Beranda" loaded.
INFO - 2022-06-27 22:59:50 --> Controller "App\Controllers\base\Beranda" loaded.
INFO - 2022-06-27 22:59:50 --> Controller "App\Controllers\base\Beranda" loaded.
INFO - 2022-06-27 22:59:50 --> Controller "App\Controllers\base\Beranda" loaded.
INFO - 2022-06-27 22:59:50 --> Controller "App\Controllers\base\Beranda" loaded.
INFO - 2022-06-27 22:59:50 --> Controller "App\Controllers\base\Beranda" loaded.
INFO - 2022-06-27 22:59:50 --> Controller "App\Controllers\base\Beranda" loaded.
INFO - 2022-06-27 22:59:50 --> Controller "App\Controllers\base\Beranda" loaded.
INFO - 2022-06-27 22:59:50 --> Controller "App\Controllers\base\Beranda" loaded.
INFO - 2022-06-27 22:59:50 --> Controller "App\Controllers\base\Beranda" loaded.
INFO - 2022-06-27 22:59:50 --> Controller "App\Controllers\base\Beranda" loaded.
INFO - 2022-06-27 22:59:50 --> Controller "App\Controllers\base\Beranda" loaded.
INFO - 2022-06-27 22:59:50 --> Controller "App\Controllers\base\Beranda" loaded.
INFO - 2022-06-27 22:59:51 --> Controller "App\Controllers\base\Beranda" loaded.
INFO - 2022-06-27 22:59:51 --> Controller "App\Controllers\base\Beranda" loaded.
INFO - 2022-06-27 22:59:51 --> Controller "App\Controllers\base\Beranda" loaded.
INFO - 2022-06-27 22:59:51 --> Controller "App\Controllers\base\Beranda" loaded.
INFO - 2022-06-27 22:59:51 --> Controller "App\Controllers\base\Beranda" loaded.
INFO - 2022-06-27 22:59:51 --> Controller "App\Controllers\base\Beranda" loaded.
INFO - 2022-06-27 22:59:51 --> Controller "App\Controllers\base\Beranda" loaded.
INFO - 2022-06-27 22:59:51 --> Controller "App\Controllers\base\Beranda" loaded.
INFO - 2022-06-27 22:59:51 --> Controller "App\Controllers\base\Beranda" loaded.
INFO - 2022-06-27 22:59:51 --> Controller "App\Controllers\base\Beranda" loaded.
INFO - 2022-06-27 22:59:51 --> Controller "App\Controllers\base\Beranda" loaded.
INFO - 2022-06-27 22:59:51 --> Controller "App\Controllers\base\Beranda" loaded.
INFO - 2022-06-27 22:59:51 --> Controller "App\Controllers\base\Beranda" loaded.
INFO - 2022-06-27 22:59:52 --> Controller "App\Controllers\base\Beranda" loaded.
INFO - 2022-06-27 22:59:52 --> Controller "App\Controllers\base\Beranda" loaded.
INFO - 2022-06-27 22:59:52 --> Controller "App\Controllers\base\Beranda" loaded.
INFO - 2022-06-27 22:59:52 --> Controller "App\Controllers\base\Beranda" loaded.
INFO - 2022-06-27 22:59:52 --> Controller "App\Controllers\base\Beranda" loaded.
INFO - 2022-06-27 23:00:07 --> Controller "App\Controllers\base\Beranda" loaded.
INFO - 2022-06-27 23:00:07 --> Controller "App\Controllers\base\Beranda" loaded.
INFO - 2022-06-27 23:00:07 --> Controller "App\Controllers\base\Beranda" loaded.
INFO - 2022-06-27 23:00:07 --> Controller "App\Controllers\base\Beranda" loaded.
INFO - 2022-06-27 23:00:07 --> Controller "App\Controllers\base\Beranda" loaded.
INFO - 2022-06-27 23:00:08 --> Controller "App\Controllers\base\Beranda" loaded.
INFO - 2022-06-27 23:00:08 --> Controller "App\Controllers\base\Beranda" loaded.
INFO - 2022-06-27 23:00:08 --> Controller "App\Controllers\base\Beranda" loaded.
INFO - 2022-06-27 23:00:08 --> Controller "App\Controllers\base\Beranda" loaded.
INFO - 2022-06-27 23:00:08 --> Controller "App\Controllers\base\Beranda" loaded.
INFO - 2022-06-27 23:00:08 --> Controller "App\Controllers\base\Beranda" loaded.
INFO - 2022-06-27 23:00:08 --> Controller "App\Controllers\base\Beranda" loaded.
INFO - 2022-06-27 23:00:08 --> Controller "App\Controllers\base\Beranda" loaded.
INFO - 2022-06-27 23:00:08 --> Controller "App\Controllers\base\Beranda" loaded.
INFO - 2022-06-27 23:00:08 --> Controller "App\Controllers\base\Beranda" loaded.
INFO - 2022-06-27 23:00:08 --> Controller "App\Controllers\base\Beranda" loaded.
INFO - 2022-06-27 23:00:08 --> Controller "App\Controllers\base\Beranda" loaded.
INFO - 2022-06-27 23:00:08 --> Controller "App\Controllers\base\Beranda" loaded.
INFO - 2022-06-27 23:00:08 --> Controller "App\Controllers\base\Beranda" loaded.
INFO - 2022-06-27 23:00:08 --> Controller "App\Controllers\base\Beranda" loaded.
INFO - 2022-06-27 23:00:08 --> Controller "App\Controllers\base\Beranda" loaded.
INFO - 2022-06-27 23:00:08 --> Controller "App\Controllers\base\Beranda" loaded.
INFO - 2022-06-27 23:00:09 --> Controller "App\Controllers\base\Beranda" loaded.
INFO - 2022-06-27 23:00:09 --> Controller "App\Controllers\base\Beranda" loaded.
INFO - 2022-06-27 23:00:09 --> Controller "App\Controllers\base\Beranda" loaded.
INFO - 2022-06-27 23:00:09 --> Controller "App\Controllers\base\Beranda" loaded.
INFO - 2022-06-27 23:00:09 --> Controller "App\Controllers\base\Beranda" loaded.
INFO - 2022-06-27 23:00:09 --> Controller "App\Controllers\base\Beranda" loaded.
INFO - 2022-06-27 23:00:09 --> Controller "App\Controllers\base\Beranda" loaded.
INFO - 2022-06-27 23:00:09 --> Controller "App\Controllers\base\Beranda" loaded.
INFO - 2022-06-27 23:00:09 --> Controller "App\Controllers\base\Beranda" loaded.
INFO - 2022-06-27 23:00:09 --> Controller "App\Controllers\base\Beranda" loaded.
INFO - 2022-06-27 23:00:09 --> Controller "App\Controllers\base\Beranda" loaded.
INFO - 2022-06-27 23:00:09 --> Controller "App\Controllers\base\Beranda" loaded.
INFO - 2022-06-27 23:00:09 --> Controller "App\Controllers\base\Beranda" loaded.
INFO - 2022-06-27 23:00:09 --> Controller "App\Controllers\base\Beranda" loaded.
INFO - 2022-06-27 23:00:09 --> Controller "App\Controllers\base\Beranda" loaded.
INFO - 2022-06-27 23:00:09 --> Controller "App\Controllers\base\Beranda" loaded.
INFO - 2022-06-27 23:00:09 --> Controller "App\Controllers\base\Beranda" loaded.
INFO - 2022-06-27 23:00:09 --> Controller "App\Controllers\base\Beranda" loaded.
INFO - 2022-06-27 23:00:10 --> Controller "App\Controllers\base\Beranda" loaded.
INFO - 2022-06-27 23:00:10 --> Controller "App\Controllers\base\Beranda" loaded.
INFO - 2022-06-27 23:00:10 --> Controller "App\Controllers\base\Beranda" loaded.
INFO - 2022-06-27 23:00:10 --> Controller "App\Controllers\base\Beranda" loaded.
INFO - 2022-06-27 23:00:10 --> Controller "App\Controllers\base\Beranda" loaded.
INFO - 2022-06-27 23:00:10 --> Controller "App\Controllers\base\Beranda" loaded.
INFO - 2022-06-27 23:00:10 --> Controller "App\Controllers\base\Beranda" loaded.
INFO - 2022-06-27 23:00:10 --> Controller "App\Controllers\base\Beranda" loaded.
INFO - 2022-06-27 23:00:10 --> Controller "App\Controllers\base\Beranda" loaded.
INFO - 2022-06-27 23:00:10 --> Controller "App\Controllers\base\Beranda" loaded.
INFO - 2022-06-27 23:00:10 --> Controller "App\Controllers\base\Beranda" loaded.
INFO - 2022-06-27 23:00:10 --> Controller "App\Controllers\base\Beranda" loaded.
INFO - 2022-06-27 23:00:10 --> Controller "App\Controllers\base\Beranda" loaded.
INFO - 2022-06-27 23:00:10 --> Controller "App\Controllers\base\Beranda" loaded.
INFO - 2022-06-27 23:00:10 --> Controller "App\Controllers\base\Beranda" loaded.
INFO - 2022-06-27 23:00:10 --> Controller "App\Controllers\base\Beranda" loaded.
INFO - 2022-06-27 23:00:10 --> Controller "App\Controllers\base\Beranda" loaded.
INFO - 2022-06-27 23:00:10 --> Controller "App\Controllers\base\Beranda" loaded.
INFO - 2022-06-27 23:00:11 --> Controller "App\Controllers\base\Beranda" loaded.
INFO - 2022-06-27 23:00:12 --> Controller "App\Controllers\base\Beranda" loaded.
INFO - 2022-06-27 23:00:12 --> Controller "App\Controllers\base\Beranda" loaded.
INFO - 2022-06-27 23:00:13 --> Controller "App\Controllers\base\Beranda" loaded.
INFO - 2022-06-27 23:00:13 --> Controller "App\Controllers\base\Beranda" loaded.
INFO - 2022-06-27 23:00:13 --> Controller "App\Controllers\base\Beranda" loaded.
INFO - 2022-06-27 23:00:13 --> Controller "App\Controllers\base\Beranda" loaded.
INFO - 2022-06-27 23:00:13 --> Controller "App\Controllers\base\Beranda" loaded.
INFO - 2022-06-27 23:00:55 --> Controller "App\Controllers\base\Beranda" loaded.
INFO - 2022-06-27 23:00:56 --> Controller "App\Controllers\base\Beranda" loaded.
INFO - 2022-06-27 23:00:56 --> Controller "App\Controllers\base\Beranda" loaded.
INFO - 2022-06-27 23:00:56 --> Controller "App\Controllers\base\Beranda" loaded.
INFO - 2022-06-27 23:00:57 --> Controller "App\Controllers\base\Beranda" loaded.
INFO - 2022-06-27 23:00:57 --> Controller "App\Controllers\base\Beranda" loaded.
INFO - 2022-06-27 23:00:57 --> Controller "App\Controllers\base\Beranda" loaded.
INFO - 2022-06-27 23:00:57 --> Controller "App\Controllers\base\Beranda" loaded.
INFO - 2022-06-27 23:00:57 --> Controller "App\Controllers\base\Beranda" loaded.
INFO - 2022-06-27 23:00:57 --> Controller "App\Controllers\base\Beranda" loaded.
INFO - 2022-06-27 23:00:57 --> Controller "App\Controllers\base\Beranda" loaded.
INFO - 2022-06-27 23:00:57 --> Controller "App\Controllers\base\Beranda" loaded.
INFO - 2022-06-27 23:00:57 --> Controller "App\Controllers\base\Beranda" loaded.
INFO - 2022-06-27 23:00:57 --> Controller "App\Controllers\base\Beranda" loaded.
INFO - 2022-06-27 23:00:57 --> Controller "App\Controllers\base\Beranda" loaded.
INFO - 2022-06-27 23:00:57 --> Controller "App\Controllers\base\Beranda" loaded.
INFO - 2022-06-27 23:00:58 --> Controller "App\Controllers\base\Beranda" loaded.
INFO - 2022-06-27 23:04:43 --> Controller "App\Controllers\base\Beranda" loaded.
INFO - 2022-06-27 23:04:43 --> Controller "App\Controllers\base\Beranda" loaded.
INFO - 2022-06-27 23:04:44 --> Controller "App\Controllers\base\Beranda" loaded.
INFO - 2022-06-27 23:04:44 --> Controller "App\Controllers\base\Beranda" loaded.
INFO - 2022-06-27 23:04:44 --> Controller "App\Controllers\base\Beranda" loaded.
INFO - 2022-06-27 23:05:16 --> Controller "App\Controllers\base\Beranda" loaded.
INFO - 2022-06-27 23:05:16 --> Controller "App\Controllers\base\Beranda" loaded.
INFO - 2022-06-27 23:05:17 --> Controller "App\Controllers\base\Beranda" loaded.
INFO - 2022-06-27 23:05:17 --> Controller "App\Controllers\base\Beranda" loaded.
INFO - 2022-06-27 23:05:18 --> Controller "App\Controllers\base\Beranda" loaded.
INFO - 2022-06-27 23:05:19 --> Controller "App\Controllers\base\Beranda" loaded.
INFO - 2022-06-27 23:05:20 --> Controller "App\Controllers\base\Beranda" loaded.
INFO - 2022-06-27 23:05:20 --> Controller "App\Controllers\base\Beranda" loaded.
INFO - 2022-06-27 23:06:57 --> Controller "App\Controllers\base\Beranda" loaded.
INFO - 2022-06-27 23:06:58 --> Controller "App\Controllers\base\Beranda" loaded.
INFO - 2022-06-27 23:06:58 --> Controller "App\Controllers\base\Beranda" loaded.
INFO - 2022-06-27 23:06:59 --> Controller "App\Controllers\base\Beranda" loaded.
INFO - 2022-06-27 23:06:59 --> Controller "App\Controllers\base\Beranda" loaded.
INFO - 2022-06-27 23:07:38 --> Controller "App\Controllers\base\Beranda" loaded.
INFO - 2022-06-27 23:07:52 --> Controller "App\Controllers\base\Beranda" loaded.
INFO - 2022-06-27 23:07:53 --> Controller "App\Controllers\base\Beranda" loaded.
INFO - 2022-06-27 23:09:45 --> Controller "App\Controllers\base\Beranda" loaded.
INFO - 2022-06-27 23:09:45 --> Controller "App\Controllers\base\Beranda" loaded.
INFO - 2022-06-27 23:09:45 --> Controller "App\Controllers\base\Beranda" loaded.
INFO - 2022-06-27 23:09:45 --> Controller "App\Controllers\base\Beranda" loaded.
INFO - 2022-06-27 23:09:45 --> Controller "App\Controllers\base\Beranda" loaded.
INFO - 2022-06-27 23:09:45 --> Controller "App\Controllers\base\Beranda" loaded.
INFO - 2022-06-27 23:09:45 --> Controller "App\Controllers\base\Beranda" loaded.
INFO - 2022-06-27 23:09:46 --> Controller "App\Controllers\base\Beranda" loaded.
INFO - 2022-06-27 23:09:46 --> Controller "App\Controllers\base\Beranda" loaded.
INFO - 2022-06-27 23:09:46 --> Controller "App\Controllers\base\Beranda" loaded.
INFO - 2022-06-27 23:09:46 --> Controller "App\Controllers\base\Beranda" loaded.
INFO - 2022-06-27 23:09:46 --> Controller "App\Controllers\base\Beranda" loaded.
INFO - 2022-06-27 23:09:46 --> Controller "App\Controllers\base\Beranda" loaded.
INFO - 2022-06-27 23:09:46 --> Controller "App\Controllers\base\Beranda" loaded.
INFO - 2022-06-27 23:09:46 --> Controller "App\Controllers\base\Beranda" loaded.
INFO - 2022-06-27 23:09:46 --> Controller "App\Controllers\base\Beranda" loaded.
INFO - 2022-06-27 23:09:46 --> Controller "App\Controllers\base\Beranda" loaded.
INFO - 2022-06-27 23:09:46 --> Controller "App\Controllers\base\Beranda" loaded.
INFO - 2022-06-27 23:09:46 --> Controller "App\Controllers\base\Beranda" loaded.
INFO - 2022-06-27 23:09:46 --> Controller "App\Controllers\base\Beranda" loaded.
INFO - 2022-06-27 23:09:46 --> Controller "App\Controllers\base\Beranda" loaded.
INFO - 2022-06-27 23:09:46 --> Controller "App\Controllers\base\Beranda" loaded.
INFO - 2022-06-27 23:09:47 --> Controller "App\Controllers\base\Beranda" loaded.
INFO - 2022-06-27 23:09:47 --> Controller "App\Controllers\base\Beranda" loaded.
INFO - 2022-06-27 23:09:47 --> Controller "App\Controllers\base\Beranda" loaded.
INFO - 2022-06-27 23:09:47 --> Controller "App\Controllers\base\Beranda" loaded.
INFO - 2022-06-27 23:09:47 --> Controller "App\Controllers\base\Beranda" loaded.
INFO - 2022-06-27 23:09:47 --> Controller "App\Controllers\base\Beranda" loaded.
INFO - 2022-06-27 23:09:47 --> Controller "App\Controllers\base\Beranda" loaded.
INFO - 2022-06-27 23:09:47 --> Controller "App\Controllers\base\Beranda" loaded.
INFO - 2022-06-27 23:09:47 --> Controller "App\Controllers\base\Beranda" loaded.
INFO - 2022-06-27 23:09:48 --> Controller "App\Controllers\base\Beranda" loaded.
INFO - 2022-06-27 23:09:48 --> Controller "App\Controllers\base\Beranda" loaded.
INFO - 2022-06-27 23:09:48 --> Controller "App\Controllers\base\Beranda" loaded.
INFO - 2022-06-27 23:09:48 --> Controller "App\Controllers\base\Beranda" loaded.
INFO - 2022-06-27 23:09:48 --> Controller "App\Controllers\base\Beranda" loaded.
INFO - 2022-06-27 23:09:48 --> Controller "App\Controllers\base\Beranda" loaded.
INFO - 2022-06-27 23:09:48 --> Controller "App\Controllers\base\Beranda" loaded.
INFO - 2022-06-27 23:09:48 --> Controller "App\Controllers\base\Beranda" loaded.
INFO - 2022-06-27 23:09:48 --> Controller "App\Controllers\base\Beranda" loaded.
INFO - 2022-06-27 23:09:48 --> Controller "App\Controllers\base\Beranda" loaded.
INFO - 2022-06-27 23:09:49 --> Controller "App\Controllers\base\Beranda" loaded.
INFO - 2022-06-27 23:09:49 --> Controller "App\Controllers\base\Beranda" loaded.
INFO - 2022-06-27 23:09:49 --> Controller "App\Controllers\base\Beranda" loaded.
INFO - 2022-06-27 23:09:49 --> Controller "App\Controllers\base\Beranda" loaded.
INFO - 2022-06-27 23:09:49 --> Controller "App\Controllers\base\Beranda" loaded.
INFO - 2022-06-27 23:09:49 --> Controller "App\Controllers\base\Beranda" loaded.
INFO - 2022-06-27 23:09:49 --> Controller "App\Controllers\base\Beranda" loaded.
INFO - 2022-06-27 23:09:49 --> Controller "App\Controllers\base\Beranda" loaded.
INFO - 2022-06-27 23:09:49 --> Controller "App\Controllers\base\Beranda" loaded.
INFO - 2022-06-27 23:09:49 --> Controller "App\Controllers\base\Beranda" loaded.
INFO - 2022-06-27 23:09:49 --> Controller "App\Controllers\base\Beranda" loaded.
INFO - 2022-06-27 23:09:49 --> Controller "App\Controllers\base\Beranda" loaded.
INFO - 2022-06-27 23:09:49 --> Controller "App\Controllers\base\Beranda" loaded.
INFO - 2022-06-27 23:09:49 --> Controller "App\Controllers\base\Beranda" loaded.
INFO - 2022-06-27 23:09:50 --> Controller "App\Controllers\base\Beranda" loaded.
INFO - 2022-06-27 23:09:50 --> Controller "App\Controllers\base\Beranda" loaded.
INFO - 2022-06-27 23:09:50 --> Controller "App\Controllers\base\Beranda" loaded.
INFO - 2022-06-27 23:09:50 --> Controller "App\Controllers\base\Beranda" loaded.
INFO - 2022-06-27 23:09:50 --> Controller "App\Controllers\base\Beranda" loaded.
INFO - 2022-06-27 23:09:50 --> Controller "App\Controllers\base\Beranda" loaded.
INFO - 2022-06-27 23:09:50 --> Controller "App\Controllers\base\Beranda" loaded.
INFO - 2022-06-27 23:09:50 --> Controller "App\Controllers\base\Beranda" loaded.
INFO - 2022-06-27 23:09:50 --> Controller "App\Controllers\base\Beranda" loaded.
INFO - 2022-06-27 23:09:51 --> Controller "App\Controllers\base\Beranda" loaded.
INFO - 2022-06-27 23:09:51 --> Controller "App\Controllers\base\Beranda" loaded.
INFO - 2022-06-27 23:09:51 --> Controller "App\Controllers\base\Beranda" loaded.
INFO - 2022-06-27 23:09:51 --> Controller "App\Controllers\base\Beranda" loaded.
INFO - 2022-06-27 23:09:51 --> Controller "App\Controllers\base\Beranda" loaded.
INFO - 2022-06-27 23:12:14 --> Controller "App\Controllers\base\Beranda" loaded.
INFO - 2022-06-27 23:12:15 --> Controller "App\Controllers\base\Beranda" loaded.
INFO - 2022-06-27 23:12:15 --> Controller "App\Controllers\base\Beranda" loaded.
INFO - 2022-06-27 23:12:15 --> Controller "App\Controllers\base\Beranda" loaded.
INFO - 2022-06-27 23:12:15 --> Controller "App\Controllers\base\Beranda" loaded.
INFO - 2022-06-27 23:12:15 --> Controller "App\Controllers\base\Beranda" loaded.
INFO - 2022-06-27 23:12:15 --> Controller "App\Controllers\base\Beranda" loaded.
INFO - 2022-06-27 23:12:15 --> Controller "App\Controllers\base\Beranda" loaded.
INFO - 2022-06-27 23:12:15 --> Controller "App\Controllers\base\Beranda" loaded.
INFO - 2022-06-27 23:12:15 --> Controller "App\Controllers\base\Beranda" loaded.
INFO - 2022-06-27 23:12:15 --> Controller "App\Controllers\base\Beranda" loaded.
INFO - 2022-06-27 23:12:15 --> Controller "App\Controllers\base\Beranda" loaded.
INFO - 2022-06-27 23:12:15 --> Controller "App\Controllers\base\Beranda" loaded.
INFO - 2022-06-27 23:12:15 --> Controller "App\Controllers\base\Beranda" loaded.
INFO - 2022-06-27 23:12:15 --> Controller "App\Controllers\base\Beranda" loaded.
INFO - 2022-06-27 23:12:15 --> Controller "App\Controllers\base\Beranda" loaded.
INFO - 2022-06-27 23:12:15 --> Controller "App\Controllers\base\Beranda" loaded.
INFO - 2022-06-27 23:12:15 --> Controller "App\Controllers\base\Beranda" loaded.
INFO - 2022-06-27 23:12:15 --> Controller "App\Controllers\base\Beranda" loaded.
INFO - 2022-06-27 23:12:15 --> Controller "App\Controllers\base\Beranda" loaded.
INFO - 2022-06-27 23:12:16 --> Controller "App\Controllers\base\Beranda" loaded.
INFO - 2022-06-27 23:12:16 --> Controller "App\Controllers\base\Beranda" loaded.
INFO - 2022-06-27 23:12:16 --> Controller "App\Controllers\base\Beranda" loaded.
INFO - 2022-06-27 23:12:16 --> Controller "App\Controllers\base\Beranda" loaded.
INFO - 2022-06-27 23:12:16 --> Controller "App\Controllers\base\Beranda" loaded.
INFO - 2022-06-27 23:12:16 --> Controller "App\Controllers\base\Beranda" loaded.
INFO - 2022-06-27 23:12:16 --> Controller "App\Controllers\base\Beranda" loaded.
INFO - 2022-06-27 23:12:16 --> Controller "App\Controllers\base\Beranda" loaded.
INFO - 2022-06-27 23:12:16 --> Controller "App\Controllers\base\Beranda" loaded.
INFO - 2022-06-27 23:12:16 --> Controller "App\Controllers\base\Beranda" loaded.
INFO - 2022-06-27 23:12:16 --> Controller "App\Controllers\base\Beranda" loaded.
INFO - 2022-06-27 23:12:16 --> Controller "App\Controllers\base\Beranda" loaded.
INFO - 2022-06-27 23:12:16 --> Controller "App\Controllers\base\Beranda" loaded.
INFO - 2022-06-27 23:12:16 --> Controller "App\Controllers\base\Beranda" loaded.
INFO - 2022-06-27 23:12:17 --> Controller "App\Controllers\base\Beranda" loaded.
INFO - 2022-06-27 23:12:17 --> Controller "App\Controllers\base\Beranda" loaded.
INFO - 2022-06-27 23:12:17 --> Controller "App\Controllers\base\Beranda" loaded.
INFO - 2022-06-27 23:12:17 --> Controller "App\Controllers\base\Beranda" loaded.
INFO - 2022-06-27 23:12:17 --> Controller "App\Controllers\base\Beranda" loaded.
INFO - 2022-06-27 23:12:17 --> Controller "App\Controllers\base\Beranda" loaded.
INFO - 2022-06-27 23:12:17 --> Controller "App\Controllers\base\Beranda" loaded.
INFO - 2022-06-27 23:12:17 --> Controller "App\Controllers\base\Beranda" loaded.
INFO - 2022-06-27 23:12:17 --> Controller "App\Controllers\base\Beranda" loaded.
INFO - 2022-06-27 23:12:17 --> Controller "App\Controllers\base\Beranda" loaded.
INFO - 2022-06-27 23:12:17 --> Controller "App\Controllers\base\Beranda" loaded.
INFO - 2022-06-27 23:12:21 --> Controller "App\Controllers\base\Beranda" loaded.
INFO - 2022-06-27 23:12:22 --> Controller "App\Controllers\base\Beranda" loaded.
INFO - 2022-06-27 23:12:22 --> Controller "App\Controllers\base\Beranda" loaded.
INFO - 2022-06-27 23:12:22 --> Controller "App\Controllers\base\Beranda" loaded.
INFO - 2022-06-27 23:12:22 --> Controller "App\Controllers\base\Beranda" loaded.
INFO - 2022-06-27 23:12:22 --> Controller "App\Controllers\base\Beranda" loaded.
INFO - 2022-06-27 23:12:22 --> Controller "App\Controllers\base\Beranda" loaded.
INFO - 2022-06-27 23:12:27 --> Controller "App\Controllers\base\Beranda" loaded.
INFO - 2022-06-27 23:12:27 --> Controller "App\Controllers\base\Beranda" loaded.
INFO - 2022-06-27 23:12:27 --> Controller "App\Controllers\base\Beranda" loaded.
INFO - 2022-06-27 23:12:27 --> Controller "App\Controllers\base\Beranda" loaded.
INFO - 2022-06-27 23:12:27 --> Controller "App\Controllers\base\Beranda" loaded.
INFO - 2022-06-27 23:12:27 --> Controller "App\Controllers\base\Beranda" loaded.
INFO - 2022-06-27 23:12:28 --> Controller "App\Controllers\base\Beranda" loaded.
INFO - 2022-06-27 23:14:10 --> Controller "App\Controllers\base\Beranda" loaded.
INFO - 2022-06-27 23:14:11 --> Controller "App\Controllers\base\Beranda" loaded.
INFO - 2022-06-27 23:14:11 --> Controller "App\Controllers\base\Beranda" loaded.
INFO - 2022-06-27 23:14:11 --> Controller "App\Controllers\base\Beranda" loaded.
INFO - 2022-06-27 23:14:11 --> Controller "App\Controllers\base\Beranda" loaded.
INFO - 2022-06-27 23:14:12 --> Controller "App\Controllers\base\Beranda" loaded.
INFO - 2022-06-27 23:14:12 --> Controller "App\Controllers\base\Beranda" loaded.
INFO - 2022-06-27 23:14:12 --> Controller "App\Controllers\base\Beranda" loaded.
INFO - 2022-06-27 23:14:12 --> Controller "App\Controllers\base\Beranda" loaded.
INFO - 2022-06-27 23:14:12 --> Controller "App\Controllers\base\Beranda" loaded.
INFO - 2022-06-27 23:14:12 --> Controller "App\Controllers\base\Beranda" loaded.
INFO - 2022-06-27 23:14:12 --> Controller "App\Controllers\base\Beranda" loaded.
INFO - 2022-06-27 23:14:12 --> Controller "App\Controllers\base\Beranda" loaded.
INFO - 2022-06-27 23:14:12 --> Controller "App\Controllers\base\Beranda" loaded.
INFO - 2022-06-27 23:14:12 --> Controller "App\Controllers\base\Beranda" loaded.
INFO - 2022-06-27 23:14:13 --> Controller "App\Controllers\base\Beranda" loaded.
INFO - 2022-06-27 23:15:23 --> Controller "App\Controllers\base\Beranda" loaded.
CRITICAL - 2022-06-27 23:15:23 --> Invalid file: undangan/themes/indianwedding.php
#0 C:\xampp\htdocs\momenbahagia.co\system\View\View.php(224): CodeIgniter\Exceptions\FrameworkException::forInvalidFile('undangan/themes...')
#1 C:\xampp\htdocs\momenbahagia.co\system\Common.php(1071): CodeIgniter\View\View->render('undangan/themes...', Array, true)
#2 C:\xampp\htdocs\momenbahagia.co\app\Controllers\base\Beranda.php(61): view('undangan/themes...', Array)
#3 C:\xampp\htdocs\momenbahagia.co\system\CodeIgniter.php(910): App\Controllers\base\Beranda->demo()
#4 C:\xampp\htdocs\momenbahagia.co\system\CodeIgniter.php(398): CodeIgniter\CodeIgniter->runController(Object(App\Controllers\base\Beranda))
#5 C:\xampp\htdocs\momenbahagia.co\system\CodeIgniter.php(306): CodeIgniter\CodeIgniter->handleRequest(NULL, Object(Config\Cache), false)
#6 C:\xampp\htdocs\momenbahagia.co\public\index.php(45): CodeIgniter\CodeIgniter->run()
#7 C:\xampp\htdocs\momenbahagia.co\system\Commands\Server\rewrite.php(34): require_once('C:\\xampp\\htdocs...')
#8 {main}
INFO - 2022-06-27 23:15:23 --> Controller "App\Controllers\base\Beranda" loaded.
INFO - 2022-06-27 23:15:51 --> Controller "App\Controllers\base\Beranda" loaded.
INFO - 2022-06-27 23:15:51 --> Controller "App\Controllers\base\Beranda" loaded.
INFO - 2022-06-27 23:15:51 --> Controller "App\Controllers\base\Beranda" loaded.
INFO - 2022-06-27 23:15:51 --> Controller "App\Controllers\base\Beranda" loaded.
INFO - 2022-06-27 23:15:51 --> Controller "App\Controllers\base\Beranda" loaded.
INFO - 2022-06-27 23:15:51 --> Controller "App\Controllers\base\Beranda" loaded.
INFO - 2022-06-27 23:15:51 --> Controller "App\Controllers\base\Beranda" loaded.
INFO - 2022-06-27 23:15:51 --> Controller "App\Controllers\base\Beranda" loaded.
INFO - 2022-06-27 23:15:51 --> Controller "App\Controllers\base\Beranda" loaded.
INFO - 2022-06-27 23:15:51 --> Controller "App\Controllers\base\Beranda" loaded.
INFO - 2022-06-27 23:15:51 --> Controller "App\Controllers\base\Beranda" loaded.
INFO - 2022-06-27 23:15:52 --> Controller "App\Controllers\base\Beranda" loaded.
INFO - 2022-06-27 23:15:52 --> Controller "App\Controllers\base\Beranda" loaded.
INFO - 2022-06-27 23:15:52 --> Controller "App\Controllers\base\Beranda" loaded.
INFO - 2022-06-27 23:15:52 --> Controller "App\Controllers\base\Beranda" loaded.
INFO - 2022-06-27 23:15:52 --> Controller "App\Controllers\base\Beranda" loaded.
INFO - 2022-06-27 23:15:52 --> Controller "App\Controllers\base\Beranda" loaded.
INFO - 2022-06-27 23:15:52 --> Controller "App\Controllers\base\Beranda" loaded.
INFO - 2022-06-27 23:15:52 --> Controller "App\Controllers\base\Beranda" loaded.
INFO - 2022-06-27 23:15:52 --> Controller "App\Controllers\base\Beranda" loaded.
INFO - 2022-06-27 23:15:52 --> Controller "App\Controllers\base\Beranda" loaded.
INFO - 2022-06-27 23:15:52 --> Controller "App\Controllers\base\Beranda" loaded.
INFO - 2022-06-27 23:15:52 --> Controller "App\Controllers\base\Beranda" loaded.
INFO - 2022-06-27 23:15:52 --> Controller "App\Controllers\base\Beranda" loaded.
INFO - 2022-06-27 23:15:52 --> Controller "App\Controllers\base\Beranda" loaded.
INFO - 2022-06-27 23:15:52 --> Controller "App\Controllers\base\Beranda" loaded.
INFO - 2022-06-27 23:15:52 --> Controller "App\Controllers\base\Beranda" loaded.
INFO - 2022-06-27 23:15:52 --> Controller "App\Controllers\base\Beranda" loaded.
INFO - 2022-06-27 23:15:53 --> Controller "App\Controllers\base\Beranda" loaded.
INFO - 2022-06-27 23:15:53 --> Controller "App\Controllers\base\Beranda" loaded.
INFO - 2022-06-27 23:15:53 --> Controller "App\Controllers\base\Beranda" loaded.
INFO - 2022-06-27 23:15:53 --> Controller "App\Controllers\base\Beranda" loaded.
INFO - 2022-06-27 23:15:53 --> Controller "App\Controllers\base\Beranda" loaded.
INFO - 2022-06-27 23:15:53 --> Controller "App\Controllers\base\Beranda" loaded.
INFO - 2022-06-27 23:15:53 --> Controller "App\Controllers\base\Beranda" loaded.
INFO - 2022-06-27 23:15:53 --> Controller "App\Controllers\base\Beranda" loaded.
INFO - 2022-06-27 23:15:54 --> Controller "App\Controllers\base\Beranda" loaded.
INFO - 2022-06-27 23:15:54 --> Controller "App\Controllers\base\Beranda" loaded.
INFO - 2022-06-27 23:15:54 --> Controller "App\Controllers\base\Beranda" loaded.
INFO - 2022-06-27 23:15:54 --> Controller "App\Controllers\base\Beranda" loaded.
INFO - 2022-06-27 23:15:54 --> Controller "App\Controllers\base\Beranda" loaded.
INFO - 2022-06-27 23:15:54 --> Controller "App\Controllers\base\Beranda" loaded.
INFO - 2022-06-27 23:15:54 --> Controller "App\Controllers\base\Beranda" loaded.
INFO - 2022-06-27 23:15:54 --> Controller "App\Controllers\base\Beranda" loaded.
INFO - 2022-06-27 23:15:54 --> Controller "App\Controllers\base\Beranda" loaded.
INFO - 2022-06-27 23:15:54 --> Controller "App\Controllers\base\Beranda" loaded.
INFO - 2022-06-27 23:15:54 --> Controller "App\Controllers\base\Beranda" loaded.
INFO - 2022-06-27 23:15:55 --> Controller "App\Controllers\base\Beranda" loaded.
INFO - 2022-06-27 23:15:55 --> Controller "App\Controllers\base\Beranda" loaded.
INFO - 2022-06-27 23:15:55 --> Controller "App\Controllers\base\Beranda" loaded.
INFO - 2022-06-27 23:15:55 --> Controller "App\Controllers\base\Beranda" loaded.
INFO - 2022-06-27 23:15:55 --> Controller "App\Controllers\base\Beranda" loaded.
INFO - 2022-06-27 23:15:55 --> Controller "App\Controllers\base\Beranda" loaded.
INFO - 2022-06-27 23:15:55 --> Controller "App\Controllers\base\Beranda" loaded.
INFO - 2022-06-27 23:15:55 --> Controller "App\Controllers\base\Beranda" loaded.
INFO - 2022-06-27 23:15:55 --> Controller "App\Controllers\base\Beranda" loaded.
INFO - 2022-06-27 23:15:55 --> Controller "App\Controllers\base\Beranda" loaded.
INFO - 2022-06-27 23:15:55 --> Controller "App\Controllers\base\Beranda" loaded.
INFO - 2022-06-27 23:15:55 --> Controller "App\Controllers\base\Beranda" loaded.
INFO - 2022-06-27 23:15:56 --> Controller "App\Controllers\base\Beranda" loaded.
INFO - 2022-06-27 23:15:56 --> Controller "App\Controllers\base\Beranda" loaded.
INFO - 2022-06-27 23:15:56 --> Controller "App\Controllers\base\Beranda" loaded.
INFO - 2022-06-27 23:15:56 --> Controller "App\Controllers\base\Beranda" loaded.
INFO - 2022-06-27 23:15:56 --> Controller "App\Controllers\base\Beranda" loaded.
INFO - 2022-06-27 23:15:56 --> Controller "App\Controllers\base\Beranda" loaded.
INFO - 2022-06-27 23:15:56 --> Controller "App\Controllers\base\Beranda" loaded.
INFO - 2022-06-27 23:15:56 --> Controller "App\Controllers\base\Beranda" loaded.
INFO - 2022-06-27 23:15:56 --> Controller "App\Controllers\base\Beranda" loaded.
INFO - 2022-06-27 23:15:56 --> Controller "App\Controllers\base\Beranda" loaded.
INFO - 2022-06-27 23:15:56 --> Controller "App\Controllers\base\Beranda" loaded.
INFO - 2022-06-27 23:15:56 --> Controller "App\Controllers\base\Beranda" loaded.
INFO - 2022-06-27 23:15:57 --> Controller "App\Controllers\base\Beranda" loaded.
INFO - 2022-06-27 23:15:57 --> Controller "App\Controllers\base\Beranda" loaded.
INFO - 2022-06-27 23:15:57 --> Controller "App\Controllers\base\Beranda" loaded.
INFO - 2022-06-27 23:15:57 --> Controller "App\Controllers\base\Beranda" loaded.
INFO - 2022-06-27 23:15:57 --> Controller "App\Controllers\base\Beranda" loaded.
INFO - 2022-06-27 23:16:41 --> Controller "App\Controllers\base\Beranda" loaded.
INFO - 2022-06-27 23:16:42 --> Controller "App\Controllers\base\Beranda" loaded.
INFO - 2022-06-27 23:16:42 --> Controller "App\Controllers\base\Beranda" loaded.
INFO - 2022-06-27 23:16:42 --> Controller "App\Controllers\base\Beranda" loaded.
INFO - 2022-06-27 23:16:42 --> Controller "App\Controllers\base\Beranda" loaded.
INFO - 2022-06-27 23:16:42 --> Controller "App\Controllers\base\Beranda" loaded.
INFO - 2022-06-27 23:16:43 --> Controller "App\Controllers\base\Beranda" loaded.
INFO - 2022-06-27 23:16:43 --> Controller "App\Controllers\base\Beranda" loaded.
INFO - 2022-06-27 23:16:43 --> Controller "App\Controllers\base\Beranda" loaded.
INFO - 2022-06-27 23:16:43 --> Controller "App\Controllers\base\Beranda" loaded.
INFO - 2022-06-27 23:16:43 --> Controller "App\Controllers\base\Beranda" loaded.
INFO - 2022-06-27 23:16:43 --> Controller "App\Controllers\base\Beranda" loaded.
INFO - 2022-06-27 23:16:43 --> Controller "App\Controllers\base\Beranda" loaded.
INFO - 2022-06-27 23:16:43 --> Controller "App\Controllers\base\Beranda" loaded.
INFO - 2022-06-27 23:16:43 --> Controller "App\Controllers\base\Beranda" loaded.
INFO - 2022-06-27 23:16:43 --> Controller "App\Controllers\base\Beranda" loaded.
INFO - 2022-06-27 23:16:43 --> Controller "App\Controllers\base\Beranda" loaded.
INFO - 2022-06-27 23:16:43 --> Controller "App\Controllers\base\Beranda" loaded.
INFO - 2022-06-27 23:16:43 --> Controller "App\Controllers\base\Beranda" loaded.
INFO - 2022-06-27 23:16:43 --> Controller "App\Controllers\base\Beranda" loaded.
INFO - 2022-06-27 23:16:43 --> Controller "App\Controllers\base\Beranda" loaded.
INFO - 2022-06-27 23:16:43 --> Controller "App\Controllers\base\Beranda" loaded.
INFO - 2022-06-27 23:16:44 --> Controller "App\Controllers\base\Beranda" loaded.
INFO - 2022-06-27 23:16:44 --> Controller "App\Controllers\base\Beranda" loaded.
INFO - 2022-06-27 23:16:44 --> Controller "App\Controllers\base\Beranda" loaded.
INFO - 2022-06-27 23:16:44 --> Controller "App\Controllers\base\Beranda" loaded.
INFO - 2022-06-27 23:16:44 --> Controller "App\Controllers\base\Beranda" loaded.
INFO - 2022-06-27 23:16:44 --> Controller "App\Controllers\base\Beranda" loaded.
INFO - 2022-06-27 23:16:44 --> Controller "App\Controllers\base\Beranda" loaded.
INFO - 2022-06-27 23:16:44 --> Controller "App\Controllers\base\Beranda" loaded.
INFO - 2022-06-27 23:16:44 --> Controller "App\Controllers\base\Beranda" loaded.
INFO - 2022-06-27 23:16:44 --> Controller "App\Controllers\base\Beranda" loaded.
INFO - 2022-06-27 23:16:44 --> Controller "App\Controllers\base\Beranda" loaded.
INFO - 2022-06-27 23:16:44 --> Controller "App\Controllers\base\Beranda" loaded.
INFO - 2022-06-27 23:16:44 --> Controller "App\Controllers\base\Beranda" loaded.
INFO - 2022-06-27 23:16:44 --> Controller "App\Controllers\base\Beranda" loaded.
INFO - 2022-06-27 23:16:44 --> Controller "App\Controllers\base\Beranda" loaded.
INFO - 2022-06-27 23:16:44 --> Controller "App\Controllers\base\Beranda" loaded.
INFO - 2022-06-27 23:16:44 --> Controller "App\Controllers\base\Beranda" loaded.
INFO - 2022-06-27 23:16:45 --> Controller "App\Controllers\base\Beranda" loaded.
INFO - 2022-06-27 23:16:45 --> Controller "App\Controllers\base\Beranda" loaded.
INFO - 2022-06-27 23:16:45 --> Controller "App\Controllers\base\Beranda" loaded.
INFO - 2022-06-27 23:16:45 --> Controller "App\Controllers\base\Beranda" loaded.
INFO - 2022-06-27 23:16:45 --> Controller "App\Controllers\base\Beranda" loaded.
INFO - 2022-06-27 23:16:45 --> Controller "App\Controllers\base\Beranda" loaded.
INFO - 2022-06-27 23:16:45 --> Controller "App\Controllers\base\Beranda" loaded.
INFO - 2022-06-27 23:16:45 --> Controller "App\Controllers\base\Beranda" loaded.
INFO - 2022-06-27 23:16:45 --> Controller "App\Controllers\base\Beranda" loaded.
INFO - 2022-06-27 23:16:46 --> Controller "App\Controllers\base\Beranda" loaded.
INFO - 2022-06-27 23:16:46 --> Controller "App\Controllers\base\Beranda" loaded.
INFO - 2022-06-27 23:16:46 --> Controller "App\Controllers\base\Beranda" loaded.
INFO - 2022-06-27 23:16:46 --> Controller "App\Controllers\base\Beranda" loaded.
INFO - 2022-06-27 23:16:46 --> Controller "App\Controllers\base\Beranda" loaded.
INFO - 2022-06-27 23:16:46 --> Controller "App\Controllers\base\Beranda" loaded.
INFO - 2022-06-27 23:16:46 --> Controller "App\Controllers\base\Beranda" loaded.
INFO - 2022-06-27 23:16:46 --> Controller "App\Controllers\base\Beranda" loaded.
INFO - 2022-06-27 23:16:46 --> Controller "App\Controllers\base\Beranda" loaded.
INFO - 2022-06-27 23:16:47 --> Controller "App\Controllers\base\Beranda" loaded.
INFO - 2022-06-27 23:16:47 --> Controller "App\Controllers\base\Beranda" loaded.
INFO - 2022-06-27 23:16:47 --> Controller "App\Controllers\base\Beranda" loaded.
INFO - 2022-06-27 23:16:47 --> Controller "App\Controllers\base\Beranda" loaded.
INFO - 2022-06-27 23:16:47 --> Controller "App\Controllers\base\Beranda" loaded.
INFO - 2022-06-27 23:16:47 --> Controller "App\Controllers\base\Beranda" loaded.
INFO - 2022-06-27 23:16:47 --> Controller "App\Controllers\base\Beranda" loaded.
INFO - 2022-06-27 23:16:47 --> Controller "App\Controllers\base\Beranda" loaded.
INFO - 2022-06-27 23:16:47 --> Controller "App\Controllers\base\Beranda" loaded.
INFO - 2022-06-27 23:16:47 --> Controller "App\Controllers\base\Beranda" loaded.
INFO - 2022-06-27 23:16:47 --> Controller "App\Controllers\base\Beranda" loaded.
INFO - 2022-06-27 23:16:48 --> Controller "App\Controllers\base\Beranda" loaded.
INFO - 2022-06-27 23:16:48 --> Controller "App\Controllers\base\Beranda" loaded.
INFO - 2022-06-27 23:16:48 --> Controller "App\Controllers\base\Beranda" loaded.
INFO - 2022-06-27 23:16:48 --> Controller "App\Controllers\base\Beranda" loaded.
INFO - 2022-06-27 23:16:48 --> Controller "App\Controllers\base\Beranda" loaded.
INFO - 2022-06-27 23:16:48 --> Controller "App\Controllers\base\Beranda" loaded.
INFO - 2022-06-27 23:16:48 --> Controller "App\Controllers\base\Beranda" loaded.
INFO - 2022-06-27 23:16:48 --> Controller "App\Controllers\base\Beranda" loaded.
INFO - 2022-06-27 23:16:48 --> Controller "App\Controllers\base\Beranda" loaded.
INFO - 2022-06-27 23:19:46 --> Controller "App\Controllers\base\Beranda" loaded.
INFO - 2022-06-27 23:19:47 --> Controller "App\Controllers\base\Beranda" loaded.
INFO - 2022-06-27 23:19:47 --> Controller "App\Controllers\base\Beranda" loaded.
INFO - 2022-06-27 23:19:47 --> Controller "App\Controllers\base\Beranda" loaded.
INFO - 2022-06-27 23:19:48 --> Controller "App\Controllers\base\Beranda" loaded.
INFO - 2022-06-27 23:19:48 --> Controller "App\Controllers\base\Beranda" loaded.
INFO - 2022-06-27 23:19:48 --> Controller "App\Controllers\base\Beranda" loaded.
INFO - 2022-06-27 23:19:48 --> Controller "App\Controllers\base\Beranda" loaded.
INFO - 2022-06-27 23:19:48 --> Controller "App\Controllers\base\Beranda" loaded.
INFO - 2022-06-27 23:19:48 --> Controller "App\Controllers\base\Beranda" loaded.
INFO - 2022-06-27 23:19:48 --> Controller "App\Controllers\base\Beranda" loaded.
INFO - 2022-06-27 23:19:48 --> Controller "App\Controllers\base\Beranda" loaded.
INFO - 2022-06-27 23:19:49 --> Controller "App\Controllers\base\Beranda" loaded.
INFO - 2022-06-27 23:19:49 --> Controller "App\Controllers\base\Beranda" loaded.
INFO - 2022-06-27 23:19:49 --> Controller "App\Controllers\base\Beranda" loaded.
INFO - 2022-06-27 23:19:49 --> Controller "App\Controllers\base\Beranda" loaded.
INFO - 2022-06-27 23:19:49 --> Controller "App\Controllers\base\Beranda" loaded.
INFO - 2022-06-27 23:19:49 --> Controller "App\Controllers\base\Beranda" loaded.
INFO - 2022-06-27 23:19:49 --> Controller "App\Controllers\base\Beranda" loaded.
INFO - 2022-06-27 23:19:49 --> Controller "App\Controllers\base\Beranda" loaded.
INFO - 2022-06-27 23:19:49 --> Controller "App\Controllers\base\Beranda" loaded.
INFO - 2022-06-27 23:19:49 --> Controller "App\Controllers\base\Beranda" loaded.
INFO - 2022-06-27 23:19:49 --> Controller "App\Controllers\base\Beranda" loaded.
INFO - 2022-06-27 23:19:49 --> Controller "App\Controllers\base\Beranda" loaded.
INFO - 2022-06-27 23:19:49 --> Controller "App\Controllers\base\Beranda" loaded.
INFO - 2022-06-27 23:19:49 --> Controller "App\Controllers\base\Beranda" loaded.
INFO - 2022-06-27 23:19:50 --> Controller "App\Controllers\base\Beranda" loaded.
INFO - 2022-06-27 23:19:50 --> Controller "App\Controllers\base\Beranda" loaded.
