INFO - 2022-06-26 21:17:04 --> Controller "CodeIgniter\CLI\CommandRunner" loaded.
INFO - 2022-06-26 21:17:10 --> Controller "App\Controllers\base\Beranda" loaded.
CRITICAL - 2022-06-26 21:17:10 --> Unknown database 'undangan'
#0 C:\xampp\htdocs\momenbahagia.co\system\Database\BaseConnection.php(377): CodeIgniter\Database\MySQLi\Connection->connect(false)
#1 C:\xampp\htdocs\momenbahagia.co\system\Database\BaseConnection.php(643): CodeIgniter\Database\BaseConnection->initialize()
#2 C:\xampp\htdocs\momenbahagia.co\system\Database\BaseBuilder.php(1819): CodeIgniter\Database\BaseConnection->query('SELECT *\nFROM `...', Array, false)
#3 C:\xampp\htdocs\momenbahagia.co\app\Models\base\BerandaModel.php(31): CodeIgniter\Database\BaseBuilder->get()
#4 C:\xampp\htdocs\momenbahagia.co\app\Controllers\base\Beranda.php(26): App\Models\base\BerandaModel->get_all_themes()
#5 C:\xampp\htdocs\momenbahagia.co\system\CodeIgniter.php(910): App\Controllers\base\Beranda->index()
#6 C:\xampp\htdocs\momenbahagia.co\system\CodeIgniter.php(398): CodeIgniter\CodeIgniter->runController(Object(App\Controllers\base\Beranda))
#7 C:\xampp\htdocs\momenbahagia.co\system\CodeIgniter.php(306): CodeIgniter\CodeIgniter->handleRequest(NULL, Object(Config\Cache), false)
#8 C:\xampp\htdocs\momenbahagia.co\public\index.php(45): CodeIgniter\CodeIgniter->run()
#9 C:\xampp\htdocs\momenbahagia.co\system\Commands\Server\rewrite.php(34): require_once('C:\\xampp\\htdocs...')
#10 {main}
INFO - 2022-06-26 21:17:11 --> Controller "App\Controllers\base\Beranda" loaded.
CRITICAL - 2022-06-26 21:17:11 --> Unknown database 'undangan'
#0 C:\xampp\htdocs\momenbahagia.co\system\Database\BaseConnection.php(377): CodeIgniter\Database\MySQLi\Connection->connect(false)
#1 C:\xampp\htdocs\momenbahagia.co\system\Database\BaseConnection.php(643): CodeIgniter\Database\BaseConnection->initialize()
#2 C:\xampp\htdocs\momenbahagia.co\system\Database\BaseBuilder.php(1819): CodeIgniter\Database\BaseConnection->query('SELECT *\nFROM `...', Array, false)
#3 C:\xampp\htdocs\momenbahagia.co\app\Models\base\BerandaModel.php(31): CodeIgniter\Database\BaseBuilder->get()
#4 C:\xampp\htdocs\momenbahagia.co\app\Controllers\base\Beranda.php(26): App\Models\base\BerandaModel->get_all_themes()
#5 C:\xampp\htdocs\momenbahagia.co\system\CodeIgniter.php(910): App\Controllers\base\Beranda->index()
#6 C:\xampp\htdocs\momenbahagia.co\system\CodeIgniter.php(398): CodeIgniter\CodeIgniter->runController(Object(App\Controllers\base\Beranda))
#7 C:\xampp\htdocs\momenbahagia.co\system\CodeIgniter.php(306): CodeIgniter\CodeIgniter->handleRequest(NULL, Object(Config\Cache), false)
#8 C:\xampp\htdocs\momenbahagia.co\public\index.php(45): CodeIgniter\CodeIgniter->run()
#9 C:\xampp\htdocs\momenbahagia.co\system\Commands\Server\rewrite.php(34): require_once('C:\\xampp\\htdocs...')
#10 {main}
INFO - 2022-06-26 21:17:17 --> Controller "App\Controllers\base\Beranda" loaded.
CRITICAL - 2022-06-26 21:17:17 --> Unknown database 'undangan'
#0 C:\xampp\htdocs\momenbahagia.co\system\Database\BaseConnection.php(377): CodeIgniter\Database\MySQLi\Connection->connect(false)
#1 C:\xampp\htdocs\momenbahagia.co\system\Database\BaseConnection.php(643): CodeIgniter\Database\BaseConnection->initialize()
#2 C:\xampp\htdocs\momenbahagia.co\system\Database\BaseBuilder.php(1819): CodeIgniter\Database\BaseConnection->query('SELECT *\nFROM `...', Array, false)
#3 C:\xampp\htdocs\momenbahagia.co\app\Models\base\BerandaModel.php(31): CodeIgniter\Database\BaseBuilder->get()
#4 C:\xampp\htdocs\momenbahagia.co\app\Controllers\base\Beranda.php(26): App\Models\base\BerandaModel->get_all_themes()
#5 C:\xampp\htdocs\momenbahagia.co\system\CodeIgniter.php(910): App\Controllers\base\Beranda->index()
#6 C:\xampp\htdocs\momenbahagia.co\system\CodeIgniter.php(398): CodeIgniter\CodeIgniter->runController(Object(App\Controllers\base\Beranda))
#7 C:\xampp\htdocs\momenbahagia.co\system\CodeIgniter.php(306): CodeIgniter\CodeIgniter->handleRequest(NULL, Object(Config\Cache), false)
#8 C:\xampp\htdocs\momenbahagia.co\public\index.php(45): CodeIgniter\CodeIgniter->run()
#9 C:\xampp\htdocs\momenbahagia.co\system\Commands\Server\rewrite.php(34): require_once('C:\\xampp\\htdocs...')
#10 {main}
INFO - 2022-06-26 21:17:18 --> Controller "App\Controllers\base\Beranda" loaded.
CRITICAL - 2022-06-26 21:17:18 --> Unknown database 'undangan'
#0 C:\xampp\htdocs\momenbahagia.co\system\Database\BaseConnection.php(377): CodeIgniter\Database\MySQLi\Connection->connect(false)
#1 C:\xampp\htdocs\momenbahagia.co\system\Database\BaseConnection.php(643): CodeIgniter\Database\BaseConnection->initialize()
#2 C:\xampp\htdocs\momenbahagia.co\system\Database\BaseBuilder.php(1819): CodeIgniter\Database\BaseConnection->query('SELECT *\nFROM `...', Array, false)
#3 C:\xampp\htdocs\momenbahagia.co\app\Models\base\BerandaModel.php(31): CodeIgniter\Database\BaseBuilder->get()
#4 C:\xampp\htdocs\momenbahagia.co\app\Controllers\base\Beranda.php(26): App\Models\base\BerandaModel->get_all_themes()
#5 C:\xampp\htdocs\momenbahagia.co\system\CodeIgniter.php(910): App\Controllers\base\Beranda->index()
#6 C:\xampp\htdocs\momenbahagia.co\system\CodeIgniter.php(398): CodeIgniter\CodeIgniter->runController(Object(App\Controllers\base\Beranda))
#7 C:\xampp\htdocs\momenbahagia.co\system\CodeIgniter.php(306): CodeIgniter\CodeIgniter->handleRequest(NULL, Object(Config\Cache), false)
#8 C:\xampp\htdocs\momenbahagia.co\public\index.php(45): CodeIgniter\CodeIgniter->run()
#9 C:\xampp\htdocs\momenbahagia.co\system\Commands\Server\rewrite.php(34): require_once('C:\\xampp\\htdocs...')
#10 {main}
INFO - 2022-06-26 21:17:37 --> Controller "App\Controllers\base\Beranda" loaded.
INFO - 2022-06-26 21:18:22 --> Controller "App\Controllers\base\Beranda" loaded.
INFO - 2022-06-26 21:18:28 --> Controller "App\Controllers\base\Beranda" loaded.
INFO - 2022-06-26 21:19:36 --> Controller "App\Controllers\base\Beranda" loaded.
INFO - 2022-06-26 21:19:40 --> Controller "App\Controllers\base\Beranda" loaded.
