INFO - 2022-08-02 20:52:25 --> Controller "App\Controllers\base\Beranda" loaded.
INFO - 2022-08-02 20:52:26 --> Controller "App\Controllers\base\Beranda" loaded.
INFO - 2022-08-02 20:52:26 --> Controller "App\Controllers\base\Beranda" loaded.
INFO - 2022-08-02 20:52:26 --> Controller "App\Controllers\base\Beranda" loaded.
INFO - 2022-08-02 20:52:26 --> Controller "App\Controllers\base\Beranda" loaded.
INFO - 2022-08-02 20:52:31 --> Controller "App\Controllers\base\Beranda" loaded.
INFO - 2022-08-02 20:52:31 --> Controller "App\Controllers\base\Beranda" loaded.
INFO - 2022-08-02 20:52:31 --> Controller "App\Controllers\base\Beranda" loaded.
INFO - 2022-08-02 20:52:31 --> Controller "App\Controllers\base\Beranda" loaded.
INFO - 2022-08-02 20:52:35 --> Session: Class initialized using 'CodeIgniter\Session\Handlers\FileHandler' driver.
INFO - 2022-08-02 20:52:35 --> Controller "App\Controllers\base\Order" loaded.
INFO - 2022-08-02 20:52:35 --> Controller "App\Controllers\base\Beranda" loaded.
INFO - 2022-08-02 20:52:35 --> Controller "App\Controllers\base\Beranda" loaded.
INFO - 2022-08-02 20:52:35 --> Controller "App\Controllers\base\Beranda" loaded.
INFO - 2022-08-02 20:52:35 --> Controller "App\Controllers\base\Beranda" loaded.
INFO - 2022-08-02 20:52:35 --> Controller "App\Controllers\base\Beranda" loaded.
INFO - 2022-08-02 20:52:35 --> Controller "App\Controllers\base\Beranda" loaded.
INFO - 2022-08-02 20:52:38 --> Session: Class initialized using 'CodeIgniter\Session\Handlers\FileHandler' driver.
INFO - 2022-08-02 20:52:38 --> Controller "App\Controllers\base\Order" loaded.
INFO - 2022-08-02 20:52:55 --> Session: Class initialized using 'CodeIgniter\Session\Handlers\FileHandler' driver.
INFO - 2022-08-02 20:52:56 --> Controller "App\Controllers\base\Order" loaded.
INFO - 2022-08-02 20:53:07 --> Session: Class initialized using 'CodeIgniter\Session\Handlers\FileHandler' driver.
INFO - 2022-08-02 20:53:07 --> Controller "App\Controllers\base\Order" loaded.
INFO - 2022-08-02 20:53:23 --> Session: Class initialized using 'CodeIgniter\Session\Handlers\FileHandler' driver.
INFO - 2022-08-02 20:53:23 --> Controller "App\Controllers\base\Order" loaded.
INFO - 2022-08-02 20:53:37 --> Session: Class initialized using 'CodeIgniter\Session\Handlers\FileHandler' driver.
INFO - 2022-08-02 20:53:37 --> Controller "App\Controllers\base\Order" loaded.
INFO - 2022-08-02 20:53:38 --> Session: Class initialized using 'CodeIgniter\Session\Handlers\FileHandler' driver.
INFO - 2022-08-02 20:53:38 --> Controller "App\Controllers\base\Order" loaded.
INFO - 2022-08-02 20:54:16 --> Session: Class initialized using 'CodeIgniter\Session\Handlers\FileHandler' driver.
INFO - 2022-08-02 20:54:16 --> Controller "App\Controllers\base\Order" loaded.
INFO - 2022-08-02 20:54:26 --> Session: Class initialized using 'CodeIgniter\Session\Handlers\FileHandler' driver.
INFO - 2022-08-02 20:54:26 --> Controller "App\Controllers\base\Order" loaded.
INFO - 2022-08-02 20:54:26 --> Session: Class initialized using 'CodeIgniter\Session\Handlers\FileHandler' driver.
INFO - 2022-08-02 20:54:26 --> Controller "App\Controllers\base\Order" loaded.
INFO - 2022-08-02 20:54:27 --> Controller "App\Controllers\base\Beranda" loaded.
INFO - 2022-08-02 20:54:33 --> Session: Class initialized using 'CodeIgniter\Session\Handlers\FileHandler' driver.
INFO - 2022-08-02 20:54:33 --> Controller "App\Controllers\base\Order" loaded.
INFO - 2022-08-02 20:54:33 --> Session: Class initialized using 'CodeIgniter\Session\Handlers\FileHandler' driver.
INFO - 2022-08-02 20:54:33 --> Controller "App\Controllers\base\Order" loaded.
INFO - 2022-08-02 20:54:36 --> Session: Class initialized using 'CodeIgniter\Session\Handlers\FileHandler' driver.
INFO - 2022-08-02 20:54:36 --> Controller "App\Controllers\base\Order" loaded.
INFO - 2022-08-02 20:54:36 --> Session: Class initialized using 'CodeIgniter\Session\Handlers\FileHandler' driver.
INFO - 2022-08-02 20:54:36 --> Controller "App\Controllers\base\Order" loaded.
INFO - 2022-08-02 20:54:39 --> Session: Class initialized using 'CodeIgniter\Session\Handlers\FileHandler' driver.
INFO - 2022-08-02 20:54:39 --> Controller "App\Controllers\base\Order" loaded.
INFO - 2022-08-02 20:54:39 --> Session: Class initialized using 'CodeIgniter\Session\Handlers\FileHandler' driver.
INFO - 2022-08-02 20:54:39 --> Controller "App\Controllers\base\Order" loaded.
INFO - 2022-08-02 20:54:43 --> Session: Class initialized using 'CodeIgniter\Session\Handlers\FileHandler' driver.
INFO - 2022-08-02 20:54:43 --> Controller "App\Controllers\base\Dashboard" loaded.
INFO - 2022-08-02 20:54:51 --> Session: Class initialized using 'CodeIgniter\Session\Handlers\FileHandler' driver.
INFO - 2022-08-02 20:54:51 --> Controller "App\Controllers\base\Dashboard" loaded.
INFO - 2022-08-02 20:55:06 --> Session: Class initialized using 'CodeIgniter\Session\Handlers\FileHandler' driver.
INFO - 2022-08-02 20:55:06 --> Controller "App\Controllers\base\Dashboard" loaded.
INFO - 2022-08-02 20:55:10 --> Session: Class initialized using 'CodeIgniter\Session\Handlers\FileHandler' driver.
INFO - 2022-08-02 20:55:10 --> Controller "App\Controllers\base\Dashboard" loaded.
INFO - 2022-08-02 20:55:10 --> Controller "App\Controllers\base\Beranda" loaded.
INFO - 2022-08-02 20:55:10 --> Controller "App\Controllers\base\Beranda" loaded.
INFO - 2022-08-02 20:55:10 --> Controller "App\Controllers\base\Beranda" loaded.
INFO - 2022-08-02 20:55:10 --> Controller "App\Controllers\base\Beranda" loaded.
INFO - 2022-08-02 20:55:10 --> Controller "App\Controllers\base\Beranda" loaded.
INFO - 2022-08-02 20:55:12 --> Session: Class initialized using 'CodeIgniter\Session\Handlers\FileHandler' driver.
INFO - 2022-08-02 20:55:12 --> Controller "App\Controllers\base\Dashboard" loaded.
INFO - 2022-08-02 20:55:31 --> Session: Class initialized using 'CodeIgniter\Session\Handlers\FileHandler' driver.
INFO - 2022-08-02 20:55:31 --> Controller "App\Controllers\undangan\Undangan" loaded.
INFO - 2022-08-02 20:55:31 --> Controller "App\Controllers\base\Beranda" loaded.
INFO - 2022-08-02 20:55:31 --> Controller "App\Controllers\base\Beranda" loaded.
INFO - 2022-08-02 20:55:31 --> Controller "App\Controllers\base\Beranda" loaded.
INFO - 2022-08-02 20:55:31 --> Controller "App\Controllers\base\Beranda" loaded.
INFO - 2022-08-02 20:55:31 --> Controller "App\Controllers\base\Beranda" loaded.
INFO - 2022-08-02 20:55:31 --> Controller "App\Controllers\base\Beranda" loaded.
INFO - 2022-08-02 20:56:12 --> Session: Class initialized using 'CodeIgniter\Session\Handlers\FileHandler' driver.
INFO - 2022-08-02 20:56:12 --> Controller "App\Controllers\base\Dashboard" loaded.
INFO - 2022-08-02 20:56:12 --> Controller "App\Controllers\base\Beranda" loaded.
INFO - 2022-08-02 20:56:12 --> Controller "App\Controllers\base\Beranda" loaded.
INFO - 2022-08-02 20:56:12 --> Controller "App\Controllers\base\Beranda" loaded.
INFO - 2022-08-02 20:56:17 --> Session: Class initialized using 'CodeIgniter\Session\Handlers\FileHandler' driver.
INFO - 2022-08-02 20:56:17 --> Controller "App\Controllers\base\Dashboard" loaded.
INFO - 2022-08-02 20:56:22 --> Session: Class initialized using 'CodeIgniter\Session\Handlers\FileHandler' driver.
INFO - 2022-08-02 20:56:22 --> Controller "App\Controllers\base\Dashboard" loaded.
INFO - 2022-08-02 20:56:25 --> Session: Class initialized using 'CodeIgniter\Session\Handlers\FileHandler' driver.
INFO - 2022-08-02 20:56:25 --> Controller "App\Controllers\base\Dashboard" loaded.
INFO - 2022-08-02 20:56:28 --> Session: Class initialized using 'CodeIgniter\Session\Handlers\FileHandler' driver.
INFO - 2022-08-02 20:56:28 --> Controller "App\Controllers\base\Dashboard" loaded.
INFO - 2022-08-02 20:56:32 --> Session: Class initialized using 'CodeIgniter\Session\Handlers\FileHandler' driver.
INFO - 2022-08-02 20:56:32 --> Controller "App\Controllers\base\Dashboard" loaded.
INFO - 2022-08-02 20:56:33 --> Session: Class initialized using 'CodeIgniter\Session\Handlers\FileHandler' driver.
INFO - 2022-08-02 20:56:33 --> Controller "App\Controllers\base\Dashboard" loaded.
INFO - 2022-08-02 20:56:33 --> Controller "App\Controllers\base\Beranda" loaded.
INFO - 2022-08-02 20:56:37 --> Session: Class initialized using 'CodeIgniter\Session\Handlers\FileHandler' driver.
INFO - 2022-08-02 20:56:37 --> Controller "App\Controllers\base\Dashboard" loaded.
INFO - 2022-08-02 20:56:37 --> Session: Class initialized using 'CodeIgniter\Session\Handlers\FileHandler' driver.
INFO - 2022-08-02 20:56:37 --> Controller "App\Controllers\base\Dashboard" loaded.
INFO - 2022-08-02 20:56:37 --> Controller "App\Controllers\base\Beranda" loaded.
INFO - 2022-08-02 20:56:48 --> Session: Class initialized using 'CodeIgniter\Session\Handlers\FileHandler' driver.
INFO - 2022-08-02 20:56:48 --> Controller "App\Controllers\undangan\Undangan" loaded.
INFO - 2022-08-02 20:56:49 --> Controller "App\Controllers\base\Beranda" loaded.
INFO - 2022-08-02 20:56:49 --> Controller "App\Controllers\base\Beranda" loaded.
INFO - 2022-08-02 20:56:49 --> Controller "App\Controllers\base\Beranda" loaded.
INFO - 2022-08-02 20:56:49 --> Controller "App\Controllers\base\Beranda" loaded.
INFO - 2022-08-02 20:57:05 --> Session: Class initialized using 'CodeIgniter\Session\Handlers\FileHandler' driver.
INFO - 2022-08-02 20:57:05 --> Controller "App\Controllers\base\Dashboard" loaded.
INFO - 2022-08-02 20:57:08 --> Session: Class initialized using 'CodeIgniter\Session\Handlers\FileHandler' driver.
INFO - 2022-08-02 20:57:08 --> Controller "App\Controllers\base\Dashboard" loaded.
INFO - 2022-08-02 20:57:10 --> Session: Class initialized using 'CodeIgniter\Session\Handlers\FileHandler' driver.
INFO - 2022-08-02 20:57:10 --> Controller "App\Controllers\base\Dashboard" loaded.
INFO - 2022-08-02 20:57:12 --> Session: Class initialized using 'CodeIgniter\Session\Handlers\FileHandler' driver.
INFO - 2022-08-02 20:57:12 --> Controller "App\Controllers\base\Dashboard" loaded.
INFO - 2022-08-02 20:57:12 --> Controller "App\Controllers\base\Beranda" loaded.
INFO - 2022-08-02 20:57:12 --> Controller "App\Controllers\base\Beranda" loaded.
INFO - 2022-08-02 20:57:12 --> Controller "App\Controllers\base\Beranda" loaded.
INFO - 2022-08-02 20:57:12 --> Controller "App\Controllers\base\Beranda" loaded.
INFO - 2022-08-02 20:57:12 --> Controller "App\Controllers\base\Beranda" loaded.
INFO - 2022-08-02 20:57:14 --> Session: Class initialized using 'CodeIgniter\Session\Handlers\FileHandler' driver.
INFO - 2022-08-02 20:57:14 --> Controller "App\Controllers\base\Dashboard" loaded.
INFO - 2022-08-02 20:59:35 --> Session: Class initialized using 'CodeIgniter\Session\Handlers\FileHandler' driver.
INFO - 2022-08-02 20:59:35 --> Controller "App\Controllers\base\Dashboard" loaded.
INFO - 2022-08-02 20:59:36 --> Controller "App\Controllers\base\Beranda" loaded.
INFO - 2022-08-02 20:59:36 --> Controller "App\Controllers\base\Beranda" loaded.
INFO - 2022-08-02 20:59:36 --> Controller "App\Controllers\base\Beranda" loaded.
INFO - 2022-08-02 20:59:36 --> Controller "App\Controllers\base\Beranda" loaded.
INFO - 2022-08-02 20:59:36 --> Controller "App\Controllers\base\Beranda" loaded.
INFO - 2022-08-02 20:59:36 --> Session: Class initialized using 'CodeIgniter\Session\Handlers\FileHandler' driver.
INFO - 2022-08-02 20:59:36 --> Controller "App\Controllers\base\Dashboard" loaded.
INFO - 2022-08-02 20:59:37 --> Session: Class initialized using 'CodeIgniter\Session\Handlers\FileHandler' driver.
INFO - 2022-08-02 20:59:37 --> Controller "App\Controllers\base\Dashboard" loaded.
INFO - 2022-08-02 20:59:38 --> Session: Class initialized using 'CodeIgniter\Session\Handlers\FileHandler' driver.
INFO - 2022-08-02 20:59:38 --> Controller "App\Controllers\base\Dashboard" loaded.
INFO - 2022-08-02 20:59:38 --> Session: Class initialized using 'CodeIgniter\Session\Handlers\FileHandler' driver.
INFO - 2022-08-02 20:59:38 --> Controller "App\Controllers\base\Dashboard" loaded.
INFO - 2022-08-02 20:59:38 --> Controller "App\Controllers\base\Beranda" loaded.
INFO - 2022-08-02 20:59:39 --> Session: Class initialized using 'CodeIgniter\Session\Handlers\FileHandler' driver.
INFO - 2022-08-02 20:59:39 --> Controller "App\Controllers\base\Dashboard" loaded.
INFO - 2022-08-02 20:59:39 --> Session: Class initialized using 'CodeIgniter\Session\Handlers\FileHandler' driver.
INFO - 2022-08-02 20:59:39 --> Controller "App\Controllers\base\Dashboard" loaded.
INFO - 2022-08-02 20:59:39 --> Controller "App\Controllers\base\Beranda" loaded.
INFO - 2022-08-02 20:59:39 --> Controller "App\Controllers\base\Beranda" loaded.
INFO - 2022-08-02 20:59:39 --> Controller "App\Controllers\base\Beranda" loaded.
INFO - 2022-08-02 20:59:39 --> Controller "App\Controllers\base\Beranda" loaded.
INFO - 2022-08-02 20:59:39 --> Controller "App\Controllers\base\Beranda" loaded.
INFO - 2022-08-02 20:59:40 --> Session: Class initialized using 'CodeIgniter\Session\Handlers\FileHandler' driver.
INFO - 2022-08-02 20:59:40 --> Controller "App\Controllers\base\Dashboard" loaded.
INFO - 2022-08-02 21:00:28 --> Session: Class initialized using 'CodeIgniter\Session\Handlers\FileHandler' driver.
INFO - 2022-08-02 21:00:28 --> Controller "App\Controllers\base\Order" loaded.
INFO - 2022-08-02 21:00:28 --> Session: Class initialized using 'CodeIgniter\Session\Handlers\FileHandler' driver.
INFO - 2022-08-02 21:00:28 --> Controller "App\Controllers\base\Order" loaded.
INFO - 2022-08-02 21:14:22 --> Session: Class initialized using 'CodeIgniter\Session\Handlers\FileHandler' driver.
INFO - 2022-08-02 21:14:22 --> Controller "App\Controllers\base\Dashboard" loaded.
INFO - 2022-08-02 21:18:29 --> Session: Class initialized using 'CodeIgniter\Session\Handlers\FileHandler' driver.
INFO - 2022-08-02 21:18:29 --> Controller "App\Controllers\base\Order" loaded.
INFO - 2022-08-02 21:18:34 --> Session: Class initialized using 'CodeIgniter\Session\Handlers\FileHandler' driver.
INFO - 2022-08-02 21:18:34 --> Controller "App\Controllers\base\Order" loaded.
INFO - 2022-08-02 21:18:34 --> Controller "App\Controllers\base\Beranda" loaded.
INFO - 2022-08-02 21:19:27 --> Session: Class initialized using 'CodeIgniter\Session\Handlers\FileHandler' driver.
INFO - 2022-08-02 21:19:27 --> Controller "App\Controllers\base\Order" loaded.
INFO - 2022-08-02 21:19:27 --> Controller "App\Controllers\base\Beranda" loaded.
INFO - 2022-08-02 21:19:28 --> Session: Class initialized using 'CodeIgniter\Session\Handlers\FileHandler' driver.
INFO - 2022-08-02 21:19:28 --> Controller "App\Controllers\base\Order" loaded.
INFO - 2022-08-02 21:19:33 --> Session: Class initialized using 'CodeIgniter\Session\Handlers\FileHandler' driver.
INFO - 2022-08-02 21:19:33 --> Controller "App\Controllers\base\Order" loaded.
INFO - 2022-08-02 21:19:33 --> Session: Class initialized using 'CodeIgniter\Session\Handlers\FileHandler' driver.
INFO - 2022-08-02 21:19:33 --> Controller "App\Controllers\base\Order" loaded.
INFO - 2022-08-02 21:33:49 --> Session: Class initialized using 'CodeIgniter\Session\Handlers\FileHandler' driver.
INFO - 2022-08-02 21:33:50 --> Controller "App\Controllers\base\Order" loaded.
INFO - 2022-08-02 21:33:50 --> Controller "App\Controllers\base\Beranda" loaded.
INFO - 2022-08-02 21:33:52 --> Session: Class initialized using 'CodeIgniter\Session\Handlers\FileHandler' driver.
INFO - 2022-08-02 21:33:52 --> Controller "App\Controllers\base\Order" loaded.
INFO - 2022-08-02 21:33:55 --> Session: Class initialized using 'CodeIgniter\Session\Handlers\FileHandler' driver.
INFO - 2022-08-02 21:33:55 --> Controller "App\Controllers\base\Order" loaded.
INFO - 2022-08-02 21:33:55 --> Session: Class initialized using 'CodeIgniter\Session\Handlers\FileHandler' driver.
INFO - 2022-08-02 21:33:55 --> Controller "App\Controllers\base\Order" loaded.
INFO - 2022-08-02 22:07:52 --> Session: Class initialized using 'CodeIgniter\Session\Handlers\FileHandler' driver.
INFO - 2022-08-02 22:07:52 --> Controller "App\Controllers\base\Dashboard" loaded.
INFO - 2022-08-02 22:09:58 --> Session: Class initialized using 'CodeIgniter\Session\Handlers\FileHandler' driver.
INFO - 2022-08-02 22:09:58 --> Controller "App\Controllers\base\Dashboard" loaded.
INFO - 2022-08-02 22:10:00 --> Session: Class initialized using 'CodeIgniter\Session\Handlers\FileHandler' driver.
INFO - 2022-08-02 22:10:00 --> Controller "App\Controllers\base\Dashboard" loaded.
INFO - 2022-08-02 22:12:53 --> Session: Class initialized using 'CodeIgniter\Session\Handlers\FileHandler' driver.
INFO - 2022-08-02 22:12:53 --> Controller "App\Controllers\base\Dashboard" loaded.
INFO - 2022-08-02 22:17:25 --> Controller "App\Controllers\base\Beranda" loaded.
INFO - 2022-08-02 22:17:28 --> Controller "App\Controllers\base\Beranda" loaded.
INFO - 2022-08-02 22:17:28 --> Controller "App\Controllers\base\Beranda" loaded.
INFO - 2022-08-02 22:17:28 --> Controller "App\Controllers\base\Beranda" loaded.
INFO - 2022-08-02 22:17:28 --> Controller "App\Controllers\base\Beranda" loaded.
INFO - 2022-08-02 22:17:29 --> Session: Class initialized using 'CodeIgniter\Session\Handlers\FileHandler' driver.
INFO - 2022-08-02 22:17:30 --> Controller "App\Controllers\base\Order" loaded.
INFO - 2022-08-02 22:17:30 --> Session: Class initialized using 'CodeIgniter\Session\Handlers\FileHandler' driver.
INFO - 2022-08-02 22:17:30 --> Controller "App\Controllers\base\Order" loaded.
INFO - 2022-08-02 22:17:30 --> Session: Class initialized using 'CodeIgniter\Session\Handlers\FileHandler' driver.
INFO - 2022-08-02 22:17:30 --> Controller "App\Controllers\base\Order" loaded.
INFO - 2022-08-02 22:17:31 --> Controller "App\Controllers\base\Beranda" loaded.
INFO - 2022-08-02 22:17:33 --> Session: Class initialized using 'CodeIgniter\Session\Handlers\FileHandler' driver.
INFO - 2022-08-02 22:17:33 --> Controller "App\Controllers\base\Order" loaded.
INFO - 2022-08-02 22:17:35 --> Session: Class initialized using 'CodeIgniter\Session\Handlers\FileHandler' driver.
INFO - 2022-08-02 22:17:35 --> Controller "App\Controllers\base\Order" loaded.
INFO - 2022-08-02 22:17:36 --> Session: Class initialized using 'CodeIgniter\Session\Handlers\FileHandler' driver.
INFO - 2022-08-02 22:17:36 --> Controller "App\Controllers\base\Order" loaded.
INFO - 2022-08-02 22:17:37 --> Controller "App\Controllers\base\Beranda" loaded.
INFO - 2022-08-02 22:17:37 --> Controller "App\Controllers\base\Beranda" loaded.
INFO - 2022-08-02 22:17:37 --> Controller "App\Controllers\base\Beranda" loaded.
INFO - 2022-08-02 22:17:46 --> Session: Class initialized using 'CodeIgniter\Session\Handlers\FileHandler' driver.
INFO - 2022-08-02 22:17:46 --> Controller "App\Controllers\base\Order" loaded.
INFO - 2022-08-02 22:17:53 --> Session: Class initialized using 'CodeIgniter\Session\Handlers\FileHandler' driver.
INFO - 2022-08-02 22:17:53 --> Controller "App\Controllers\base\Order" loaded.
INFO - 2022-08-02 22:17:54 --> Session: Class initialized using 'CodeIgniter\Session\Handlers\FileHandler' driver.
INFO - 2022-08-02 22:17:54 --> Controller "App\Controllers\base\Order" loaded.
INFO - 2022-08-02 22:24:58 --> Session: Class initialized using 'CodeIgniter\Session\Handlers\FileHandler' driver.
INFO - 2022-08-02 22:24:58 --> Controller "App\Controllers\base\Order" loaded.
INFO - 2022-08-02 22:25:00 --> Session: Class initialized using 'CodeIgniter\Session\Handlers\FileHandler' driver.
INFO - 2022-08-02 22:25:00 --> Controller "App\Controllers\base\Order" loaded.
INFO - 2022-08-02 22:25:00 --> Session: Class initialized using 'CodeIgniter\Session\Handlers\FileHandler' driver.
INFO - 2022-08-02 22:25:00 --> Controller "App\Controllers\base\Order" loaded.
INFO - 2022-08-02 22:25:02 --> Session: Class initialized using 'CodeIgniter\Session\Handlers\FileHandler' driver.
INFO - 2022-08-02 22:25:02 --> Controller "App\Controllers\base\Order" loaded.
INFO - 2022-08-02 22:25:04 --> Controller "App\Controllers\base\Beranda" loaded.
INFO - 2022-08-02 22:25:09 --> Session: Class initialized using 'CodeIgniter\Session\Handlers\FileHandler' driver.
INFO - 2022-08-02 22:25:09 --> Controller "App\Controllers\base\Order" loaded.
INFO - 2022-08-02 22:25:13 --> Session: Class initialized using 'CodeIgniter\Session\Handlers\FileHandler' driver.
INFO - 2022-08-02 22:25:13 --> Controller "App\Controllers\base\Order" loaded.
INFO - 2022-08-02 22:25:15 --> Session: Class initialized using 'CodeIgniter\Session\Handlers\FileHandler' driver.
INFO - 2022-08-02 22:25:15 --> Controller "App\Controllers\base\Order" loaded.
INFO - 2022-08-02 22:25:18 --> Session: Class initialized using 'CodeIgniter\Session\Handlers\FileHandler' driver.
INFO - 2022-08-02 22:25:18 --> Controller "App\Controllers\base\Order" loaded.
INFO - 2022-08-02 22:25:20 --> Session: Class initialized using 'CodeIgniter\Session\Handlers\FileHandler' driver.
INFO - 2022-08-02 22:25:20 --> Controller "App\Controllers\base\Order" loaded.
INFO - 2022-08-02 22:25:23 --> Controller "App\Controllers\base\Beranda" loaded.
INFO - 2022-08-02 22:25:29 --> Session: Class initialized using 'CodeIgniter\Session\Handlers\FileHandler' driver.
INFO - 2022-08-02 22:25:29 --> Controller "App\Controllers\base\Order" loaded.
INFO - 2022-08-02 22:25:30 --> Session: Class initialized using 'CodeIgniter\Session\Handlers\FileHandler' driver.
INFO - 2022-08-02 22:25:30 --> Controller "App\Controllers\base\Order" loaded.
INFO - 2022-08-02 22:25:34 --> Session: Class initialized using 'CodeIgniter\Session\Handlers\FileHandler' driver.
INFO - 2022-08-02 22:25:34 --> Controller "App\Controllers\base\Order" loaded.
INFO - 2022-08-02 22:25:34 --> Session: Class initialized using 'CodeIgniter\Session\Handlers\FileHandler' driver.
INFO - 2022-08-02 22:25:34 --> Controller "App\Controllers\base\Order" loaded.
INFO - 2022-08-02 22:26:47 --> Session: Class initialized using 'CodeIgniter\Session\Handlers\FileHandler' driver.
INFO - 2022-08-02 22:26:47 --> Controller "App\Controllers\base\Dashboard" loaded.
INFO - 2022-08-02 22:26:48 --> Controller "App\Controllers\base\Beranda" loaded.
INFO - 2022-08-02 22:26:48 --> Controller "App\Controllers\base\Beranda" loaded.
INFO - 2022-08-02 22:26:48 --> Controller "App\Controllers\base\Beranda" loaded.
INFO - 2022-08-02 22:26:48 --> Controller "App\Controllers\base\Beranda" loaded.
INFO - 2022-08-02 22:26:48 --> Controller "App\Controllers\base\Beranda" loaded.
INFO - 2022-08-02 22:26:49 --> Session: Class initialized using 'CodeIgniter\Session\Handlers\FileHandler' driver.
INFO - 2022-08-02 22:26:49 --> Controller "App\Controllers\base\Dashboard" loaded.
INFO - 2022-08-02 22:27:28 --> Session: Class initialized using 'CodeIgniter\Session\Handlers\FileHandler' driver.
INFO - 2022-08-02 22:27:28 --> Controller "App\Controllers\undangan\Undangan" loaded.
INFO - 2022-08-02 22:27:29 --> Controller "App\Controllers\base\Beranda" loaded.
INFO - 2022-08-02 22:27:29 --> Controller "App\Controllers\base\Beranda" loaded.
INFO - 2022-08-02 22:27:29 --> Controller "App\Controllers\base\Beranda" loaded.
INFO - 2022-08-02 22:27:29 --> Controller "App\Controllers\base\Beranda" loaded.
INFO - 2022-08-02 22:27:29 --> Controller "App\Controllers\base\Beranda" loaded.
INFO - 2022-08-02 22:32:15 --> Session: Class initialized using 'CodeIgniter\Session\Handlers\FileHandler' driver.
INFO - 2022-08-02 22:32:15 --> Controller "App\Controllers\undangan\Undangan" loaded.
INFO - 2022-08-02 22:32:15 --> Controller "App\Controllers\base\Beranda" loaded.
INFO - 2022-08-02 22:32:15 --> Controller "App\Controllers\base\Beranda" loaded.
INFO - 2022-08-02 22:32:15 --> Controller "App\Controllers\base\Beranda" loaded.
INFO - 2022-08-02 22:32:15 --> Controller "App\Controllers\base\Beranda" loaded.
INFO - 2022-08-02 22:32:37 --> Session: Class initialized using 'CodeIgniter\Session\Handlers\FileHandler' driver.
INFO - 2022-08-02 22:32:37 --> Controller "App\Controllers\undangan\Undangan" loaded.
INFO - 2022-08-02 22:32:39 --> Controller "App\Controllers\base\Beranda" loaded.
INFO - 2022-08-02 22:32:39 --> Controller "App\Controllers\base\Beranda" loaded.
INFO - 2022-08-02 22:32:39 --> Controller "App\Controllers\base\Beranda" loaded.
INFO - 2022-08-02 22:35:59 --> Session: Class initialized using 'CodeIgniter\Session\Handlers\FileHandler' driver.
INFO - 2022-08-02 22:35:59 --> Controller "App\Controllers\base\Order" loaded.
INFO - 2022-08-02 22:36:00 --> Session: Class initialized using 'CodeIgniter\Session\Handlers\FileHandler' driver.
INFO - 2022-08-02 22:36:00 --> Controller "App\Controllers\base\Order" loaded.
INFO - 2022-08-02 22:36:03 --> Session: Class initialized using 'CodeIgniter\Session\Handlers\FileHandler' driver.
INFO - 2022-08-02 22:36:03 --> Controller "App\Controllers\base\Order" loaded.
INFO - 2022-08-02 22:36:03 --> Controller "App\Controllers\base\Beranda" loaded.
INFO - 2022-08-02 22:36:07 --> Session: Class initialized using 'CodeIgniter\Session\Handlers\FileHandler' driver.
INFO - 2022-08-02 22:36:07 --> Controller "App\Controllers\base\Order" loaded.
INFO - 2022-08-02 22:36:11 --> Session: Class initialized using 'CodeIgniter\Session\Handlers\FileHandler' driver.
INFO - 2022-08-02 22:36:11 --> Controller "App\Controllers\base\Order" loaded.
INFO - 2022-08-02 22:36:11 --> Session: Class initialized using 'CodeIgniter\Session\Handlers\FileHandler' driver.
INFO - 2022-08-02 22:36:11 --> Controller "App\Controllers\base\Order" loaded.
INFO - 2022-08-02 22:36:12 --> Session: Class initialized using 'CodeIgniter\Session\Handlers\FileHandler' driver.
INFO - 2022-08-02 22:36:12 --> Controller "App\Controllers\base\Order" loaded.
INFO - 2022-08-02 22:36:13 --> Session: Class initialized using 'CodeIgniter\Session\Handlers\FileHandler' driver.
INFO - 2022-08-02 22:36:13 --> Controller "App\Controllers\base\Order" loaded.
INFO - 2022-08-02 22:36:16 --> Session: Class initialized using 'CodeIgniter\Session\Handlers\FileHandler' driver.
INFO - 2022-08-02 22:36:16 --> Controller "App\Controllers\base\Order" loaded.
INFO - 2022-08-02 22:36:16 --> Session: Class initialized using 'CodeIgniter\Session\Handlers\FileHandler' driver.
INFO - 2022-08-02 22:36:16 --> Controller "App\Controllers\base\Order" loaded.
INFO - 2022-08-02 22:37:02 --> Session: Class initialized using 'CodeIgniter\Session\Handlers\FileHandler' driver.
INFO - 2022-08-02 22:37:02 --> Controller "App\Controllers\undangan\Undangan" loaded.
INFO - 2022-08-02 22:37:02 --> Controller "App\Controllers\base\Beranda" loaded.
INFO - 2022-08-02 22:37:02 --> Controller "App\Controllers\base\Beranda" loaded.
INFO - 2022-08-02 22:37:12 --> Session: Class initialized using 'CodeIgniter\Session\Handlers\FileHandler' driver.
INFO - 2022-08-02 22:37:12 --> Controller "App\Controllers\base\Dashboard" loaded.
INFO - 2022-08-02 22:37:15 --> Session: Class initialized using 'CodeIgniter\Session\Handlers\FileHandler' driver.
INFO - 2022-08-02 22:37:15 --> Controller "App\Controllers\base\Dashboard" loaded.
INFO - 2022-08-02 22:37:17 --> Session: Class initialized using 'CodeIgniter\Session\Handlers\FileHandler' driver.
INFO - 2022-08-02 22:37:17 --> Controller "App\Controllers\base\Dashboard" loaded.
INFO - 2022-08-02 22:37:17 --> Session: Class initialized using 'CodeIgniter\Session\Handlers\FileHandler' driver.
INFO - 2022-08-02 22:37:17 --> Controller "App\Controllers\base\Dashboard" loaded.
INFO - 2022-08-02 22:37:17 --> Controller "App\Controllers\base\Beranda" loaded.
INFO - 2022-08-02 22:37:17 --> Controller "App\Controllers\base\Beranda" loaded.
INFO - 2022-08-02 22:37:17 --> Controller "App\Controllers\base\Beranda" loaded.
INFO - 2022-08-02 22:39:19 --> Session: Class initialized using 'CodeIgniter\Session\Handlers\FileHandler' driver.
INFO - 2022-08-02 22:39:19 --> Controller "App\Controllers\base\Dashboard" loaded.
INFO - 2022-08-02 22:40:40 --> Session: Class initialized using 'CodeIgniter\Session\Handlers\FileHandler' driver.
INFO - 2022-08-02 22:40:40 --> Controller "App\Controllers\base\Dashboard" loaded.
INFO - 2022-08-02 22:40:40 --> Controller "App\Controllers\base\Beranda" loaded.
INFO - 2022-08-02 22:41:47 --> Session: Class initialized using 'CodeIgniter\Session\Handlers\FileHandler' driver.
INFO - 2022-08-02 22:41:47 --> Controller "App\Controllers\base\Dashboard" loaded.
INFO - 2022-08-02 22:41:47 --> Controller "App\Controllers\base\Beranda" loaded.
INFO - 2022-08-02 22:41:53 --> Session: Class initialized using 'CodeIgniter\Session\Handlers\FileHandler' driver.
INFO - 2022-08-02 22:41:53 --> Controller "App\Controllers\base\Dashboard" loaded.
INFO - 2022-08-02 22:41:57 --> Session: Class initialized using 'CodeIgniter\Session\Handlers\FileHandler' driver.
INFO - 2022-08-02 22:41:57 --> Controller "App\Controllers\base\Dashboard" loaded.
INFO - 2022-08-02 22:41:57 --> Session: Class initialized using 'CodeIgniter\Session\Handlers\FileHandler' driver.
INFO - 2022-08-02 22:41:57 --> Controller "App\Controllers\base\Dashboard" loaded.
INFO - 2022-08-02 22:41:57 --> Controller "App\Controllers\base\Beranda" loaded.
INFO - 2022-08-02 22:41:59 --> Session: Class initialized using 'CodeIgniter\Session\Handlers\FileHandler' driver.
INFO - 2022-08-02 22:41:59 --> Controller "App\Controllers\base\Dashboard" loaded.
INFO - 2022-08-02 22:42:00 --> Controller "App\Controllers\base\Beranda" loaded.
INFO - 2022-08-02 22:42:02 --> Session: Class initialized using 'CodeIgniter\Session\Handlers\FileHandler' driver.
INFO - 2022-08-02 22:42:02 --> Controller "App\Controllers\base\Dashboard" loaded.
INFO - 2022-08-02 22:42:02 --> Controller "App\Controllers\base\Beranda" loaded.
INFO - 2022-08-02 22:42:39 --> Session: Class initialized using 'CodeIgniter\Session\Handlers\FileHandler' driver.
INFO - 2022-08-02 22:42:39 --> Controller "App\Controllers\base\Dashboard" loaded.
INFO - 2022-08-02 22:42:42 --> Session: Class initialized using 'CodeIgniter\Session\Handlers\FileHandler' driver.
INFO - 2022-08-02 22:42:42 --> Controller "App\Controllers\base\Dashboard" loaded.
INFO - 2022-08-02 22:42:42 --> Session: Class initialized using 'CodeIgniter\Session\Handlers\FileHandler' driver.
INFO - 2022-08-02 22:42:42 --> Controller "App\Controllers\base\Dashboard" loaded.
INFO - 2022-08-02 22:42:43 --> Controller "App\Controllers\base\Beranda" loaded.
INFO - 2022-08-02 22:42:56 --> Session: Class initialized using 'CodeIgniter\Session\Handlers\FileHandler' driver.
INFO - 2022-08-02 22:42:56 --> Controller "App\Controllers\base\Dashboard" loaded.
INFO - 2022-08-02 22:42:59 --> Session: Class initialized using 'CodeIgniter\Session\Handlers\FileHandler' driver.
INFO - 2022-08-02 22:42:59 --> Controller "App\Controllers\base\Dashboard" loaded.
INFO - 2022-08-02 22:42:59 --> Session: Class initialized using 'CodeIgniter\Session\Handlers\FileHandler' driver.
INFO - 2022-08-02 22:42:59 --> Controller "App\Controllers\base\Dashboard" loaded.
INFO - 2022-08-02 22:42:59 --> Controller "App\Controllers\base\Beranda" loaded.
INFO - 2022-08-02 22:43:02 --> Session: Class initialized using 'CodeIgniter\Session\Handlers\FileHandler' driver.
INFO - 2022-08-02 22:43:02 --> Controller "App\Controllers\base\Dashboard" loaded.
INFO - 2022-08-02 22:43:02 --> Controller "App\Controllers\base\Beranda" loaded.
INFO - 2022-08-02 22:43:10 --> Session: Class initialized using 'CodeIgniter\Session\Handlers\FileHandler' driver.
INFO - 2022-08-02 22:43:10 --> Controller "App\Controllers\base\Dashboard" loaded.
INFO - 2022-08-02 22:43:12 --> Session: Class initialized using 'CodeIgniter\Session\Handlers\FileHandler' driver.
INFO - 2022-08-02 22:43:13 --> Controller "App\Controllers\base\Dashboard" loaded.
INFO - 2022-08-02 22:43:13 --> Session: Class initialized using 'CodeIgniter\Session\Handlers\FileHandler' driver.
INFO - 2022-08-02 22:43:13 --> Controller "App\Controllers\base\Dashboard" loaded.
INFO - 2022-08-02 22:43:13 --> Controller "App\Controllers\base\Beranda" loaded.
INFO - 2022-08-02 22:43:41 --> Session: Class initialized using 'CodeIgniter\Session\Handlers\FileHandler' driver.
INFO - 2022-08-02 22:43:41 --> Controller "App\Controllers\base\Dashboard" loaded.
INFO - 2022-08-02 22:43:41 --> Controller "App\Controllers\base\Beranda" loaded.
INFO - 2022-08-02 22:44:00 --> Session: Class initialized using 'CodeIgniter\Session\Handlers\FileHandler' driver.
INFO - 2022-08-02 22:44:00 --> Controller "App\Controllers\base\Dashboard" loaded.
INFO - 2022-08-02 22:44:03 --> Session: Class initialized using 'CodeIgniter\Session\Handlers\FileHandler' driver.
INFO - 2022-08-02 22:44:03 --> Controller "App\Controllers\base\Dashboard" loaded.
INFO - 2022-08-02 22:44:03 --> Session: Class initialized using 'CodeIgniter\Session\Handlers\FileHandler' driver.
INFO - 2022-08-02 22:44:03 --> Controller "App\Controllers\base\Dashboard" loaded.
INFO - 2022-08-02 22:44:03 --> Session: Class initialized using 'CodeIgniter\Session\Handlers\FileHandler' driver.
INFO - 2022-08-02 22:44:03 --> Controller "App\Controllers\base\Dashboard" loaded.
INFO - 2022-08-02 22:44:03 --> Controller "App\Controllers\base\Beranda" loaded.
INFO - 2022-08-02 22:46:22 --> Controller "App\Controllers\base\Beranda" loaded.
INFO - 2022-08-02 22:46:25 --> Session: Class initialized using 'CodeIgniter\Session\Handlers\FileHandler' driver.
INFO - 2022-08-02 22:46:25 --> Controller "App\Controllers\base\Dashboard" loaded.
INFO - 2022-08-02 22:46:26 --> Controller "App\Controllers\base\Beranda" loaded.
INFO - 2022-08-02 22:46:26 --> Controller "App\Controllers\base\Beranda" loaded.
INFO - 2022-08-02 22:46:43 --> Session: Class initialized using 'CodeIgniter\Session\Handlers\FileHandler' driver.
INFO - 2022-08-02 22:46:43 --> Controller "App\Controllers\base\Dashboard" loaded.
INFO - 2022-08-02 22:46:45 --> Session: Class initialized using 'CodeIgniter\Session\Handlers\FileHandler' driver.
INFO - 2022-08-02 22:46:45 --> Controller "App\Controllers\base\Dashboard" loaded.
INFO - 2022-08-02 22:46:45 --> Session: Class initialized using 'CodeIgniter\Session\Handlers\FileHandler' driver.
INFO - 2022-08-02 22:46:45 --> Controller "App\Controllers\base\Dashboard" loaded.
INFO - 2022-08-02 22:46:46 --> Controller "App\Controllers\base\Beranda" loaded.
INFO - 2022-08-02 22:46:50 --> Session: Class initialized using 'CodeIgniter\Session\Handlers\FileHandler' driver.
INFO - 2022-08-02 22:46:50 --> Controller "App\Controllers\base\Dashboard" loaded.
INFO - 2022-08-02 22:47:51 --> Session: Class initialized using 'CodeIgniter\Session\Handlers\FileHandler' driver.
INFO - 2022-08-02 22:47:51 --> Controller "App\Controllers\base\Dashboard" loaded.
INFO - 2022-08-02 22:48:01 --> Session: Class initialized using 'CodeIgniter\Session\Handlers\FileHandler' driver.
INFO - 2022-08-02 22:48:01 --> Controller "App\Controllers\base\Dashboard" loaded.
INFO - 2022-08-02 22:48:03 --> Session: Class initialized using 'CodeIgniter\Session\Handlers\FileHandler' driver.
INFO - 2022-08-02 22:48:03 --> Controller "App\Controllers\base\Dashboard" loaded.
INFO - 2022-08-02 22:48:45 --> Session: Class initialized using 'CodeIgniter\Session\Handlers\FileHandler' driver.
INFO - 2022-08-02 22:48:45 --> Controller "App\Controllers\base\Dashboard" loaded.
INFO - 2022-08-02 22:48:50 --> Session: Class initialized using 'CodeIgniter\Session\Handlers\FileHandler' driver.
INFO - 2022-08-02 22:48:50 --> Controller "App\Controllers\base\Dashboard" loaded.
INFO - 2022-08-02 22:48:54 --> Session: Class initialized using 'CodeIgniter\Session\Handlers\FileHandler' driver.
INFO - 2022-08-02 22:48:54 --> Controller "App\Controllers\base\Dashboard" loaded.
INFO - 2022-08-02 22:49:04 --> Session: Class initialized using 'CodeIgniter\Session\Handlers\FileHandler' driver.
INFO - 2022-08-02 22:49:04 --> Controller "App\Controllers\undangan\Undangan" loaded.
INFO - 2022-08-02 22:49:07 --> Controller "App\Controllers\base\Beranda" loaded.
INFO - 2022-08-02 22:49:07 --> Controller "App\Controllers\base\Beranda" loaded.
INFO - 2022-08-02 22:49:17 --> Session: Class initialized using 'CodeIgniter\Session\Handlers\FileHandler' driver.
INFO - 2022-08-02 22:49:17 --> Controller "App\Controllers\undangan\Undangan" loaded.
INFO - 2022-08-02 22:49:18 --> Controller "App\Controllers\base\Beranda" loaded.
INFO - 2022-08-02 22:49:18 --> Controller "App\Controllers\base\Beranda" loaded.
INFO - 2022-08-02 22:49:21 --> Session: Class initialized using 'CodeIgniter\Session\Handlers\FileHandler' driver.
INFO - 2022-08-02 22:49:21 --> Controller "App\Controllers\undangan\Undangan" loaded.
INFO - 2022-08-02 22:49:21 --> Controller "App\Controllers\base\Beranda" loaded.
INFO - 2022-08-02 22:49:21 --> Controller "App\Controllers\base\Beranda" loaded.
INFO - 2022-08-02 22:50:11 --> Session: Class initialized using 'CodeIgniter\Session\Handlers\FileHandler' driver.
INFO - 2022-08-02 22:50:11 --> Controller "App\Controllers\base\Dashboard" loaded.
INFO - 2022-08-02 22:50:11 --> Session: Class initialized using 'CodeIgniter\Session\Handlers\FileHandler' driver.
INFO - 2022-08-02 22:50:11 --> Controller "App\Controllers\base\Dashboard" loaded.
INFO - 2022-08-02 22:50:12 --> Session: Class initialized using 'CodeIgniter\Session\Handlers\FileHandler' driver.
INFO - 2022-08-02 22:50:12 --> Controller "App\Controllers\base\Dashboard" loaded.
INFO - 2022-08-02 22:50:13 --> Session: Class initialized using 'CodeIgniter\Session\Handlers\FileHandler' driver.
INFO - 2022-08-02 22:50:13 --> Controller "App\Controllers\base\Dashboard" loaded.
INFO - 2022-08-02 22:50:15 --> Session: Class initialized using 'CodeIgniter\Session\Handlers\FileHandler' driver.
INFO - 2022-08-02 22:50:15 --> Controller "App\Controllers\base\Dashboard" loaded.
INFO - 2022-08-02 22:50:19 --> Session: Class initialized using 'CodeIgniter\Session\Handlers\FileHandler' driver.
INFO - 2022-08-02 22:50:19 --> Controller "App\Controllers\undangan\Undangan" loaded.
INFO - 2022-08-02 22:50:19 --> Controller "App\Controllers\base\Beranda" loaded.
INFO - 2022-08-02 22:50:19 --> Controller "App\Controllers\base\Beranda" loaded.
INFO - 2022-08-02 22:50:29 --> Session: Class initialized using 'CodeIgniter\Session\Handlers\FileHandler' driver.
INFO - 2022-08-02 22:50:29 --> Controller "App\Controllers\base\Dashboard" loaded.
INFO - 2022-08-02 22:50:33 --> Session: Class initialized using 'CodeIgniter\Session\Handlers\FileHandler' driver.
INFO - 2022-08-02 22:50:33 --> Controller "App\Controllers\undangan\Undangan" loaded.
INFO - 2022-08-02 22:50:33 --> Controller "App\Controllers\base\Beranda" loaded.
INFO - 2022-08-02 22:50:33 --> Controller "App\Controllers\base\Beranda" loaded.
INFO - 2022-08-02 22:52:25 --> Session: Class initialized using 'CodeIgniter\Session\Handlers\FileHandler' driver.
INFO - 2022-08-02 22:52:25 --> Controller "App\Controllers\base\Dashboard" loaded.
INFO - 2022-08-02 22:52:28 --> Session: Class initialized using 'CodeIgniter\Session\Handlers\FileHandler' driver.
INFO - 2022-08-02 22:52:28 --> Controller "App\Controllers\base\Dashboard" loaded.
INFO - 2022-08-02 22:52:30 --> Session: Class initialized using 'CodeIgniter\Session\Handlers\FileHandler' driver.
INFO - 2022-08-02 22:52:30 --> Controller "App\Controllers\base\Dashboard" loaded.
INFO - 2022-08-02 22:52:31 --> Session: Class initialized using 'CodeIgniter\Session\Handlers\FileHandler' driver.
INFO - 2022-08-02 22:52:31 --> Controller "App\Controllers\base\Dashboard" loaded.
INFO - 2022-08-02 22:52:31 --> Session: Class initialized using 'CodeIgniter\Session\Handlers\FileHandler' driver.
INFO - 2022-08-02 22:52:31 --> Controller "App\Controllers\base\Dashboard" loaded.
INFO - 2022-08-02 22:52:32 --> Session: Class initialized using 'CodeIgniter\Session\Handlers\FileHandler' driver.
INFO - 2022-08-02 22:52:32 --> Controller "App\Controllers\base\Dashboard" loaded.
INFO - 2022-08-02 22:52:33 --> Session: Class initialized using 'CodeIgniter\Session\Handlers\FileHandler' driver.
INFO - 2022-08-02 22:52:33 --> Controller "App\Controllers\base\Dashboard" loaded.
INFO - 2022-08-02 22:52:35 --> Session: Class initialized using 'CodeIgniter\Session\Handlers\FileHandler' driver.
INFO - 2022-08-02 22:52:35 --> Controller "App\Controllers\base\Dashboard" loaded.
INFO - 2022-08-02 22:52:36 --> Session: Class initialized using 'CodeIgniter\Session\Handlers\FileHandler' driver.
INFO - 2022-08-02 22:52:36 --> Controller "App\Controllers\base\Dashboard" loaded.
INFO - 2022-08-02 22:52:38 --> Session: Class initialized using 'CodeIgniter\Session\Handlers\FileHandler' driver.
INFO - 2022-08-02 22:52:38 --> Controller "App\Controllers\base\Dashboard" loaded.
INFO - 2022-08-02 22:52:41 --> Session: Class initialized using 'CodeIgniter\Session\Handlers\FileHandler' driver.
INFO - 2022-08-02 22:52:41 --> Controller "App\Controllers\base\Dashboard" loaded.
INFO - 2022-08-02 22:52:42 --> Session: Class initialized using 'CodeIgniter\Session\Handlers\FileHandler' driver.
INFO - 2022-08-02 22:52:42 --> Controller "App\Controllers\base\Dashboard" loaded.
INFO - 2022-08-02 22:52:46 --> Session: Class initialized using 'CodeIgniter\Session\Handlers\FileHandler' driver.
INFO - 2022-08-02 22:52:46 --> Controller "App\Controllers\undangan\Undangan" loaded.
INFO - 2022-08-02 22:52:46 --> Controller "App\Controllers\base\Beranda" loaded.
INFO - 2022-08-02 22:52:46 --> Controller "App\Controllers\base\Beranda" loaded.
INFO - 2022-08-02 22:52:56 --> Session: Class initialized using 'CodeIgniter\Session\Handlers\FileHandler' driver.
INFO - 2022-08-02 22:52:57 --> Controller "App\Controllers\base\Dashboard" loaded.
INFO - 2022-08-02 22:53:00 --> Session: Class initialized using 'CodeIgniter\Session\Handlers\FileHandler' driver.
INFO - 2022-08-02 22:53:00 --> Controller "App\Controllers\undangan\Undangan" loaded.
INFO - 2022-08-02 22:53:00 --> Controller "App\Controllers\base\Beranda" loaded.
INFO - 2022-08-02 22:53:00 --> Controller "App\Controllers\base\Beranda" loaded.
