INFO - 2022-06-03 02:02:47 --> Controller "CodeIgniter\CLI\CommandRunner" loaded.
INFO - 2022-06-03 02:02:55 --> Controller "App\Controllers\base\Beranda" loaded.
CRITICAL - 2022-06-03 02:02:55 --> Unknown database 'sidoinikahv2'
#0 C:\laragon\www\undangan\system\Database\BaseConnection.php(377): CodeIgniter\Database\MySQLi\Connection->connect(false)
#1 C:\laragon\www\undangan\system\Database\BaseConnection.php(643): CodeIgniter\Database\BaseConnection->initialize()
#2 C:\laragon\www\undangan\system\Database\BaseBuilder.php(1819): CodeIgniter\Database\BaseConnection->query('SELECT *\nFROM `...', Array, false)
#3 C:\laragon\www\undangan\app\Models\base\BerandaModel.php(31): CodeIgniter\Database\BaseBuilder->get()
#4 C:\laragon\www\undangan\app\Controllers\base\Beranda.php(26): App\Models\base\BerandaModel->get_all_themes()
#5 C:\laragon\www\undangan\system\CodeIgniter.php(910): App\Controllers\base\Beranda->index()
#6 C:\laragon\www\undangan\system\CodeIgniter.php(398): CodeIgniter\CodeIgniter->runController(Object(App\Controllers\base\Beranda))
#7 C:\laragon\www\undangan\system\CodeIgniter.php(306): CodeIgniter\CodeIgniter->handleRequest(NULL, Object(Config\Cache), false)
#8 C:\laragon\www\undangan\public\index.php(45): CodeIgniter\CodeIgniter->run()
#9 C:\laragon\www\undangan\system\Commands\Server\rewrite.php(34): require_once('C:\\laragon\\www\\...')
#10 {main}
INFO - 2022-06-03 02:02:55 --> Controller "App\Controllers\base\Beranda" loaded.
CRITICAL - 2022-06-03 02:02:55 --> Unknown database 'sidoinikahv2'
#0 C:\laragon\www\undangan\system\Database\BaseConnection.php(377): CodeIgniter\Database\MySQLi\Connection->connect(false)
#1 C:\laragon\www\undangan\system\Database\BaseConnection.php(643): CodeIgniter\Database\BaseConnection->initialize()
#2 C:\laragon\www\undangan\system\Database\BaseBuilder.php(1819): CodeIgniter\Database\BaseConnection->query('SELECT *\nFROM `...', Array, false)
#3 C:\laragon\www\undangan\app\Models\base\BerandaModel.php(31): CodeIgniter\Database\BaseBuilder->get()
#4 C:\laragon\www\undangan\app\Controllers\base\Beranda.php(26): App\Models\base\BerandaModel->get_all_themes()
#5 C:\laragon\www\undangan\system\CodeIgniter.php(910): App\Controllers\base\Beranda->index()
#6 C:\laragon\www\undangan\system\CodeIgniter.php(398): CodeIgniter\CodeIgniter->runController(Object(App\Controllers\base\Beranda))
#7 C:\laragon\www\undangan\system\CodeIgniter.php(306): CodeIgniter\CodeIgniter->handleRequest(NULL, Object(Config\Cache), false)
#8 C:\laragon\www\undangan\public\index.php(45): CodeIgniter\CodeIgniter->run()
#9 C:\laragon\www\undangan\system\Commands\Server\rewrite.php(34): require_once('C:\\laragon\\www\\...')
#10 {main}
INFO - 2022-06-03 02:02:57 --> Controller "App\Controllers\base\Beranda" loaded.
CRITICAL - 2022-06-03 02:02:57 --> Unknown database 'sidoinikahv2'
#0 C:\laragon\www\undangan\system\Database\BaseConnection.php(377): CodeIgniter\Database\MySQLi\Connection->connect(false)
#1 C:\laragon\www\undangan\system\Database\BaseConnection.php(643): CodeIgniter\Database\BaseConnection->initialize()
#2 C:\laragon\www\undangan\system\Database\BaseBuilder.php(1819): CodeIgniter\Database\BaseConnection->query('SELECT *\nFROM `...', Array, false)
#3 C:\laragon\www\undangan\app\Models\base\BerandaModel.php(31): CodeIgniter\Database\BaseBuilder->get()
#4 C:\laragon\www\undangan\app\Controllers\base\Beranda.php(26): App\Models\base\BerandaModel->get_all_themes()
#5 C:\laragon\www\undangan\system\CodeIgniter.php(910): App\Controllers\base\Beranda->index()
#6 C:\laragon\www\undangan\system\CodeIgniter.php(398): CodeIgniter\CodeIgniter->runController(Object(App\Controllers\base\Beranda))
#7 C:\laragon\www\undangan\system\CodeIgniter.php(306): CodeIgniter\CodeIgniter->handleRequest(NULL, Object(Config\Cache), false)
#8 C:\laragon\www\undangan\public\index.php(45): CodeIgniter\CodeIgniter->run()
#9 C:\laragon\www\undangan\system\Commands\Server\rewrite.php(34): require_once('C:\\laragon\\www\\...')
#10 {main}
INFO - 2022-06-03 02:02:57 --> Controller "App\Controllers\base\Beranda" loaded.
CRITICAL - 2022-06-03 02:02:57 --> Unknown database 'sidoinikahv2'
#0 C:\laragon\www\undangan\system\Database\BaseConnection.php(377): CodeIgniter\Database\MySQLi\Connection->connect(false)
#1 C:\laragon\www\undangan\system\Database\BaseConnection.php(643): CodeIgniter\Database\BaseConnection->initialize()
#2 C:\laragon\www\undangan\system\Database\BaseBuilder.php(1819): CodeIgniter\Database\BaseConnection->query('SELECT *\nFROM `...', Array, false)
#3 C:\laragon\www\undangan\app\Models\base\BerandaModel.php(31): CodeIgniter\Database\BaseBuilder->get()
#4 C:\laragon\www\undangan\app\Controllers\base\Beranda.php(26): App\Models\base\BerandaModel->get_all_themes()
#5 C:\laragon\www\undangan\system\CodeIgniter.php(910): App\Controllers\base\Beranda->index()
#6 C:\laragon\www\undangan\system\CodeIgniter.php(398): CodeIgniter\CodeIgniter->runController(Object(App\Controllers\base\Beranda))
#7 C:\laragon\www\undangan\system\CodeIgniter.php(306): CodeIgniter\CodeIgniter->handleRequest(NULL, Object(Config\Cache), false)
#8 C:\laragon\www\undangan\public\index.php(45): CodeIgniter\CodeIgniter->run()
#9 C:\laragon\www\undangan\system\Commands\Server\rewrite.php(34): require_once('C:\\laragon\\www\\...')
#10 {main}
INFO - 2022-06-03 02:03:06 --> Controller "App\Controllers\base\Beranda" loaded.
CRITICAL - 2022-06-03 02:03:06 --> Unknown database 'sidoinikahv2'
#0 C:\laragon\www\undangan\system\Database\BaseConnection.php(377): CodeIgniter\Database\MySQLi\Connection->connect(false)
#1 C:\laragon\www\undangan\system\Database\BaseConnection.php(643): CodeIgniter\Database\BaseConnection->initialize()
#2 C:\laragon\www\undangan\system\Database\BaseBuilder.php(1819): CodeIgniter\Database\BaseConnection->query('SELECT *\nFROM `...', Array, false)
#3 C:\laragon\www\undangan\app\Models\base\BerandaModel.php(31): CodeIgniter\Database\BaseBuilder->get()
#4 C:\laragon\www\undangan\app\Controllers\base\Beranda.php(26): App\Models\base\BerandaModel->get_all_themes()
#5 C:\laragon\www\undangan\system\CodeIgniter.php(910): App\Controllers\base\Beranda->index()
#6 C:\laragon\www\undangan\system\CodeIgniter.php(398): CodeIgniter\CodeIgniter->runController(Object(App\Controllers\base\Beranda))
#7 C:\laragon\www\undangan\system\CodeIgniter.php(306): CodeIgniter\CodeIgniter->handleRequest(NULL, Object(Config\Cache), false)
#8 C:\laragon\www\undangan\public\index.php(45): CodeIgniter\CodeIgniter->run()
#9 C:\laragon\www\undangan\system\Commands\Server\rewrite.php(34): require_once('C:\\laragon\\www\\...')
#10 {main}
INFO - 2022-06-03 02:03:06 --> Controller "App\Controllers\base\Beranda" loaded.
CRITICAL - 2022-06-03 02:03:06 --> Unknown database 'sidoinikahv2'
#0 C:\laragon\www\undangan\system\Database\BaseConnection.php(377): CodeIgniter\Database\MySQLi\Connection->connect(false)
#1 C:\laragon\www\undangan\system\Database\BaseConnection.php(643): CodeIgniter\Database\BaseConnection->initialize()
#2 C:\laragon\www\undangan\system\Database\BaseBuilder.php(1819): CodeIgniter\Database\BaseConnection->query('SELECT *\nFROM `...', Array, false)
#3 C:\laragon\www\undangan\app\Models\base\BerandaModel.php(31): CodeIgniter\Database\BaseBuilder->get()
#4 C:\laragon\www\undangan\app\Controllers\base\Beranda.php(26): App\Models\base\BerandaModel->get_all_themes()
#5 C:\laragon\www\undangan\system\CodeIgniter.php(910): App\Controllers\base\Beranda->index()
#6 C:\laragon\www\undangan\system\CodeIgniter.php(398): CodeIgniter\CodeIgniter->runController(Object(App\Controllers\base\Beranda))
#7 C:\laragon\www\undangan\system\CodeIgniter.php(306): CodeIgniter\CodeIgniter->handleRequest(NULL, Object(Config\Cache), false)
#8 C:\laragon\www\undangan\public\index.php(45): CodeIgniter\CodeIgniter->run()
#9 C:\laragon\www\undangan\system\Commands\Server\rewrite.php(34): require_once('C:\\laragon\\www\\...')
#10 {main}
INFO - 2022-06-03 02:03:06 --> Controller "App\Controllers\base\Beranda" loaded.
CRITICAL - 2022-06-03 02:03:06 --> Unknown database 'sidoinikahv2'
#0 C:\laragon\www\undangan\system\Database\BaseConnection.php(377): CodeIgniter\Database\MySQLi\Connection->connect(false)
#1 C:\laragon\www\undangan\system\Database\BaseConnection.php(643): CodeIgniter\Database\BaseConnection->initialize()
#2 C:\laragon\www\undangan\system\Database\BaseBuilder.php(1819): CodeIgniter\Database\BaseConnection->query('SELECT *\nFROM `...', Array, false)
#3 C:\laragon\www\undangan\app\Models\base\BerandaModel.php(31): CodeIgniter\Database\BaseBuilder->get()
#4 C:\laragon\www\undangan\app\Controllers\base\Beranda.php(26): App\Models\base\BerandaModel->get_all_themes()
#5 C:\laragon\www\undangan\system\CodeIgniter.php(910): App\Controllers\base\Beranda->index()
#6 C:\laragon\www\undangan\system\CodeIgniter.php(398): CodeIgniter\CodeIgniter->runController(Object(App\Controllers\base\Beranda))
#7 C:\laragon\www\undangan\system\CodeIgniter.php(306): CodeIgniter\CodeIgniter->handleRequest(NULL, Object(Config\Cache), false)
#8 C:\laragon\www\undangan\public\index.php(45): CodeIgniter\CodeIgniter->run()
#9 C:\laragon\www\undangan\system\Commands\Server\rewrite.php(34): require_once('C:\\laragon\\www\\...')
#10 {main}
INFO - 2022-06-03 02:03:07 --> Controller "App\Controllers\base\Beranda" loaded.
CRITICAL - 2022-06-03 02:03:07 --> Unknown database 'sidoinikahv2'
#0 C:\laragon\www\undangan\system\Database\BaseConnection.php(377): CodeIgniter\Database\MySQLi\Connection->connect(false)
#1 C:\laragon\www\undangan\system\Database\BaseConnection.php(643): CodeIgniter\Database\BaseConnection->initialize()
#2 C:\laragon\www\undangan\system\Database\BaseBuilder.php(1819): CodeIgniter\Database\BaseConnection->query('SELECT *\nFROM `...', Array, false)
#3 C:\laragon\www\undangan\app\Models\base\BerandaModel.php(31): CodeIgniter\Database\BaseBuilder->get()
#4 C:\laragon\www\undangan\app\Controllers\base\Beranda.php(26): App\Models\base\BerandaModel->get_all_themes()
#5 C:\laragon\www\undangan\system\CodeIgniter.php(910): App\Controllers\base\Beranda->index()
#6 C:\laragon\www\undangan\system\CodeIgniter.php(398): CodeIgniter\CodeIgniter->runController(Object(App\Controllers\base\Beranda))
#7 C:\laragon\www\undangan\system\CodeIgniter.php(306): CodeIgniter\CodeIgniter->handleRequest(NULL, Object(Config\Cache), false)
#8 C:\laragon\www\undangan\public\index.php(45): CodeIgniter\CodeIgniter->run()
#9 C:\laragon\www\undangan\system\Commands\Server\rewrite.php(34): require_once('C:\\laragon\\www\\...')
#10 {main}
INFO - 2022-06-03 02:03:07 --> Controller "App\Controllers\base\Beranda" loaded.
CRITICAL - 2022-06-03 02:03:07 --> Unknown database 'sidoinikahv2'
#0 C:\laragon\www\undangan\system\Database\BaseConnection.php(377): CodeIgniter\Database\MySQLi\Connection->connect(false)
#1 C:\laragon\www\undangan\system\Database\BaseConnection.php(643): CodeIgniter\Database\BaseConnection->initialize()
#2 C:\laragon\www\undangan\system\Database\BaseBuilder.php(1819): CodeIgniter\Database\BaseConnection->query('SELECT *\nFROM `...', Array, false)
#3 C:\laragon\www\undangan\app\Models\base\BerandaModel.php(31): CodeIgniter\Database\BaseBuilder->get()
#4 C:\laragon\www\undangan\app\Controllers\base\Beranda.php(26): App\Models\base\BerandaModel->get_all_themes()
#5 C:\laragon\www\undangan\system\CodeIgniter.php(910): App\Controllers\base\Beranda->index()
#6 C:\laragon\www\undangan\system\CodeIgniter.php(398): CodeIgniter\CodeIgniter->runController(Object(App\Controllers\base\Beranda))
#7 C:\laragon\www\undangan\system\CodeIgniter.php(306): CodeIgniter\CodeIgniter->handleRequest(NULL, Object(Config\Cache), false)
#8 C:\laragon\www\undangan\public\index.php(45): CodeIgniter\CodeIgniter->run()
#9 C:\laragon\www\undangan\system\Commands\Server\rewrite.php(34): require_once('C:\\laragon\\www\\...')
#10 {main}
INFO - 2022-06-03 02:03:07 --> Controller "App\Controllers\base\Beranda" loaded.
CRITICAL - 2022-06-03 02:03:07 --> Unknown database 'sidoinikahv2'
#0 C:\laragon\www\undangan\system\Database\BaseConnection.php(377): CodeIgniter\Database\MySQLi\Connection->connect(false)
#1 C:\laragon\www\undangan\system\Database\BaseConnection.php(643): CodeIgniter\Database\BaseConnection->initialize()
#2 C:\laragon\www\undangan\system\Database\BaseBuilder.php(1819): CodeIgniter\Database\BaseConnection->query('SELECT *\nFROM `...', Array, false)
#3 C:\laragon\www\undangan\app\Models\base\BerandaModel.php(31): CodeIgniter\Database\BaseBuilder->get()
#4 C:\laragon\www\undangan\app\Controllers\base\Beranda.php(26): App\Models\base\BerandaModel->get_all_themes()
#5 C:\laragon\www\undangan\system\CodeIgniter.php(910): App\Controllers\base\Beranda->index()
#6 C:\laragon\www\undangan\system\CodeIgniter.php(398): CodeIgniter\CodeIgniter->runController(Object(App\Controllers\base\Beranda))
#7 C:\laragon\www\undangan\system\CodeIgniter.php(306): CodeIgniter\CodeIgniter->handleRequest(NULL, Object(Config\Cache), false)
#8 C:\laragon\www\undangan\public\index.php(45): CodeIgniter\CodeIgniter->run()
#9 C:\laragon\www\undangan\system\Commands\Server\rewrite.php(34): require_once('C:\\laragon\\www\\...')
#10 {main}
INFO - 2022-06-03 02:03:40 --> Controller "App\Controllers\base\Beranda" loaded.
INFO - 2022-06-03 02:12:16 --> Controller "CodeIgniter\CLI\CommandRunner" loaded.
INFO - 2022-06-03 02:12:20 --> Controller "App\Controllers\base\Beranda" loaded.
INFO - 2022-06-03 02:24:31 --> Controller "CodeIgniter\CLI\CommandRunner" loaded.
INFO - 2022-06-03 02:25:29 --> Controller "CodeIgniter\CLI\CommandRunner" loaded.
INFO - 2022-06-03 02:25:32 --> Controller "App\Controllers\base\Beranda" loaded.
INFO - 2022-06-03 02:26:56 --> Controller "App\Controllers\base\Beranda" loaded.
INFO - 2022-06-03 02:26:57 --> Session: Class initialized using 'CodeIgniter\Session\Handlers\FileHandler' driver.
INFO - 2022-06-03 02:26:57 --> Controller "App\Controllers\base\Dashboard" loaded.
INFO - 2022-06-03 02:27:02 --> Controller "App\Controllers\base\Beranda" loaded.
INFO - 2022-06-03 02:27:26 --> Controller "CodeIgniter\CLI\CommandRunner" loaded.
INFO - 2022-06-03 02:27:34 --> Controller "CodeIgniter\CLI\CommandRunner" loaded.
INFO - 2022-06-03 02:28:07 --> Controller "CodeIgniter\CLI\CommandRunner" loaded.
INFO - 2022-06-03 02:28:19 --> Controller "CodeIgniter\CLI\CommandRunner" loaded.
INFO - 2022-06-03 02:28:24 --> Controller "App\Controllers\base\Beranda" loaded.
INFO - 2022-06-03 02:28:32 --> Controller "App\Controllers\base\Beranda" loaded.
INFO - 2022-06-03 02:28:35 --> Session: Class initialized using 'CodeIgniter\Session\Handlers\FileHandler' driver.
INFO - 2022-06-03 02:28:35 --> Controller "App\Controllers\base\Dashboard" loaded.
INFO - 2022-06-03 02:28:38 --> Controller "App\Controllers\base\Beranda" loaded.
INFO - 2022-06-03 02:29:52 --> Controller "CodeIgniter\CLI\CommandRunner" loaded.
INFO - 2022-06-03 02:29:55 --> Session: Class initialized using 'CodeIgniter\Session\Handlers\FileHandler' driver.
INFO - 2022-06-03 02:29:55 --> Controller "App\Controllers\undangan\Undangan" loaded.
INFO - 2022-06-03 02:29:55 --> Session: Class initialized using 'CodeIgniter\Session\Handlers\FileHandler' driver.
INFO - 2022-06-03 02:29:55 --> Controller "App\Controllers\undangan\Undangan" loaded.
INFO - 2022-06-03 02:29:57 --> Session: Class initialized using 'CodeIgniter\Session\Handlers\FileHandler' driver.
INFO - 2022-06-03 02:29:57 --> Controller "App\Controllers\undangan\Undangan" loaded.
INFO - 2022-06-03 02:29:57 --> Session: Class initialized using 'CodeIgniter\Session\Handlers\FileHandler' driver.
INFO - 2022-06-03 02:29:57 --> Controller "App\Controllers\undangan\Undangan" loaded.
INFO - 2022-06-03 02:29:58 --> Session: Class initialized using 'CodeIgniter\Session\Handlers\FileHandler' driver.
INFO - 2022-06-03 02:29:58 --> Controller "App\Controllers\undangan\Undangan" loaded.
INFO - 2022-06-03 02:29:58 --> Session: Class initialized using 'CodeIgniter\Session\Handlers\FileHandler' driver.
INFO - 2022-06-03 02:29:58 --> Controller "App\Controllers\undangan\Undangan" loaded.
INFO - 2022-06-03 02:29:58 --> Session: Class initialized using 'CodeIgniter\Session\Handlers\FileHandler' driver.
INFO - 2022-06-03 02:29:58 --> Controller "App\Controllers\undangan\Undangan" loaded.
INFO - 2022-06-03 02:29:58 --> Session: Class initialized using 'CodeIgniter\Session\Handlers\FileHandler' driver.
INFO - 2022-06-03 02:29:58 --> Controller "App\Controllers\undangan\Undangan" loaded.
INFO - 2022-06-03 02:30:07 --> Controller "App\Controllers\base\Beranda" loaded.
INFO - 2022-06-03 02:30:14 --> Session: Class initialized using 'CodeIgniter\Session\Handlers\FileHandler' driver.
INFO - 2022-06-03 02:30:14 --> Controller "App\Controllers\admin\Admin" loaded.
INFO - 2022-06-03 02:30:15 --> Session: Class initialized using 'CodeIgniter\Session\Handlers\FileHandler' driver.
INFO - 2022-06-03 02:30:15 --> Controller "App\Controllers\admin\Admin" loaded.
INFO - 2022-06-03 02:30:42 --> Session: Class initialized using 'CodeIgniter\Session\Handlers\FileHandler' driver.
INFO - 2022-06-03 02:30:42 --> Controller "App\Controllers\undangan\Undangan" loaded.
INFO - 2022-06-03 02:30:43 --> Session: Class initialized using 'CodeIgniter\Session\Handlers\FileHandler' driver.
INFO - 2022-06-03 02:30:43 --> Controller "App\Controllers\undangan\Undangan" loaded.
INFO - 2022-06-03 02:31:30 --> Session: Class initialized using 'CodeIgniter\Session\Handlers\FileHandler' driver.
INFO - 2022-06-03 02:31:30 --> Controller "App\Controllers\admin\Admin" loaded.
INFO - 2022-06-03 02:31:30 --> Session: Class initialized using 'CodeIgniter\Session\Handlers\FileHandler' driver.
INFO - 2022-06-03 02:31:30 --> Controller "App\Controllers\admin\Admin" loaded.
INFO - 2022-06-03 02:32:00 --> Controller "CodeIgniter\CLI\CommandRunner" loaded.
INFO - 2022-06-03 02:32:09 --> Controller "App\Controllers\base\Beranda" loaded.
INFO - 2022-06-03 02:32:13 --> Session: Class initialized using 'CodeIgniter\Session\Handlers\FileHandler' driver.
INFO - 2022-06-03 02:32:13 --> Controller "App\Controllers\undangan\Undangan" loaded.
INFO - 2022-06-03 02:32:14 --> Session: Class initialized using 'CodeIgniter\Session\Handlers\FileHandler' driver.
INFO - 2022-06-03 02:32:14 --> Controller "App\Controllers\undangan\Undangan" loaded.
INFO - 2022-06-03 02:32:43 --> Session: Class initialized using 'CodeIgniter\Session\Handlers\FileHandler' driver.
INFO - 2022-06-03 02:32:43 --> Controller "App\Controllers\undangan\Undangan" loaded.
INFO - 2022-06-03 02:32:43 --> Session: Class initialized using 'CodeIgniter\Session\Handlers\FileHandler' driver.
INFO - 2022-06-03 02:32:43 --> Controller "App\Controllers\undangan\Undangan" loaded.
INFO - 2022-06-03 02:32:43 --> Session: Class initialized using 'CodeIgniter\Session\Handlers\FileHandler' driver.
INFO - 2022-06-03 02:32:43 --> Controller "App\Controllers\undangan\Undangan" loaded.
INFO - 2022-06-03 02:32:44 --> Session: Class initialized using 'CodeIgniter\Session\Handlers\FileHandler' driver.
INFO - 2022-06-03 02:32:44 --> Controller "App\Controllers\undangan\Undangan" loaded.
INFO - 2022-06-03 02:32:44 --> Session: Class initialized using 'CodeIgniter\Session\Handlers\FileHandler' driver.
INFO - 2022-06-03 02:32:44 --> Controller "App\Controllers\undangan\Undangan" loaded.
INFO - 2022-06-03 02:32:44 --> Session: Class initialized using 'CodeIgniter\Session\Handlers\FileHandler' driver.
INFO - 2022-06-03 02:32:44 --> Controller "App\Controllers\undangan\Undangan" loaded.
INFO - 2022-06-03 02:32:44 --> Session: Class initialized using 'CodeIgniter\Session\Handlers\FileHandler' driver.
INFO - 2022-06-03 02:32:44 --> Controller "App\Controllers\undangan\Undangan" loaded.
INFO - 2022-06-03 02:32:44 --> Session: Class initialized using 'CodeIgniter\Session\Handlers\FileHandler' driver.
INFO - 2022-06-03 02:32:44 --> Controller "App\Controllers\undangan\Undangan" loaded.
INFO - 2022-06-03 02:32:44 --> Session: Class initialized using 'CodeIgniter\Session\Handlers\FileHandler' driver.
INFO - 2022-06-03 02:32:44 --> Controller "App\Controllers\undangan\Undangan" loaded.
INFO - 2022-06-03 02:32:45 --> Session: Class initialized using 'CodeIgniter\Session\Handlers\FileHandler' driver.
INFO - 2022-06-03 02:32:45 --> Controller "App\Controllers\undangan\Undangan" loaded.
INFO - 2022-06-03 02:32:45 --> Session: Class initialized using 'CodeIgniter\Session\Handlers\FileHandler' driver.
INFO - 2022-06-03 02:32:45 --> Controller "App\Controllers\undangan\Undangan" loaded.
INFO - 2022-06-03 02:32:45 --> Session: Class initialized using 'CodeIgniter\Session\Handlers\FileHandler' driver.
INFO - 2022-06-03 02:32:45 --> Controller "App\Controllers\undangan\Undangan" loaded.
INFO - 2022-06-03 02:33:17 --> Controller "CodeIgniter\CLI\CommandRunner" loaded.
INFO - 2022-06-03 02:33:26 --> Session: Class initialized using 'CodeIgniter\Session\Handlers\FileHandler' driver.
INFO - 2022-06-03 02:33:26 --> Controller "App\Controllers\undangan\Undangan" loaded.
INFO - 2022-06-03 02:33:26 --> Session: Class initialized using 'CodeIgniter\Session\Handlers\FileHandler' driver.
INFO - 2022-06-03 02:33:26 --> Controller "App\Controllers\undangan\Undangan" loaded.
INFO - 2022-06-03 02:33:31 --> Session: Class initialized using 'CodeIgniter\Session\Handlers\FileHandler' driver.
INFO - 2022-06-03 02:33:31 --> Controller "App\Controllers\undangan\Undangan" loaded.
INFO - 2022-06-03 02:33:32 --> Session: Class initialized using 'CodeIgniter\Session\Handlers\FileHandler' driver.
INFO - 2022-06-03 02:33:32 --> Controller "App\Controllers\undangan\Undangan" loaded.
INFO - 2022-06-03 02:33:33 --> Session: Class initialized using 'CodeIgniter\Session\Handlers\FileHandler' driver.
INFO - 2022-06-03 02:33:33 --> Controller "App\Controllers\undangan\Undangan" loaded.
INFO - 2022-06-03 02:33:33 --> Session: Class initialized using 'CodeIgniter\Session\Handlers\FileHandler' driver.
INFO - 2022-06-03 02:33:33 --> Controller "App\Controllers\undangan\Undangan" loaded.
INFO - 2022-06-03 02:33:34 --> Session: Class initialized using 'CodeIgniter\Session\Handlers\FileHandler' driver.
INFO - 2022-06-03 02:33:34 --> Controller "App\Controllers\undangan\Undangan" loaded.
INFO - 2022-06-03 02:33:34 --> Session: Class initialized using 'CodeIgniter\Session\Handlers\FileHandler' driver.
INFO - 2022-06-03 02:33:34 --> Controller "App\Controllers\undangan\Undangan" loaded.
INFO - 2022-06-03 02:33:40 --> Session: Class initialized using 'CodeIgniter\Session\Handlers\FileHandler' driver.
INFO - 2022-06-03 02:33:40 --> Controller "App\Controllers\undangan\Undangan" loaded.
INFO - 2022-06-03 02:33:40 --> Session: Class initialized using 'CodeIgniter\Session\Handlers\FileHandler' driver.
INFO - 2022-06-03 02:33:40 --> Controller "App\Controllers\undangan\Undangan" loaded.
INFO - 2022-06-03 02:33:41 --> Session: Class initialized using 'CodeIgniter\Session\Handlers\FileHandler' driver.
INFO - 2022-06-03 02:33:41 --> Controller "App\Controllers\undangan\Undangan" loaded.
INFO - 2022-06-03 02:33:41 --> Session: Class initialized using 'CodeIgniter\Session\Handlers\FileHandler' driver.
INFO - 2022-06-03 02:33:41 --> Controller "App\Controllers\undangan\Undangan" loaded.
INFO - 2022-06-03 02:33:41 --> Session: Class initialized using 'CodeIgniter\Session\Handlers\FileHandler' driver.
INFO - 2022-06-03 02:33:41 --> Controller "App\Controllers\undangan\Undangan" loaded.
INFO - 2022-06-03 02:33:41 --> Session: Class initialized using 'CodeIgniter\Session\Handlers\FileHandler' driver.
INFO - 2022-06-03 02:33:41 --> Controller "App\Controllers\undangan\Undangan" loaded.
INFO - 2022-06-03 02:33:41 --> Session: Class initialized using 'CodeIgniter\Session\Handlers\FileHandler' driver.
INFO - 2022-06-03 02:33:41 --> Controller "App\Controllers\undangan\Undangan" loaded.
INFO - 2022-06-03 02:33:41 --> Session: Class initialized using 'CodeIgniter\Session\Handlers\FileHandler' driver.
INFO - 2022-06-03 02:33:41 --> Controller "App\Controllers\undangan\Undangan" loaded.
INFO - 2022-06-03 02:33:51 --> Session: Class initialized using 'CodeIgniter\Session\Handlers\FileHandler' driver.
INFO - 2022-06-03 02:33:51 --> Controller "App\Controllers\undangan\Undangan" loaded.
INFO - 2022-06-03 02:33:51 --> Session: Class initialized using 'CodeIgniter\Session\Handlers\FileHandler' driver.
INFO - 2022-06-03 02:33:51 --> Controller "App\Controllers\undangan\Undangan" loaded.
INFO - 2022-06-03 02:34:52 --> Controller "CodeIgniter\CLI\CommandRunner" loaded.
INFO - 2022-06-03 02:35:02 --> Session: Class initialized using 'CodeIgniter\Session\Handlers\FileHandler' driver.
INFO - 2022-06-03 02:35:02 --> Controller "App\Controllers\admin\Admin" loaded.
INFO - 2022-06-03 02:35:02 --> Session: Class initialized using 'CodeIgniter\Session\Handlers\FileHandler' driver.
INFO - 2022-06-03 02:35:02 --> Controller "App\Controllers\admin\Admin" loaded.
INFO - 2022-06-03 02:35:47 --> Session: Class initialized using 'CodeIgniter\Session\Handlers\FileHandler' driver.
INFO - 2022-06-03 02:35:47 --> Controller "App\Controllers\admin\Admin" loaded.
INFO - 2022-06-03 02:35:47 --> Session: Class initialized using 'CodeIgniter\Session\Handlers\FileHandler' driver.
INFO - 2022-06-03 02:35:47 --> Controller "App\Controllers\admin\Admin" loaded.
INFO - 2022-06-03 02:35:48 --> Session: Class initialized using 'CodeIgniter\Session\Handlers\FileHandler' driver.
INFO - 2022-06-03 02:35:48 --> Controller "App\Controllers\admin\Admin" loaded.
INFO - 2022-06-03 02:35:48 --> Session: Class initialized using 'CodeIgniter\Session\Handlers\FileHandler' driver.
INFO - 2022-06-03 02:35:48 --> Controller "App\Controllers\admin\Admin" loaded.
INFO - 2022-06-03 02:36:04 --> Session: Class initialized using 'CodeIgniter\Session\Handlers\FileHandler' driver.
INFO - 2022-06-03 02:36:04 --> Controller "App\Controllers\admin\Admin" loaded.
INFO - 2022-06-03 02:36:05 --> Session: Class initialized using 'CodeIgniter\Session\Handlers\FileHandler' driver.
INFO - 2022-06-03 02:36:05 --> Controller "App\Controllers\admin\Admin" loaded.
INFO - 2022-06-03 02:36:08 --> Controller "App\Controllers\base\Beranda" loaded.
INFO - 2022-06-03 02:36:54 --> Controller "CodeIgniter\CLI\CommandRunner" loaded.
INFO - 2022-06-03 02:36:55 --> Controller "App\Controllers\base\Beranda" loaded.
INFO - 2022-06-03 02:36:58 --> Controller "App\Controllers\base\Beranda" loaded.
INFO - 2022-06-03 02:37:03 --> Session: Class initialized using 'CodeIgniter\Session\Handlers\FileHandler' driver.
INFO - 2022-06-03 02:37:03 --> Controller "App\Controllers\admin\Admin" loaded.
INFO - 2022-06-03 02:37:03 --> Session: Class initialized using 'CodeIgniter\Session\Handlers\FileHandler' driver.
INFO - 2022-06-03 02:37:03 --> Controller "App\Controllers\admin\Admin" loaded.
INFO - 2022-06-03 02:37:09 --> Session: Class initialized using 'CodeIgniter\Session\Handlers\FileHandler' driver.
INFO - 2022-06-03 02:37:09 --> Controller "App\Controllers\undangan\Undangan" loaded.
INFO - 2022-06-03 02:37:09 --> Session: Class initialized using 'CodeIgniter\Session\Handlers\FileHandler' driver.
INFO - 2022-06-03 02:37:09 --> Controller "App\Controllers\undangan\Undangan" loaded.
INFO - 2022-06-03 02:37:42 --> Controller "App\Controllers\base\Beranda" loaded.
INFO - 2022-06-03 02:37:47 --> Session: Class initialized using 'CodeIgniter\Session\Handlers\FileHandler' driver.
INFO - 2022-06-03 02:37:47 --> Controller "App\Controllers\base\Dashboard" loaded.
INFO - 2022-06-03 02:37:49 --> Controller "App\Controllers\base\Beranda" loaded.
INFO - 2022-06-03 02:38:07 --> Controller "App\Controllers\base\Beranda" loaded.
INFO - 2022-06-03 02:38:11 --> Session: Class initialized using 'CodeIgniter\Session\Handlers\FileHandler' driver.
INFO - 2022-06-03 02:38:11 --> Controller "App\Controllers\base\Dashboard" loaded.
INFO - 2022-06-03 02:39:19 --> Session: Class initialized using 'CodeIgniter\Session\Handlers\FileHandler' driver.
INFO - 2022-06-03 02:39:19 --> Controller "App\Controllers\base\Dashboard" loaded.
INFO - 2022-06-03 02:39:19 --> Session: Class initialized using 'CodeIgniter\Session\Handlers\FileHandler' driver.
INFO - 2022-06-03 02:39:19 --> Controller "App\Controllers\base\Dashboard" loaded.
INFO - 2022-06-03 02:39:26 --> Session: Class initialized using 'CodeIgniter\Session\Handlers\FileHandler' driver.
INFO - 2022-06-03 02:39:26 --> Controller "App\Controllers\base\Dashboard" loaded.
INFO - 2022-06-03 02:39:26 --> Session: Class initialized using 'CodeIgniter\Session\Handlers\FileHandler' driver.
INFO - 2022-06-03 02:39:26 --> Controller "App\Controllers\base\Dashboard" loaded.
INFO - 2022-06-03 02:39:30 --> Session: Class initialized using 'CodeIgniter\Session\Handlers\FileHandler' driver.
INFO - 2022-06-03 02:39:30 --> Controller "App\Controllers\base\Dashboard" loaded.
INFO - 2022-06-03 02:39:30 --> Session: Class initialized using 'CodeIgniter\Session\Handlers\FileHandler' driver.
INFO - 2022-06-03 02:39:30 --> Controller "App\Controllers\base\Dashboard" loaded.
INFO - 2022-06-03 02:39:40 --> Session: Class initialized using 'CodeIgniter\Session\Handlers\FileHandler' driver.
INFO - 2022-06-03 02:39:40 --> Controller "App\Controllers\base\Dashboard" loaded.
INFO - 2022-06-03 02:39:41 --> Session: Class initialized using 'CodeIgniter\Session\Handlers\FileHandler' driver.
INFO - 2022-06-03 02:39:41 --> Controller "App\Controllers\base\Dashboard" loaded.
INFO - 2022-06-03 02:39:42 --> Controller "App\Controllers\base\Beranda" loaded.
INFO - 2022-06-03 02:39:46 --> Session: Class initialized using 'CodeIgniter\Session\Handlers\FileHandler' driver.
INFO - 2022-06-03 02:39:46 --> Controller "App\Controllers\base\Dashboard" loaded.
INFO - 2022-06-03 02:39:55 --> Session: Class initialized using 'CodeIgniter\Session\Handlers\FileHandler' driver.
INFO - 2022-06-03 02:39:55 --> Controller "App\Controllers\base\Dashboard" loaded.
INFO - 2022-06-03 02:39:55 --> Session: Class initialized using 'CodeIgniter\Session\Handlers\FileHandler' driver.
INFO - 2022-06-03 02:39:55 --> Controller "App\Controllers\base\Dashboard" loaded.
INFO - 2022-06-03 02:40:30 --> Session: Class initialized using 'CodeIgniter\Session\Handlers\FileHandler' driver.
INFO - 2022-06-03 02:40:30 --> Controller "App\Controllers\base\Dashboard" loaded.
INFO - 2022-06-03 02:41:24 --> Controller "App\Controllers\base\Beranda" loaded.
INFO - 2022-06-03 02:41:36 --> Session: Class initialized using 'CodeIgniter\Session\Handlers\FileHandler' driver.
INFO - 2022-06-03 02:41:36 --> Controller "App\Controllers\admin\Admin" loaded.
INFO - 2022-06-03 02:41:36 --> Session: Class initialized using 'CodeIgniter\Session\Handlers\FileHandler' driver.
INFO - 2022-06-03 02:41:36 --> Controller "App\Controllers\admin\Admin" loaded.
INFO - 2022-06-03 02:41:50 --> Session: Class initialized using 'CodeIgniter\Session\Handlers\FileHandler' driver.
INFO - 2022-06-03 02:41:50 --> Controller "App\Controllers\admin\Admin" loaded.
INFO - 2022-06-03 02:41:50 --> Session: Class initialized using 'CodeIgniter\Session\Handlers\FileHandler' driver.
INFO - 2022-06-03 02:41:50 --> Controller "App\Controllers\admin\Admin" loaded.
INFO - 2022-06-03 02:41:51 --> Session: Class initialized using 'CodeIgniter\Session\Handlers\FileHandler' driver.
INFO - 2022-06-03 02:41:51 --> Controller "App\Controllers\admin\Admin" loaded.
INFO - 2022-06-03 02:41:51 --> Session: Class initialized using 'CodeIgniter\Session\Handlers\FileHandler' driver.
INFO - 2022-06-03 02:41:51 --> Controller "App\Controllers\admin\Admin" loaded.
INFO - 2022-06-03 02:41:51 --> Session: Class initialized using 'CodeIgniter\Session\Handlers\FileHandler' driver.
INFO - 2022-06-03 02:41:51 --> Controller "App\Controllers\admin\Admin" loaded.
INFO - 2022-06-03 02:41:51 --> Session: Class initialized using 'CodeIgniter\Session\Handlers\FileHandler' driver.
INFO - 2022-06-03 02:41:51 --> Controller "App\Controllers\admin\Admin" loaded.
INFO - 2022-06-03 02:41:51 --> Session: Class initialized using 'CodeIgniter\Session\Handlers\FileHandler' driver.
INFO - 2022-06-03 02:41:51 --> Controller "App\Controllers\admin\Admin" loaded.
INFO - 2022-06-03 02:41:51 --> Session: Class initialized using 'CodeIgniter\Session\Handlers\FileHandler' driver.
INFO - 2022-06-03 02:41:51 --> Controller "App\Controllers\admin\Admin" loaded.
INFO - 2022-06-03 02:42:30 --> Controller "App\Controllers\base\Beranda" loaded.
INFO - 2022-06-03 02:42:32 --> Controller "App\Controllers\base\Beranda" loaded.
INFO - 2022-06-03 02:42:32 --> Controller "App\Controllers\base\Beranda" loaded.
INFO - 2022-06-03 02:42:33 --> Controller "App\Controllers\base\Beranda" loaded.
INFO - 2022-06-03 02:42:39 --> Session: Class initialized using 'CodeIgniter\Session\Handlers\FileHandler' driver.
INFO - 2022-06-03 02:42:39 --> Controller "App\Controllers\base\Dashboard" loaded.
INFO - 2022-06-03 02:42:46 --> Session: Class initialized using 'CodeIgniter\Session\Handlers\FileHandler' driver.
INFO - 2022-06-03 02:42:46 --> Controller "App\Controllers\base\Dashboard" loaded.
INFO - 2022-06-03 02:42:46 --> Session: Class initialized using 'CodeIgniter\Session\Handlers\FileHandler' driver.
INFO - 2022-06-03 02:42:46 --> Controller "App\Controllers\base\Dashboard" loaded.
INFO - 2022-06-03 02:43:04 --> Session: Class initialized using 'CodeIgniter\Session\Handlers\FileHandler' driver.
INFO - 2022-06-03 02:43:04 --> Controller "App\Controllers\base\Dashboard" loaded.
INFO - 2022-06-03 02:43:04 --> Session: Class initialized using 'CodeIgniter\Session\Handlers\FileHandler' driver.
INFO - 2022-06-03 02:43:04 --> Controller "App\Controllers\base\Dashboard" loaded.
INFO - 2022-06-03 02:43:05 --> Session: Class initialized using 'CodeIgniter\Session\Handlers\FileHandler' driver.
INFO - 2022-06-03 02:43:05 --> Controller "App\Controllers\base\Dashboard" loaded.
INFO - 2022-06-03 02:43:05 --> Session: Class initialized using 'CodeIgniter\Session\Handlers\FileHandler' driver.
INFO - 2022-06-03 02:43:05 --> Controller "App\Controllers\base\Dashboard" loaded.
INFO - 2022-06-03 02:43:06 --> Session: Class initialized using 'CodeIgniter\Session\Handlers\FileHandler' driver.
INFO - 2022-06-03 02:43:06 --> Controller "App\Controllers\base\Dashboard" loaded.
INFO - 2022-06-03 02:43:06 --> Session: Class initialized using 'CodeIgniter\Session\Handlers\FileHandler' driver.
INFO - 2022-06-03 02:43:06 --> Controller "App\Controllers\base\Dashboard" loaded.
INFO - 2022-06-03 02:43:06 --> Session: Class initialized using 'CodeIgniter\Session\Handlers\FileHandler' driver.
INFO - 2022-06-03 02:43:06 --> Controller "App\Controllers\base\Dashboard" loaded.
INFO - 2022-06-03 02:43:07 --> Session: Class initialized using 'CodeIgniter\Session\Handlers\FileHandler' driver.
INFO - 2022-06-03 02:43:07 --> Controller "App\Controllers\base\Dashboard" loaded.
INFO - 2022-06-03 02:43:31 --> Controller "App\Controllers\base\Beranda" loaded.
INFO - 2022-06-03 02:43:37 --> Controller "App\Controllers\base\Beranda" loaded.
INFO - 2022-06-03 02:43:40 --> Session: Class initialized using 'CodeIgniter\Session\Handlers\FileHandler' driver.
INFO - 2022-06-03 02:43:40 --> Controller "App\Controllers\base\Dashboard" loaded.
INFO - 2022-06-03 02:44:54 --> Session: Class initialized using 'CodeIgniter\Session\Handlers\FileHandler' driver.
INFO - 2022-06-03 02:44:54 --> Controller "App\Controllers\base\Dashboard" loaded.
INFO - 2022-06-03 02:44:55 --> Session: Class initialized using 'CodeIgniter\Session\Handlers\FileHandler' driver.
INFO - 2022-06-03 02:44:55 --> Controller "App\Controllers\base\Dashboard" loaded.
INFO - 2022-06-03 02:44:55 --> Session: Class initialized using 'CodeIgniter\Session\Handlers\FileHandler' driver.
INFO - 2022-06-03 02:44:55 --> Controller "App\Controllers\base\Dashboard" loaded.
INFO - 2022-06-03 02:44:55 --> Session: Class initialized using 'CodeIgniter\Session\Handlers\FileHandler' driver.
INFO - 2022-06-03 02:44:55 --> Controller "App\Controllers\base\Dashboard" loaded.
INFO - 2022-06-03 02:45:44 --> Session: Class initialized using 'CodeIgniter\Session\Handlers\FileHandler' driver.
INFO - 2022-06-03 02:45:44 --> Session: Class initialized using 'CodeIgniter\Session\Handlers\FileHandler' driver.
INFO - 2022-06-03 02:45:44 --> Controller "App\Controllers\base\Dashboard" loaded.
INFO - 2022-06-03 02:45:59 --> Session: Class initialized using 'CodeIgniter\Session\Handlers\FileHandler' driver.
INFO - 2022-06-03 02:45:59 --> Controller "App\Controllers\base\Dashboard" loaded.
INFO - 2022-06-03 02:45:59 --> Session: Class initialized using 'CodeIgniter\Session\Handlers\FileHandler' driver.
INFO - 2022-06-03 02:45:59 --> Controller "App\Controllers\base\Dashboard" loaded.
INFO - 2022-06-03 02:46:00 --> Session: Class initialized using 'CodeIgniter\Session\Handlers\FileHandler' driver.
INFO - 2022-06-03 02:46:00 --> Controller "App\Controllers\base\Dashboard" loaded.
INFO - 2022-06-03 02:46:00 --> Session: Class initialized using 'CodeIgniter\Session\Handlers\FileHandler' driver.
INFO - 2022-06-03 02:46:00 --> Controller "App\Controllers\base\Dashboard" loaded.
INFO - 2022-06-03 02:46:00 --> Session: Class initialized using 'CodeIgniter\Session\Handlers\FileHandler' driver.
INFO - 2022-06-03 02:46:00 --> Controller "App\Controllers\base\Dashboard" loaded.
INFO - 2022-06-03 02:46:09 --> Session: Class initialized using 'CodeIgniter\Session\Handlers\FileHandler' driver.
INFO - 2022-06-03 02:46:09 --> Controller "App\Controllers\admin\Admin" loaded.
INFO - 2022-06-03 02:46:09 --> Session: Class initialized using 'CodeIgniter\Session\Handlers\FileHandler' driver.
INFO - 2022-06-03 02:46:09 --> Controller "App\Controllers\admin\Admin" loaded.
INFO - 2022-06-03 02:46:10 --> Session: Class initialized using 'CodeIgniter\Session\Handlers\FileHandler' driver.
INFO - 2022-06-03 02:46:10 --> Controller "App\Controllers\admin\Admin" loaded.
INFO - 2022-06-03 02:46:11 --> Session: Class initialized using 'CodeIgniter\Session\Handlers\FileHandler' driver.
INFO - 2022-06-03 02:46:11 --> Controller "App\Controllers\admin\Admin" loaded.
INFO - 2022-06-03 02:46:11 --> Session: Class initialized using 'CodeIgniter\Session\Handlers\FileHandler' driver.
INFO - 2022-06-03 02:46:11 --> Controller "App\Controllers\admin\Admin" loaded.
INFO - 2022-06-03 02:46:11 --> Session: Class initialized using 'CodeIgniter\Session\Handlers\FileHandler' driver.
INFO - 2022-06-03 02:46:11 --> Controller "App\Controllers\admin\Admin" loaded.
INFO - 2022-06-03 02:46:11 --> Session: Class initialized using 'CodeIgniter\Session\Handlers\FileHandler' driver.
INFO - 2022-06-03 02:46:11 --> Controller "App\Controllers\admin\Admin" loaded.
INFO - 2022-06-03 02:46:11 --> Session: Class initialized using 'CodeIgniter\Session\Handlers\FileHandler' driver.
INFO - 2022-06-03 02:46:11 --> Controller "App\Controllers\admin\Admin" loaded.
INFO - 2022-06-03 02:46:25 --> Session: Class initialized using 'CodeIgniter\Session\Handlers\FileHandler' driver.
INFO - 2022-06-03 02:46:25 --> Controller "App\Controllers\admin\Admin" loaded.
INFO - 2022-06-03 02:46:26 --> Session: Class initialized using 'CodeIgniter\Session\Handlers\FileHandler' driver.
INFO - 2022-06-03 02:46:26 --> Controller "App\Controllers\admin\Admin" loaded.
INFO - 2022-06-03 02:46:26 --> Session: Class initialized using 'CodeIgniter\Session\Handlers\FileHandler' driver.
INFO - 2022-06-03 02:46:26 --> Controller "App\Controllers\admin\Admin" loaded.
INFO - 2022-06-03 02:46:31 --> Session: Class initialized using 'CodeIgniter\Session\Handlers\FileHandler' driver.
INFO - 2022-06-03 02:46:31 --> Controller "App\Controllers\admin\Admin" loaded.
INFO - 2022-06-03 02:46:31 --> Session: Class initialized using 'CodeIgniter\Session\Handlers\FileHandler' driver.
INFO - 2022-06-03 02:46:31 --> Controller "App\Controllers\admin\Admin" loaded.
INFO - 2022-06-03 02:46:41 --> Session: Class initialized using 'CodeIgniter\Session\Handlers\FileHandler' driver.
INFO - 2022-06-03 02:46:41 --> Session: Class initialized using 'CodeIgniter\Session\Handlers\FileHandler' driver.
INFO - 2022-06-03 02:46:41 --> Controller "App\Controllers\admin\Admin" loaded.
INFO - 2022-06-03 02:46:52 --> Session: Class initialized using 'CodeIgniter\Session\Handlers\FileHandler' driver.
INFO - 2022-06-03 02:46:52 --> Controller "App\Controllers\admin\Admin" loaded.
INFO - 2022-06-03 02:46:53 --> Session: Class initialized using 'CodeIgniter\Session\Handlers\FileHandler' driver.
INFO - 2022-06-03 02:46:53 --> Controller "App\Controllers\admin\Admin" loaded.
INFO - 2022-06-03 02:46:56 --> Session: Class initialized using 'CodeIgniter\Session\Handlers\FileHandler' driver.
INFO - 2022-06-03 02:46:56 --> Controller "App\Controllers\admin\Admin" loaded.
INFO - 2022-06-03 02:46:59 --> Session: Class initialized using 'CodeIgniter\Session\Handlers\FileHandler' driver.
INFO - 2022-06-03 02:46:59 --> Session: Class initialized using 'CodeIgniter\Session\Handlers\FileHandler' driver.
INFO - 2022-06-03 02:46:59 --> Controller "App\Controllers\admin\Admin" loaded.
INFO - 2022-06-03 02:47:19 --> Session: Class initialized using 'CodeIgniter\Session\Handlers\FileHandler' driver.
INFO - 2022-06-03 02:47:20 --> Session: Class initialized using 'CodeIgniter\Session\Handlers\FileHandler' driver.
INFO - 2022-06-03 02:47:20 --> Controller "App\Controllers\admin\Admin" loaded.
INFO - 2022-06-03 02:47:20 --> Session: Class initialized using 'CodeIgniter\Session\Handlers\FileHandler' driver.
INFO - 2022-06-03 02:47:20 --> Session: Class initialized using 'CodeIgniter\Session\Handlers\FileHandler' driver.
INFO - 2022-06-03 02:47:20 --> Controller "App\Controllers\admin\Admin" loaded.
INFO - 2022-06-03 02:48:46 --> Session: Class initialized using 'CodeIgniter\Session\Handlers\FileHandler' driver.
INFO - 2022-06-03 02:48:46 --> Controller "App\Controllers\undangan\Undangan" loaded.
INFO - 2022-06-03 02:48:46 --> Session: Class initialized using 'CodeIgniter\Session\Handlers\FileHandler' driver.
INFO - 2022-06-03 02:48:46 --> Controller "App\Controllers\undangan\Undangan" loaded.
INFO - 2022-06-03 02:48:47 --> Session: Class initialized using 'CodeIgniter\Session\Handlers\FileHandler' driver.
INFO - 2022-06-03 02:48:47 --> Controller "App\Controllers\undangan\Undangan" loaded.
INFO - 2022-06-03 02:48:47 --> Session: Class initialized using 'CodeIgniter\Session\Handlers\FileHandler' driver.
INFO - 2022-06-03 02:48:47 --> Controller "App\Controllers\undangan\Undangan" loaded.
INFO - 2022-06-03 02:48:47 --> Session: Class initialized using 'CodeIgniter\Session\Handlers\FileHandler' driver.
INFO - 2022-06-03 02:48:47 --> Controller "App\Controllers\undangan\Undangan" loaded.
INFO - 2022-06-03 02:48:48 --> Session: Class initialized using 'CodeIgniter\Session\Handlers\FileHandler' driver.
INFO - 2022-06-03 02:48:48 --> Controller "App\Controllers\undangan\Undangan" loaded.
INFO - 2022-06-03 02:48:48 --> Session: Class initialized using 'CodeIgniter\Session\Handlers\FileHandler' driver.
INFO - 2022-06-03 02:48:48 --> Controller "App\Controllers\undangan\Undangan" loaded.
INFO - 2022-06-03 02:48:48 --> Session: Class initialized using 'CodeIgniter\Session\Handlers\FileHandler' driver.
INFO - 2022-06-03 02:48:48 --> Controller "App\Controllers\undangan\Undangan" loaded.
INFO - 2022-06-03 02:48:48 --> Session: Class initialized using 'CodeIgniter\Session\Handlers\FileHandler' driver.
INFO - 2022-06-03 02:48:48 --> Controller "App\Controllers\undangan\Undangan" loaded.
INFO - 2022-06-03 02:48:49 --> Session: Class initialized using 'CodeIgniter\Session\Handlers\FileHandler' driver.
INFO - 2022-06-03 02:48:49 --> Controller "App\Controllers\undangan\Undangan" loaded.
INFO - 2022-06-03 02:48:49 --> Session: Class initialized using 'CodeIgniter\Session\Handlers\FileHandler' driver.
INFO - 2022-06-03 02:48:49 --> Controller "App\Controllers\undangan\Undangan" loaded.
INFO - 2022-06-03 02:48:49 --> Session: Class initialized using 'CodeIgniter\Session\Handlers\FileHandler' driver.
INFO - 2022-06-03 02:48:49 --> Controller "App\Controllers\undangan\Undangan" loaded.
INFO - 2022-06-03 02:49:28 --> Session: Class initialized using 'CodeIgniter\Session\Handlers\FileHandler' driver.
INFO - 2022-06-03 02:49:28 --> Controller "App\Controllers\undangan\Undangan" loaded.
INFO - 2022-06-03 02:49:28 --> Session: Class initialized using 'CodeIgniter\Session\Handlers\FileHandler' driver.
INFO - 2022-06-03 02:49:28 --> Controller "App\Controllers\undangan\Undangan" loaded.
INFO - 2022-06-03 02:49:29 --> Session: Class initialized using 'CodeIgniter\Session\Handlers\FileHandler' driver.
INFO - 2022-06-03 02:49:29 --> Controller "App\Controllers\undangan\Undangan" loaded.
INFO - 2022-06-03 02:49:29 --> Session: Class initialized using 'CodeIgniter\Session\Handlers\FileHandler' driver.
INFO - 2022-06-03 02:49:29 --> Controller "App\Controllers\undangan\Undangan" loaded.
INFO - 2022-06-03 02:49:29 --> Session: Class initialized using 'CodeIgniter\Session\Handlers\FileHandler' driver.
INFO - 2022-06-03 02:49:29 --> Controller "App\Controllers\undangan\Undangan" loaded.
INFO - 2022-06-03 02:49:29 --> Session: Class initialized using 'CodeIgniter\Session\Handlers\FileHandler' driver.
INFO - 2022-06-03 02:49:29 --> Controller "App\Controllers\undangan\Undangan" loaded.
INFO - 2022-06-03 02:49:30 --> Session: Class initialized using 'CodeIgniter\Session\Handlers\FileHandler' driver.
INFO - 2022-06-03 02:49:30 --> Controller "App\Controllers\undangan\Undangan" loaded.
INFO - 2022-06-03 02:49:30 --> Session: Class initialized using 'CodeIgniter\Session\Handlers\FileHandler' driver.
INFO - 2022-06-03 02:49:30 --> Controller "App\Controllers\undangan\Undangan" loaded.
INFO - 2022-06-03 02:49:30 --> Session: Class initialized using 'CodeIgniter\Session\Handlers\FileHandler' driver.
INFO - 2022-06-03 02:49:30 --> Controller "App\Controllers\undangan\Undangan" loaded.
INFO - 2022-06-03 02:49:30 --> Session: Class initialized using 'CodeIgniter\Session\Handlers\FileHandler' driver.
INFO - 2022-06-03 02:49:30 --> Controller "App\Controllers\undangan\Undangan" loaded.
INFO - 2022-06-03 02:49:30 --> Session: Class initialized using 'CodeIgniter\Session\Handlers\FileHandler' driver.
INFO - 2022-06-03 02:49:30 --> Controller "App\Controllers\undangan\Undangan" loaded.
INFO - 2022-06-03 02:49:30 --> Session: Class initialized using 'CodeIgniter\Session\Handlers\FileHandler' driver.
INFO - 2022-06-03 02:49:30 --> Controller "App\Controllers\undangan\Undangan" loaded.
INFO - 2022-06-03 02:49:30 --> Session: Class initialized using 'CodeIgniter\Session\Handlers\FileHandler' driver.
INFO - 2022-06-03 02:49:30 --> Controller "App\Controllers\undangan\Undangan" loaded.
INFO - 2022-06-03 02:49:31 --> Session: Class initialized using 'CodeIgniter\Session\Handlers\FileHandler' driver.
INFO - 2022-06-03 02:49:31 --> Controller "App\Controllers\undangan\Undangan" loaded.
INFO - 2022-06-03 02:49:38 --> Session: Class initialized using 'CodeIgniter\Session\Handlers\FileHandler' driver.
INFO - 2022-06-03 02:49:38 --> Controller "App\Controllers\undangan\Undangan" loaded.
INFO - 2022-06-03 02:49:39 --> Session: Class initialized using 'CodeIgniter\Session\Handlers\FileHandler' driver.
INFO - 2022-06-03 02:49:39 --> Controller "App\Controllers\undangan\Undangan" loaded.
INFO - 2022-06-03 02:50:44 --> Session: Class initialized using 'CodeIgniter\Session\Handlers\FileHandler' driver.
INFO - 2022-06-03 02:50:44 --> Controller "App\Controllers\undangan\Undangan" loaded.
INFO - 2022-06-03 02:50:44 --> Session: Class initialized using 'CodeIgniter\Session\Handlers\FileHandler' driver.
INFO - 2022-06-03 02:50:44 --> Controller "App\Controllers\undangan\Undangan" loaded.
INFO - 2022-06-03 02:50:45 --> Session: Class initialized using 'CodeIgniter\Session\Handlers\FileHandler' driver.
INFO - 2022-06-03 02:50:45 --> Controller "App\Controllers\undangan\Undangan" loaded.
INFO - 2022-06-03 02:50:46 --> Session: Class initialized using 'CodeIgniter\Session\Handlers\FileHandler' driver.
INFO - 2022-06-03 02:50:46 --> Controller "App\Controllers\undangan\Undangan" loaded.
INFO - 2022-06-03 02:50:47 --> Session: Class initialized using 'CodeIgniter\Session\Handlers\FileHandler' driver.
INFO - 2022-06-03 02:50:47 --> Controller "App\Controllers\undangan\Undangan" loaded.
INFO - 2022-06-03 02:50:47 --> Session: Class initialized using 'CodeIgniter\Session\Handlers\FileHandler' driver.
INFO - 2022-06-03 02:50:47 --> Controller "App\Controllers\undangan\Undangan" loaded.
INFO - 2022-06-03 02:50:48 --> Session: Class initialized using 'CodeIgniter\Session\Handlers\FileHandler' driver.
INFO - 2022-06-03 02:50:48 --> Controller "App\Controllers\undangan\Undangan" loaded.
INFO - 2022-06-03 02:50:48 --> Session: Class initialized using 'CodeIgniter\Session\Handlers\FileHandler' driver.
INFO - 2022-06-03 02:50:48 --> Controller "App\Controllers\undangan\Undangan" loaded.
INFO - 2022-06-03 02:50:48 --> Session: Class initialized using 'CodeIgniter\Session\Handlers\FileHandler' driver.
INFO - 2022-06-03 02:50:48 --> Controller "App\Controllers\undangan\Undangan" loaded.
INFO - 2022-06-03 02:50:48 --> Session: Class initialized using 'CodeIgniter\Session\Handlers\FileHandler' driver.
INFO - 2022-06-03 02:50:48 --> Controller "App\Controllers\undangan\Undangan" loaded.
INFO - 2022-06-03 02:50:49 --> Session: Class initialized using 'CodeIgniter\Session\Handlers\FileHandler' driver.
INFO - 2022-06-03 02:50:49 --> Controller "App\Controllers\undangan\Undangan" loaded.
INFO - 2022-06-03 02:50:50 --> Session: Class initialized using 'CodeIgniter\Session\Handlers\FileHandler' driver.
INFO - 2022-06-03 02:50:50 --> Controller "App\Controllers\undangan\Undangan" loaded.
INFO - 2022-06-03 02:50:52 --> Session: Class initialized using 'CodeIgniter\Session\Handlers\FileHandler' driver.
INFO - 2022-06-03 02:50:52 --> Controller "App\Controllers\undangan\Undangan" loaded.
INFO - 2022-06-03 02:50:52 --> Session: Class initialized using 'CodeIgniter\Session\Handlers\FileHandler' driver.
INFO - 2022-06-03 02:50:52 --> Controller "App\Controllers\undangan\Undangan" loaded.
INFO - 2022-06-03 02:51:05 --> Session: Class initialized using 'CodeIgniter\Session\Handlers\FileHandler' driver.
INFO - 2022-06-03 02:51:05 --> Controller "App\Controllers\undangan\Undangan" loaded.
INFO - 2022-06-03 02:51:05 --> Session: Class initialized using 'CodeIgniter\Session\Handlers\FileHandler' driver.
INFO - 2022-06-03 02:51:05 --> Controller "App\Controllers\undangan\Undangan" loaded.
INFO - 2022-06-03 02:51:05 --> Session: Class initialized using 'CodeIgniter\Session\Handlers\FileHandler' driver.
INFO - 2022-06-03 02:51:05 --> Controller "App\Controllers\undangan\Undangan" loaded.
INFO - 2022-06-03 02:51:06 --> Session: Class initialized using 'CodeIgniter\Session\Handlers\FileHandler' driver.
INFO - 2022-06-03 02:51:06 --> Controller "App\Controllers\undangan\Undangan" loaded.
INFO - 2022-06-03 02:51:06 --> Session: Class initialized using 'CodeIgniter\Session\Handlers\FileHandler' driver.
INFO - 2022-06-03 02:51:06 --> Controller "App\Controllers\undangan\Undangan" loaded.
INFO - 2022-06-03 02:51:06 --> Session: Class initialized using 'CodeIgniter\Session\Handlers\FileHandler' driver.
INFO - 2022-06-03 02:51:06 --> Controller "App\Controllers\undangan\Undangan" loaded.
INFO - 2022-06-03 02:51:18 --> Session: Class initialized using 'CodeIgniter\Session\Handlers\FileHandler' driver.
INFO - 2022-06-03 02:51:18 --> Controller "App\Controllers\undangan\Undangan" loaded.
INFO - 2022-06-03 02:51:19 --> Session: Class initialized using 'CodeIgniter\Session\Handlers\FileHandler' driver.
INFO - 2022-06-03 02:51:19 --> Controller "App\Controllers\undangan\Undangan" loaded.
INFO - 2022-06-03 02:51:21 --> Session: Class initialized using 'CodeIgniter\Session\Handlers\FileHandler' driver.
INFO - 2022-06-03 02:51:21 --> Controller "App\Controllers\undangan\Undangan" loaded.
INFO - 2022-06-03 02:51:21 --> Session: Class initialized using 'CodeIgniter\Session\Handlers\FileHandler' driver.
INFO - 2022-06-03 02:51:21 --> Controller "App\Controllers\undangan\Undangan" loaded.
INFO - 2022-06-03 02:51:21 --> Session: Class initialized using 'CodeIgniter\Session\Handlers\FileHandler' driver.
INFO - 2022-06-03 02:51:21 --> Controller "App\Controllers\undangan\Undangan" loaded.
INFO - 2022-06-03 02:51:21 --> Session: Class initialized using 'CodeIgniter\Session\Handlers\FileHandler' driver.
INFO - 2022-06-03 02:51:21 --> Controller "App\Controllers\undangan\Undangan" loaded.
INFO - 2022-06-03 02:51:23 --> Session: Class initialized using 'CodeIgniter\Session\Handlers\FileHandler' driver.
INFO - 2022-06-03 02:51:23 --> Controller "App\Controllers\undangan\Undangan" loaded.
INFO - 2022-06-03 02:51:23 --> Session: Class initialized using 'CodeIgniter\Session\Handlers\FileHandler' driver.
INFO - 2022-06-03 02:51:23 --> Controller "App\Controllers\undangan\Undangan" loaded.
INFO - 2022-06-03 02:51:23 --> Session: Class initialized using 'CodeIgniter\Session\Handlers\FileHandler' driver.
INFO - 2022-06-03 02:51:23 --> Controller "App\Controllers\undangan\Undangan" loaded.
INFO - 2022-06-03 02:51:24 --> Session: Class initialized using 'CodeIgniter\Session\Handlers\FileHandler' driver.
INFO - 2022-06-03 02:51:24 --> Controller "App\Controllers\undangan\Undangan" loaded.
INFO - 2022-06-03 02:51:28 --> Session: Class initialized using 'CodeIgniter\Session\Handlers\FileHandler' driver.
INFO - 2022-06-03 02:51:28 --> Controller "App\Controllers\undangan\Undangan" loaded.
INFO - 2022-06-03 02:51:30 --> Session: Class initialized using 'CodeIgniter\Session\Handlers\FileHandler' driver.
INFO - 2022-06-03 02:51:30 --> Controller "App\Controllers\undangan\Undangan" loaded.
INFO - 2022-06-03 02:51:42 --> Session: Class initialized using 'CodeIgniter\Session\Handlers\FileHandler' driver.
INFO - 2022-06-03 02:51:42 --> Controller "App\Controllers\admin\Admin" loaded.
INFO - 2022-06-03 02:51:42 --> Session: Class initialized using 'CodeIgniter\Session\Handlers\FileHandler' driver.
INFO - 2022-06-03 02:51:42 --> Controller "App\Controllers\admin\Admin" loaded.
INFO - 2022-06-03 02:51:42 --> Session: Class initialized using 'CodeIgniter\Session\Handlers\FileHandler' driver.
INFO - 2022-06-03 02:51:42 --> Controller "App\Controllers\admin\Admin" loaded.
INFO - 2022-06-03 02:51:43 --> Session: Class initialized using 'CodeIgniter\Session\Handlers\FileHandler' driver.
INFO - 2022-06-03 02:51:43 --> Controller "App\Controllers\admin\Admin" loaded.
INFO - 2022-06-03 02:51:43 --> Session: Class initialized using 'CodeIgniter\Session\Handlers\FileHandler' driver.
INFO - 2022-06-03 02:51:43 --> Controller "App\Controllers\admin\Admin" loaded.
INFO - 2022-06-03 02:51:43 --> Session: Class initialized using 'CodeIgniter\Session\Handlers\FileHandler' driver.
INFO - 2022-06-03 02:51:43 --> Controller "App\Controllers\admin\Admin" loaded.
INFO - 2022-06-03 02:51:50 --> Controller "App\Controllers\base\Beranda" loaded.
INFO - 2022-06-03 02:51:51 --> Controller "App\Controllers\base\Beranda" loaded.
INFO - 2022-06-03 02:51:53 --> Session: Class initialized using 'CodeIgniter\Session\Handlers\FileHandler' driver.
INFO - 2022-06-03 02:51:53 --> Controller "App\Controllers\base\Dashboard" loaded.
INFO - 2022-06-03 02:51:57 --> Session: Class initialized using 'CodeIgniter\Session\Handlers\FileHandler' driver.
INFO - 2022-06-03 02:51:57 --> Controller "App\Controllers\base\Dashboard" loaded.
INFO - 2022-06-03 02:51:57 --> Session: Class initialized using 'CodeIgniter\Session\Handlers\FileHandler' driver.
INFO - 2022-06-03 02:51:57 --> Controller "App\Controllers\base\Dashboard" loaded.
INFO - 2022-06-03 02:52:03 --> Session: Class initialized using 'CodeIgniter\Session\Handlers\FileHandler' driver.
INFO - 2022-06-03 02:52:03 --> Controller "App\Controllers\admin\Admin" loaded.
INFO - 2022-06-03 02:52:03 --> Session: Class initialized using 'CodeIgniter\Session\Handlers\FileHandler' driver.
INFO - 2022-06-03 02:52:03 --> Controller "App\Controllers\admin\Admin" loaded.
INFO - 2022-06-03 02:52:04 --> Session: Class initialized using 'CodeIgniter\Session\Handlers\FileHandler' driver.
INFO - 2022-06-03 02:52:04 --> Controller "App\Controllers\admin\Admin" loaded.
INFO - 2022-06-03 02:52:06 --> Session: Class initialized using 'CodeIgniter\Session\Handlers\FileHandler' driver.
INFO - 2022-06-03 02:52:06 --> Session: Class initialized using 'CodeIgniter\Session\Handlers\FileHandler' driver.
INFO - 2022-06-03 02:52:06 --> Controller "App\Controllers\admin\Admin" loaded.
INFO - 2022-06-03 02:52:07 --> Session: Class initialized using 'CodeIgniter\Session\Handlers\FileHandler' driver.
INFO - 2022-06-03 02:52:07 --> Controller "App\Controllers\admin\Admin" loaded.
INFO - 2022-06-03 02:52:08 --> Session: Class initialized using 'CodeIgniter\Session\Handlers\FileHandler' driver.
INFO - 2022-06-03 02:52:08 --> Controller "App\Controllers\admin\Admin" loaded.
INFO - 2022-06-03 02:52:10 --> Session: Class initialized using 'CodeIgniter\Session\Handlers\FileHandler' driver.
INFO - 2022-06-03 02:52:10 --> Controller "App\Controllers\admin\Admin" loaded.
INFO - 2022-06-03 02:52:14 --> Session: Class initialized using 'CodeIgniter\Session\Handlers\FileHandler' driver.
INFO - 2022-06-03 02:52:14 --> Controller "App\Controllers\admin\Admin" loaded.
INFO - 2022-06-03 02:52:15 --> Session: Class initialized using 'CodeIgniter\Session\Handlers\FileHandler' driver.
INFO - 2022-06-03 02:52:15 --> Controller "App\Controllers\admin\Admin" loaded.
INFO - 2022-06-03 02:52:17 --> Session: Class initialized using 'CodeIgniter\Session\Handlers\FileHandler' driver.
INFO - 2022-06-03 02:52:17 --> Session: Class initialized using 'CodeIgniter\Session\Handlers\FileHandler' driver.
INFO - 2022-06-03 02:52:17 --> Controller "App\Controllers\admin\Admin" loaded.
INFO - 2022-06-03 02:52:19 --> Session: Class initialized using 'CodeIgniter\Session\Handlers\FileHandler' driver.
INFO - 2022-06-03 02:52:19 --> Controller "App\Controllers\admin\Admin" loaded.
INFO - 2022-06-03 02:52:20 --> Session: Class initialized using 'CodeIgniter\Session\Handlers\FileHandler' driver.
INFO - 2022-06-03 02:52:20 --> Controller "App\Controllers\admin\Admin" loaded.
INFO - 2022-06-03 02:53:09 --> Session: Class initialized using 'CodeIgniter\Session\Handlers\FileHandler' driver.
INFO - 2022-06-03 02:53:09 --> Controller "App\Controllers\base\Beranda" loaded.
INFO - 2022-06-03 02:53:10 --> Session: Class initialized using 'CodeIgniter\Session\Handlers\FileHandler' driver.
INFO - 2022-06-03 02:53:10 --> Controller "App\Controllers\base\Beranda" loaded.
INFO - 2022-06-03 02:53:11 --> Session: Class initialized using 'CodeIgniter\Session\Handlers\FileHandler' driver.
INFO - 2022-06-03 02:53:11 --> Controller "App\Controllers\base\Beranda" loaded.
INFO - 2022-06-03 02:53:11 --> Session: Class initialized using 'CodeIgniter\Session\Handlers\FileHandler' driver.
INFO - 2022-06-03 02:53:11 --> Controller "App\Controllers\base\Beranda" loaded.
INFO - 2022-06-03 02:53:20 --> Session: Class initialized using 'CodeIgniter\Session\Handlers\FileHandler' driver.
INFO - 2022-06-03 02:53:20 --> Controller "App\Controllers\admin\Admin" loaded.
INFO - 2022-06-03 02:53:21 --> Session: Class initialized using 'CodeIgniter\Session\Handlers\FileHandler' driver.
INFO - 2022-06-03 02:53:21 --> Controller "App\Controllers\admin\Admin" loaded.
INFO - 2022-06-03 02:53:22 --> Session: Class initialized using 'CodeIgniter\Session\Handlers\FileHandler' driver.
INFO - 2022-06-03 02:53:22 --> Controller "App\Controllers\admin\Admin" loaded.
INFO - 2022-06-03 02:53:27 --> Session: Class initialized using 'CodeIgniter\Session\Handlers\FileHandler' driver.
INFO - 2022-06-03 02:53:27 --> Controller "App\Controllers\admin\Admin" loaded.
INFO - 2022-06-03 02:53:29 --> Session: Class initialized using 'CodeIgniter\Session\Handlers\FileHandler' driver.
INFO - 2022-06-03 02:53:29 --> Controller "App\Controllers\admin\Admin" loaded.
INFO - 2022-06-03 02:53:30 --> Session: Class initialized using 'CodeIgniter\Session\Handlers\FileHandler' driver.
INFO - 2022-06-03 02:53:30 --> Controller "App\Controllers\admin\Admin" loaded.
INFO - 2022-06-03 02:53:32 --> Session: Class initialized using 'CodeIgniter\Session\Handlers\FileHandler' driver.
INFO - 2022-06-03 02:53:32 --> Session: Class initialized using 'CodeIgniter\Session\Handlers\FileHandler' driver.
INFO - 2022-06-03 02:53:32 --> Controller "App\Controllers\admin\Admin" loaded.
INFO - 2022-06-03 02:53:33 --> Session: Class initialized using 'CodeIgniter\Session\Handlers\FileHandler' driver.
INFO - 2022-06-03 02:53:33 --> Controller "App\Controllers\admin\Admin" loaded.
INFO - 2022-06-03 02:53:34 --> Session: Class initialized using 'CodeIgniter\Session\Handlers\FileHandler' driver.
INFO - 2022-06-03 02:53:34 --> Controller "App\Controllers\admin\Admin" loaded.
INFO - 2022-06-03 02:53:36 --> Session: Class initialized using 'CodeIgniter\Session\Handlers\FileHandler' driver.
INFO - 2022-06-03 02:53:36 --> Controller "App\Controllers\admin\Admin" loaded.
INFO - 2022-06-03 02:53:38 --> Session: Class initialized using 'CodeIgniter\Session\Handlers\FileHandler' driver.
INFO - 2022-06-03 02:53:38 --> Controller "App\Controllers\admin\Admin" loaded.
INFO - 2022-06-03 02:53:39 --> Session: Class initialized using 'CodeIgniter\Session\Handlers\FileHandler' driver.
INFO - 2022-06-03 02:53:39 --> Controller "App\Controllers\admin\Admin" loaded.
INFO - 2022-06-03 02:53:41 --> Session: Class initialized using 'CodeIgniter\Session\Handlers\FileHandler' driver.
INFO - 2022-06-03 02:53:41 --> Controller "App\Controllers\admin\Admin" loaded.
INFO - 2022-06-03 02:55:07 --> Session: Class initialized using 'CodeIgniter\Session\Handlers\FileHandler' driver.
INFO - 2022-06-03 02:55:07 --> Controller "App\Controllers\admin\Admin" loaded.
INFO - 2022-06-03 02:55:12 --> Session: Class initialized using 'CodeIgniter\Session\Handlers\FileHandler' driver.
INFO - 2022-06-03 02:55:12 --> Controller "App\Controllers\admin\Admin" loaded.
INFO - 2022-06-03 02:55:12 --> Session: Class initialized using 'CodeIgniter\Session\Handlers\FileHandler' driver.
INFO - 2022-06-03 02:55:12 --> Controller "App\Controllers\admin\Admin" loaded.
INFO - 2022-06-03 02:55:14 --> Session: Class initialized using 'CodeIgniter\Session\Handlers\FileHandler' driver.
INFO - 2022-06-03 02:55:14 --> Controller "App\Controllers\admin\Admin" loaded.
INFO - 2022-06-03 02:55:23 --> Session: Class initialized using 'CodeIgniter\Session\Handlers\FileHandler' driver.
INFO - 2022-06-03 02:55:23 --> Controller "App\Controllers\admin\Admin" loaded.
INFO - 2022-06-03 02:56:45 --> Session: Class initialized using 'CodeIgniter\Session\Handlers\FileHandler' driver.
INFO - 2022-06-03 02:56:45 --> Controller "App\Controllers\admin\Admin" loaded.
INFO - 2022-06-03 02:58:28 --> Session: Class initialized using 'CodeIgniter\Session\Handlers\FileHandler' driver.
INFO - 2022-06-03 02:58:28 --> Controller "App\Controllers\admin\Admin" loaded.
INFO - 2022-06-03 02:58:30 --> Session: Class initialized using 'CodeIgniter\Session\Handlers\FileHandler' driver.
INFO - 2022-06-03 02:58:30 --> Session: Class initialized using 'CodeIgniter\Session\Handlers\FileHandler' driver.
INFO - 2022-06-03 02:58:30 --> Controller "App\Controllers\admin\Admin" loaded.
INFO - 2022-06-03 02:59:34 --> Session: Class initialized using 'CodeIgniter\Session\Handlers\FileHandler' driver.
INFO - 2022-06-03 02:59:34 --> Controller "App\Controllers\admin\Admin" loaded.
INFO - 2022-06-03 03:00:23 --> Session: Class initialized using 'CodeIgniter\Session\Handlers\FileHandler' driver.
INFO - 2022-06-03 03:00:23 --> Controller "App\Controllers\admin\Admin" loaded.
INFO - 2022-06-03 03:00:24 --> Session: Class initialized using 'CodeIgniter\Session\Handlers\FileHandler' driver.
INFO - 2022-06-03 03:00:24 --> Controller "App\Controllers\admin\Admin" loaded.
INFO - 2022-06-03 03:00:24 --> Session: Class initialized using 'CodeIgniter\Session\Handlers\FileHandler' driver.
INFO - 2022-06-03 03:00:24 --> Controller "App\Controllers\admin\Admin" loaded.
INFO - 2022-06-03 03:00:25 --> Session: Class initialized using 'CodeIgniter\Session\Handlers\FileHandler' driver.
INFO - 2022-06-03 03:00:25 --> Controller "App\Controllers\admin\Admin" loaded.
INFO - 2022-06-03 03:00:25 --> Session: Class initialized using 'CodeIgniter\Session\Handlers\FileHandler' driver.
INFO - 2022-06-03 03:00:25 --> Controller "App\Controllers\admin\Admin" loaded.
INFO - 2022-06-03 03:00:26 --> Session: Class initialized using 'CodeIgniter\Session\Handlers\FileHandler' driver.
INFO - 2022-06-03 03:00:26 --> Controller "App\Controllers\admin\Admin" loaded.
INFO - 2022-06-03 03:00:27 --> Session: Class initialized using 'CodeIgniter\Session\Handlers\FileHandler' driver.
INFO - 2022-06-03 03:00:27 --> Controller "App\Controllers\admin\Admin" loaded.
INFO - 2022-06-03 03:00:32 --> Session: Class initialized using 'CodeIgniter\Session\Handlers\FileHandler' driver.
INFO - 2022-06-03 03:00:32 --> Controller "App\Controllers\admin\Admin" loaded.
INFO - 2022-06-03 03:00:36 --> Session: Class initialized using 'CodeIgniter\Session\Handlers\FileHandler' driver.
INFO - 2022-06-03 03:00:36 --> Controller "App\Controllers\admin\Admin" loaded.
INFO - 2022-06-03 03:00:37 --> Session: Class initialized using 'CodeIgniter\Session\Handlers\FileHandler' driver.
INFO - 2022-06-03 03:00:37 --> Controller "App\Controllers\admin\Admin" loaded.
INFO - 2022-06-03 03:04:16 --> Controller "App\Controllers\base\Beranda" loaded.
INFO - 2022-06-03 03:04:25 --> Session: Class initialized using 'CodeIgniter\Session\Handlers\FileHandler' driver.
INFO - 2022-06-03 03:04:25 --> Controller "App\Controllers\base\Order" loaded.
INFO - 2022-06-03 03:04:48 --> Session: Class initialized using 'CodeIgniter\Session\Handlers\FileHandler' driver.
INFO - 2022-06-03 03:04:48 --> Controller "App\Controllers\base\Order" loaded.
INFO - 2022-06-03 03:05:11 --> Session: Class initialized using 'CodeIgniter\Session\Handlers\FileHandler' driver.
INFO - 2022-06-03 03:05:11 --> Controller "App\Controllers\base\Order" loaded.
INFO - 2022-06-03 03:05:37 --> Session: Class initialized using 'CodeIgniter\Session\Handlers\FileHandler' driver.
INFO - 2022-06-03 03:05:37 --> Controller "App\Controllers\base\Order" loaded.
INFO - 2022-06-03 03:05:58 --> Session: Class initialized using 'CodeIgniter\Session\Handlers\FileHandler' driver.
INFO - 2022-06-03 03:05:58 --> Controller "App\Controllers\base\Order" loaded.
INFO - 2022-06-03 03:05:59 --> Session: Class initialized using 'CodeIgniter\Session\Handlers\FileHandler' driver.
INFO - 2022-06-03 03:05:59 --> Controller "App\Controllers\base\Order" loaded.
INFO - 2022-06-03 03:07:01 --> Session: Class initialized using 'CodeIgniter\Session\Handlers\FileHandler' driver.
INFO - 2022-06-03 03:07:01 --> Controller "App\Controllers\base\Order" loaded.
INFO - 2022-06-03 03:07:48 --> Session: Class initialized using 'CodeIgniter\Session\Handlers\FileHandler' driver.
INFO - 2022-06-03 03:07:48 --> Controller "App\Controllers\base\Order" loaded.
INFO - 2022-06-03 03:07:48 --> Controller "App\Controllers\base\Beranda" loaded.
INFO - 2022-06-03 03:07:54 --> Session: Class initialized using 'CodeIgniter\Session\Handlers\FileHandler' driver.
INFO - 2022-06-03 03:07:54 --> Controller "App\Controllers\base\Order" loaded.
INFO - 2022-06-03 03:07:56 --> Session: Class initialized using 'CodeIgniter\Session\Handlers\FileHandler' driver.
INFO - 2022-06-03 03:07:56 --> Controller "App\Controllers\base\Order" loaded.
INFO - 2022-06-03 03:08:00 --> Session: Class initialized using 'CodeIgniter\Session\Handlers\FileHandler' driver.
INFO - 2022-06-03 03:08:00 --> Controller "App\Controllers\base\Order" loaded.
INFO - 2022-06-03 03:08:00 --> Session: Class initialized using 'CodeIgniter\Session\Handlers\FileHandler' driver.
INFO - 2022-06-03 03:08:00 --> Controller "App\Controllers\base\Order" loaded.
INFO - 2022-06-03 03:08:07 --> Session: Class initialized using 'CodeIgniter\Session\Handlers\FileHandler' driver.
INFO - 2022-06-03 03:08:07 --> Controller "App\Controllers\undangan\Undangan" loaded.
INFO - 2022-06-03 03:08:07 --> Session: Class initialized using 'CodeIgniter\Session\Handlers\FileHandler' driver.
INFO - 2022-06-03 03:08:07 --> Controller "App\Controllers\undangan\Undangan" loaded.
INFO - 2022-06-03 03:08:07 --> Session: Class initialized using 'CodeIgniter\Session\Handlers\FileHandler' driver.
INFO - 2022-06-03 03:08:07 --> Controller "App\Controllers\undangan\Undangan" loaded.
INFO - 2022-06-03 03:08:07 --> Session: Class initialized using 'CodeIgniter\Session\Handlers\FileHandler' driver.
INFO - 2022-06-03 03:08:07 --> Controller "App\Controllers\undangan\Undangan" loaded.
INFO - 2022-06-03 03:08:07 --> Session: Class initialized using 'CodeIgniter\Session\Handlers\FileHandler' driver.
INFO - 2022-06-03 03:08:07 --> Controller "App\Controllers\undangan\Undangan" loaded.
INFO - 2022-06-03 03:08:07 --> Session: Class initialized using 'CodeIgniter\Session\Handlers\FileHandler' driver.
INFO - 2022-06-03 03:08:07 --> Controller "App\Controllers\undangan\Undangan" loaded.
INFO - 2022-06-03 03:08:35 --> Session: Class initialized using 'CodeIgniter\Session\Handlers\FileHandler' driver.
INFO - 2022-06-03 03:08:35 --> Controller "App\Controllers\admin\Admin" loaded.
INFO - 2022-06-03 03:08:37 --> Session: Class initialized using 'CodeIgniter\Session\Handlers\FileHandler' driver.
INFO - 2022-06-03 03:08:37 --> Controller "App\Controllers\admin\Admin" loaded.
INFO - 2022-06-03 03:08:40 --> Session: Class initialized using 'CodeIgniter\Session\Handlers\FileHandler' driver.
INFO - 2022-06-03 03:08:40 --> Controller "App\Controllers\admin\Admin" loaded.
INFO - 2022-06-03 03:08:40 --> Session: Class initialized using 'CodeIgniter\Session\Handlers\FileHandler' driver.
INFO - 2022-06-03 03:08:40 --> Controller "App\Controllers\admin\Admin" loaded.
INFO - 2022-06-03 03:08:40 --> Session: Class initialized using 'CodeIgniter\Session\Handlers\FileHandler' driver.
INFO - 2022-06-03 03:08:40 --> Controller "App\Controllers\admin\Admin" loaded.
INFO - 2022-06-03 03:08:40 --> Session: Class initialized using 'CodeIgniter\Session\Handlers\FileHandler' driver.
INFO - 2022-06-03 03:08:40 --> Controller "App\Controllers\admin\Admin" loaded.
INFO - 2022-06-03 03:10:55 --> Session: Class initialized using 'CodeIgniter\Session\Handlers\FileHandler' driver.
INFO - 2022-06-03 03:10:55 --> Controller "App\Controllers\undangan\Undangan" loaded.
INFO - 2022-06-03 03:10:55 --> Session: Class initialized using 'CodeIgniter\Session\Handlers\FileHandler' driver.
INFO - 2022-06-03 03:10:55 --> Controller "App\Controllers\undangan\Undangan" loaded.
INFO - 2022-06-03 03:10:55 --> Session: Class initialized using 'CodeIgniter\Session\Handlers\FileHandler' driver.
INFO - 2022-06-03 03:10:55 --> Controller "App\Controllers\undangan\Undangan" loaded.
INFO - 2022-06-03 03:12:06 --> Session: Class initialized using 'CodeIgniter\Session\Handlers\FileHandler' driver.
INFO - 2022-06-03 03:12:06 --> Controller "App\Controllers\undangan\Undangan" loaded.
INFO - 2022-06-03 03:12:07 --> Session: Class initialized using 'CodeIgniter\Session\Handlers\FileHandler' driver.
INFO - 2022-06-03 03:12:07 --> Controller "App\Controllers\undangan\Undangan" loaded.
INFO - 2022-06-03 03:12:26 --> Session: Class initialized using 'CodeIgniter\Session\Handlers\FileHandler' driver.
INFO - 2022-06-03 03:12:26 --> Controller "App\Controllers\undangan\Undangan" loaded.
INFO - 2022-06-03 03:19:50 --> Session: Class initialized using 'CodeIgniter\Session\Handlers\FileHandler' driver.
INFO - 2022-06-03 03:19:50 --> Controller "App\Controllers\undangan\Undangan" loaded.
INFO - 2022-06-03 03:19:51 --> Session: Class initialized using 'CodeIgniter\Session\Handlers\FileHandler' driver.
INFO - 2022-06-03 03:19:51 --> Controller "App\Controllers\undangan\Undangan" loaded.
INFO - 2022-06-03 03:19:51 --> Session: Class initialized using 'CodeIgniter\Session\Handlers\FileHandler' driver.
INFO - 2022-06-03 03:19:51 --> Controller "App\Controllers\undangan\Undangan" loaded.
INFO - 2022-06-03 03:19:51 --> Session: Class initialized using 'CodeIgniter\Session\Handlers\FileHandler' driver.
INFO - 2022-06-03 03:19:51 --> Controller "App\Controllers\undangan\Undangan" loaded.
INFO - 2022-06-03 03:19:51 --> Session: Class initialized using 'CodeIgniter\Session\Handlers\FileHandler' driver.
INFO - 2022-06-03 03:19:51 --> Controller "App\Controllers\undangan\Undangan" loaded.
INFO - 2022-06-03 03:19:51 --> Session: Class initialized using 'CodeIgniter\Session\Handlers\FileHandler' driver.
INFO - 2022-06-03 03:19:51 --> Controller "App\Controllers\undangan\Undangan" loaded.
INFO - 2022-06-03 03:20:11 --> Session: Class initialized using 'CodeIgniter\Session\Handlers\FileHandler' driver.
INFO - 2022-06-03 03:20:11 --> Controller "App\Controllers\undangan\Undangan" loaded.
INFO - 2022-06-03 03:20:12 --> Session: Class initialized using 'CodeIgniter\Session\Handlers\FileHandler' driver.
INFO - 2022-06-03 03:20:12 --> Controller "App\Controllers\undangan\Undangan" loaded.
INFO - 2022-06-03 03:20:13 --> Session: Class initialized using 'CodeIgniter\Session\Handlers\FileHandler' driver.
INFO - 2022-06-03 03:20:13 --> Controller "App\Controllers\undangan\Undangan" loaded.
INFO - 2022-06-03 03:20:13 --> Session: Class initialized using 'CodeIgniter\Session\Handlers\FileHandler' driver.
INFO - 2022-06-03 03:20:13 --> Controller "App\Controllers\undangan\Undangan" loaded.
INFO - 2022-06-03 03:20:31 --> Session: Class initialized using 'CodeIgniter\Session\Handlers\FileHandler' driver.
INFO - 2022-06-03 03:20:31 --> Controller "App\Controllers\undangan\Undangan" loaded.
INFO - 2022-06-03 03:20:32 --> Session: Class initialized using 'CodeIgniter\Session\Handlers\FileHandler' driver.
INFO - 2022-06-03 03:20:32 --> Controller "App\Controllers\undangan\Undangan" loaded.
INFO - 2022-06-03 03:20:32 --> Session: Class initialized using 'CodeIgniter\Session\Handlers\FileHandler' driver.
INFO - 2022-06-03 03:20:32 --> Controller "App\Controllers\undangan\Undangan" loaded.
INFO - 2022-06-03 03:20:32 --> Session: Class initialized using 'CodeIgniter\Session\Handlers\FileHandler' driver.
INFO - 2022-06-03 03:20:32 --> Controller "App\Controllers\undangan\Undangan" loaded.
INFO - 2022-06-03 03:20:37 --> Session: Class initialized using 'CodeIgniter\Session\Handlers\FileHandler' driver.
INFO - 2022-06-03 03:20:37 --> Controller "App\Controllers\undangan\Undangan" loaded.
INFO - 2022-06-03 03:20:37 --> Session: Class initialized using 'CodeIgniter\Session\Handlers\FileHandler' driver.
INFO - 2022-06-03 03:20:37 --> Controller "App\Controllers\undangan\Undangan" loaded.
INFO - 2022-06-03 03:20:37 --> Session: Class initialized using 'CodeIgniter\Session\Handlers\FileHandler' driver.
INFO - 2022-06-03 03:20:37 --> Controller "App\Controllers\undangan\Undangan" loaded.
INFO - 2022-06-03 03:20:37 --> Session: Class initialized using 'CodeIgniter\Session\Handlers\FileHandler' driver.
INFO - 2022-06-03 03:20:37 --> Controller "App\Controllers\undangan\Undangan" loaded.
INFO - 2022-06-03 03:23:50 --> Session: Class initialized using 'CodeIgniter\Session\Handlers\FileHandler' driver.
INFO - 2022-06-03 03:23:50 --> Controller "App\Controllers\admin\Admin" loaded.
INFO - 2022-06-03 03:23:53 --> Session: Class initialized using 'CodeIgniter\Session\Handlers\FileHandler' driver.
INFO - 2022-06-03 03:23:53 --> Controller "App\Controllers\admin\Admin" loaded.
INFO - 2022-06-03 03:23:53 --> Session: Class initialized using 'CodeIgniter\Session\Handlers\FileHandler' driver.
INFO - 2022-06-03 03:23:53 --> Controller "App\Controllers\admin\Admin" loaded.
INFO - 2022-06-03 03:23:54 --> Session: Class initialized using 'CodeIgniter\Session\Handlers\FileHandler' driver.
INFO - 2022-06-03 03:23:54 --> Controller "App\Controllers\admin\Admin" loaded.
INFO - 2022-06-03 03:23:54 --> Session: Class initialized using 'CodeIgniter\Session\Handlers\FileHandler' driver.
INFO - 2022-06-03 03:23:54 --> Controller "App\Controllers\admin\Admin" loaded.
INFO - 2022-06-03 03:23:57 --> Session: Class initialized using 'CodeIgniter\Session\Handlers\FileHandler' driver.
INFO - 2022-06-03 03:23:57 --> Controller "App\Controllers\undangan\Undangan" loaded.
INFO - 2022-06-03 03:23:58 --> Session: Class initialized using 'CodeIgniter\Session\Handlers\FileHandler' driver.
INFO - 2022-06-03 03:23:58 --> Controller "App\Controllers\undangan\Undangan" loaded.
INFO - 2022-06-03 03:23:58 --> Session: Class initialized using 'CodeIgniter\Session\Handlers\FileHandler' driver.
INFO - 2022-06-03 03:23:58 --> Controller "App\Controllers\undangan\Undangan" loaded.
INFO - 2022-06-03 03:23:58 --> Session: Class initialized using 'CodeIgniter\Session\Handlers\FileHandler' driver.
INFO - 2022-06-03 03:23:58 --> Controller "App\Controllers\undangan\Undangan" loaded.
INFO - 2022-06-03 03:23:58 --> Session: Class initialized using 'CodeIgniter\Session\Handlers\FileHandler' driver.
INFO - 2022-06-03 03:23:58 --> Controller "App\Controllers\undangan\Undangan" loaded.
INFO - 2022-06-03 03:24:28 --> Controller "App\Controllers\base\Beranda" loaded.
INFO - 2022-06-03 03:24:48 --> Session: Class initialized using 'CodeIgniter\Session\Handlers\FileHandler' driver.
INFO - 2022-06-03 03:24:48 --> Controller "App\Controllers\admin\Admin" loaded.
INFO - 2022-06-03 03:24:52 --> Session: Class initialized using 'CodeIgniter\Session\Handlers\FileHandler' driver.
INFO - 2022-06-03 03:24:52 --> Controller "App\Controllers\admin\Admin" loaded.
INFO - 2022-06-03 03:24:52 --> Session: Class initialized using 'CodeIgniter\Session\Handlers\FileHandler' driver.
INFO - 2022-06-03 03:24:52 --> Controller "App\Controllers\admin\Admin" loaded.
INFO - 2022-06-03 03:24:52 --> Session: Class initialized using 'CodeIgniter\Session\Handlers\FileHandler' driver.
INFO - 2022-06-03 03:24:53 --> Controller "App\Controllers\admin\Admin" loaded.
INFO - 2022-06-03 03:24:54 --> Session: Class initialized using 'CodeIgniter\Session\Handlers\FileHandler' driver.
INFO - 2022-06-03 03:24:54 --> Controller "App\Controllers\undangan\Undangan" loaded.
INFO - 2022-06-03 03:24:54 --> Session: Class initialized using 'CodeIgniter\Session\Handlers\FileHandler' driver.
INFO - 2022-06-03 03:24:54 --> Controller "App\Controllers\undangan\Undangan" loaded.
INFO - 2022-06-03 03:24:55 --> Session: Class initialized using 'CodeIgniter\Session\Handlers\FileHandler' driver.
INFO - 2022-06-03 03:24:55 --> Controller "App\Controllers\undangan\Undangan" loaded.
INFO - 2022-06-03 03:24:55 --> Session: Class initialized using 'CodeIgniter\Session\Handlers\FileHandler' driver.
INFO - 2022-06-03 03:24:55 --> Controller "App\Controllers\undangan\Undangan" loaded.
INFO - 2022-06-03 05:04:33 --> Session: Class initialized using 'CodeIgniter\Session\Handlers\FileHandler' driver.
INFO - 2022-06-03 05:04:33 --> Controller "App\Controllers\undangan\Undangan" loaded.
